[12-Jan-2024 08:49:46 Asia/Jakarta] PHP Deprecated:  Using ${var} in strings is deprecated, use {$var} instead in /home/serveru1/apps.generasiandalan.id/laravel/vendor/dompdf/dompdf/src/Css/Style.php on line 2832
[12-Jan-2024 08:49:46 Asia/Jakarta] PHP Deprecated:  Using ${var} in strings is deprecated, use {$var} instead in /home/serveru1/apps.generasiandalan.id/laravel/vendor/dompdf/dompdf/src/Css/Style.php on line 2834
[12-Jan-2024 08:49:46 Asia/Jakarta] PHP Deprecated:  Using ${var} in strings is deprecated, use {$var} instead in /home/serveru1/apps.generasiandalan.id/laravel/vendor/dompdf/dompdf/src/Css/Style.php on line 2837
[12-Jan-2024 14:19:55 Asia/Jakarta] PHP Deprecated:  Using ${var} in strings is deprecated, use {$var} instead in /home/serveru1/apps.generasiandalan.id/laravel/vendor/dompdf/dompdf/src/Css/Style.php on line 2832
[12-Jan-2024 14:19:55 Asia/Jakarta] PHP Deprecated:  Using ${var} in strings is deprecated, use {$var} instead in /home/serveru1/apps.generasiandalan.id/laravel/vendor/dompdf/dompdf/src/Css/Style.php on line 2834
[12-Jan-2024 14:19:55 Asia/Jakarta] PHP Deprecated:  Using ${var} in strings is deprecated, use {$var} instead in /home/serveru1/apps.generasiandalan.id/laravel/vendor/dompdf/dompdf/src/Css/Style.php on line 2837
[15-Jan-2024 17:13:08 Asia/Jakarta] PHP Deprecated:  Using ${var} in strings is deprecated, use {$var} instead in /home/serveru1/apps.generasiandalan.id/laravel/vendor/dompdf/dompdf/src/Css/Style.php on line 2832
[15-Jan-2024 17:13:08 Asia/Jakarta] PHP Deprecated:  Using ${var} in strings is deprecated, use {$var} instead in /home/serveru1/apps.generasiandalan.id/laravel/vendor/dompdf/dompdf/src/Css/Style.php on line 2834
[15-Jan-2024 17:13:08 Asia/Jakarta] PHP Deprecated:  Using ${var} in strings is deprecated, use {$var} instead in /home/serveru1/apps.generasiandalan.id/laravel/vendor/dompdf/dompdf/src/Css/Style.php on line 2837
[24-Jan-2024 10:03:08 Asia/Jakarta] PHP Warning:  require(/home/serveru1/apps.generasiandalan.id/laravel/vendor/autoload.php): Failed to open stream: No such file or directory in /home/serveru1/apps.generasiandalan.id/index.php on line 34
[24-Jan-2024 10:03:08 Asia/Jakarta] PHP Fatal error:  Uncaught Error: Failed opening required '/home/serveru1/apps.generasiandalan.id/laravel/vendor/autoload.php' (include_path='.:/opt/alt/php82/usr/share/pear:/opt/alt/php82/usr/share/php:/usr/share/pear:/usr/share/php') in /home/serveru1/apps.generasiandalan.id/index.php:34
Stack trace:
#0 {main}
  thrown in /home/serveru1/apps.generasiandalan.id/index.php on line 34
[24-Jan-2024 10:03:14 Asia/Jakarta] PHP Warning:  require(/home/serveru1/apps.generasiandalan.id/laravel/vendor/autoload.php): Failed to open stream: No such file or directory in /home/serveru1/apps.generasiandalan.id/index.php on line 34
[24-Jan-2024 10:03:14 Asia/Jakarta] PHP Fatal error:  Uncaught Error: Failed opening required '/home/serveru1/apps.generasiandalan.id/laravel/vendor/autoload.php' (include_path='.:/opt/alt/php82/usr/share/pear:/opt/alt/php82/usr/share/php:/usr/share/pear:/usr/share/php') in /home/serveru1/apps.generasiandalan.id/index.php:34
Stack trace:
#0 {main}
  thrown in /home/serveru1/apps.generasiandalan.id/index.php on line 34
[24-Jan-2024 14:01:28 Asia/Jakarta] PHP Warning:  require(/home/serveru1/apps.generasiandalan.id/laravel/vendor/autoload.php): Failed to open stream: No such file or directory in /home/serveru1/apps.generasiandalan.id/index.php on line 34
[24-Jan-2024 14:01:28 Asia/Jakarta] PHP Fatal error:  Uncaught Error: Failed opening required '/home/serveru1/apps.generasiandalan.id/laravel/vendor/autoload.php' (include_path='.:/opt/alt/php82/usr/share/pear:/opt/alt/php82/usr/share/php:/usr/share/pear:/usr/share/php') in /home/serveru1/apps.generasiandalan.id/index.php:34
Stack trace:
#0 {main}
  thrown in /home/serveru1/apps.generasiandalan.id/index.php on line 34
[24-Jan-2024 14:01:30 Asia/Jakarta] PHP Warning:  require(/home/serveru1/apps.generasiandalan.id/laravel/vendor/autoload.php): Failed to open stream: No such file or directory in /home/serveru1/apps.generasiandalan.id/index.php on line 34
[24-Jan-2024 14:01:30 Asia/Jakarta] PHP Fatal error:  Uncaught Error: Failed opening required '/home/serveru1/apps.generasiandalan.id/laravel/vendor/autoload.php' (include_path='.:/opt/alt/php82/usr/share/pear:/opt/alt/php82/usr/share/php:/usr/share/pear:/usr/share/php') in /home/serveru1/apps.generasiandalan.id/index.php:34
Stack trace:
#0 {main}
  thrown in /home/serveru1/apps.generasiandalan.id/index.php on line 34
[24-Jan-2024 14:01:31 Asia/Jakarta] PHP Warning:  require(/home/serveru1/apps.generasiandalan.id/laravel/vendor/autoload.php): Failed to open stream: No such file or directory in /home/serveru1/apps.generasiandalan.id/index.php on line 34
[24-Jan-2024 14:01:31 Asia/Jakarta] PHP Fatal error:  Uncaught Error: Failed opening required '/home/serveru1/apps.generasiandalan.id/laravel/vendor/autoload.php' (include_path='.:/opt/alt/php82/usr/share/pear:/opt/alt/php82/usr/share/php:/usr/share/pear:/usr/share/php') in /home/serveru1/apps.generasiandalan.id/index.php:34
Stack trace:
#0 {main}
  thrown in /home/serveru1/apps.generasiandalan.id/index.php on line 34
[24-Jan-2024 14:01:33 Asia/Jakarta] PHP Warning:  require(/home/serveru1/apps.generasiandalan.id/laravel/vendor/autoload.php): Failed to open stream: No such file or directory in /home/serveru1/apps.generasiandalan.id/index.php on line 34
[24-Jan-2024 14:01:33 Asia/Jakarta] PHP Fatal error:  Uncaught Error: Failed opening required '/home/serveru1/apps.generasiandalan.id/laravel/vendor/autoload.php' (include_path='.:/opt/alt/php82/usr/share/pear:/opt/alt/php82/usr/share/php:/usr/share/pear:/usr/share/php') in /home/serveru1/apps.generasiandalan.id/index.php:34
Stack trace:
#0 {main}
  thrown in /home/serveru1/apps.generasiandalan.id/index.php on line 34
[24-Jan-2024 14:01:38 Asia/Jakarta] PHP Warning:  require(/home/serveru1/apps.generasiandalan.id/laravel/vendor/autoload.php): Failed to open stream: No such file or directory in /home/serveru1/apps.generasiandalan.id/index.php on line 34
[24-Jan-2024 14:01:38 Asia/Jakarta] PHP Fatal error:  Uncaught Error: Failed opening required '/home/serveru1/apps.generasiandalan.id/laravel/vendor/autoload.php' (include_path='.:/opt/alt/php82/usr/share/pear:/opt/alt/php82/usr/share/php:/usr/share/pear:/usr/share/php') in /home/serveru1/apps.generasiandalan.id/index.php:34
Stack trace:
#0 {main}
  thrown in /home/serveru1/apps.generasiandalan.id/index.php on line 34
[24-Jan-2024 14:01:44 Asia/Jakarta] PHP Warning:  require(/home/serveru1/apps.generasiandalan.id/laravel/vendor/autoload.php): Failed to open stream: No such file or directory in /home/serveru1/apps.generasiandalan.id/index.php on line 34
[24-Jan-2024 14:01:44 Asia/Jakarta] PHP Fatal error:  Uncaught Error: Failed opening required '/home/serveru1/apps.generasiandalan.id/laravel/vendor/autoload.php' (include_path='.:/opt/alt/php82/usr/share/pear:/opt/alt/php82/usr/share/php:/usr/share/pear:/usr/share/php') in /home/serveru1/apps.generasiandalan.id/index.php:34
Stack trace:
#0 {main}
  thrown in /home/serveru1/apps.generasiandalan.id/index.php on line 34
[24-Jan-2024 14:01:53 Asia/Jakarta] PHP Warning:  require(/home/serveru1/apps.generasiandalan.id/laravel/vendor/autoload.php): Failed to open stream: No such file or directory in /home/serveru1/apps.generasiandalan.id/index.php on line 34
[24-Jan-2024 14:01:53 Asia/Jakarta] PHP Fatal error:  Uncaught Error: Failed opening required '/home/serveru1/apps.generasiandalan.id/laravel/vendor/autoload.php' (include_path='.:/opt/alt/php82/usr/share/pear:/opt/alt/php82/usr/share/php:/usr/share/pear:/usr/share/php') in /home/serveru1/apps.generasiandalan.id/index.php:34
Stack trace:
#0 {main}
  thrown in /home/serveru1/apps.generasiandalan.id/index.php on line 34
[24-Jan-2024 14:02:00 Asia/Jakarta] PHP Warning:  require(/home/serveru1/apps.generasiandalan.id/laravel/vendor/autoload.php): Failed to open stream: No such file or directory in /home/serveru1/apps.generasiandalan.id/index.php on line 34
[24-Jan-2024 14:02:00 Asia/Jakarta] PHP Fatal error:  Uncaught Error: Failed opening required '/home/serveru1/apps.generasiandalan.id/laravel/vendor/autoload.php' (include_path='.:/opt/alt/php82/usr/share/pear:/opt/alt/php82/usr/share/php:/usr/share/pear:/usr/share/php') in /home/serveru1/apps.generasiandalan.id/index.php:34
Stack trace:
#0 {main}
  thrown in /home/serveru1/apps.generasiandalan.id/index.php on line 34
[24-Jan-2024 14:02:07 Asia/Jakarta] PHP Warning:  require(/home/serveru1/apps.generasiandalan.id/laravel/vendor/autoload.php): Failed to open stream: No such file or directory in /home/serveru1/apps.generasiandalan.id/index.php on line 34
[24-Jan-2024 14:02:07 Asia/Jakarta] PHP Fatal error:  Uncaught Error: Failed opening required '/home/serveru1/apps.generasiandalan.id/laravel/vendor/autoload.php' (include_path='.:/opt/alt/php82/usr/share/pear:/opt/alt/php82/usr/share/php:/usr/share/pear:/usr/share/php') in /home/serveru1/apps.generasiandalan.id/index.php:34
Stack trace:
#0 {main}
  thrown in /home/serveru1/apps.generasiandalan.id/index.php on line 34
[24-Jan-2024 14:02:18 Asia/Jakarta] PHP Warning:  require(/home/serveru1/apps.generasiandalan.id/laravel/vendor/autoload.php): Failed to open stream: No such file or directory in /home/serveru1/apps.generasiandalan.id/index.php on line 34
[24-Jan-2024 14:02:18 Asia/Jakarta] PHP Fatal error:  Uncaught Error: Failed opening required '/home/serveru1/apps.generasiandalan.id/laravel/vendor/autoload.php' (include_path='.:/opt/alt/php82/usr/share/pear:/opt/alt/php82/usr/share/php:/usr/share/pear:/usr/share/php') in /home/serveru1/apps.generasiandalan.id/index.php:34
Stack trace:
#0 {main}
  thrown in /home/serveru1/apps.generasiandalan.id/index.php on line 34
[24-Jan-2024 14:02:18 Asia/Jakarta] PHP Warning:  require(/home/serveru1/apps.generasiandalan.id/laravel/vendor/autoload.php): Failed to open stream: No such file or directory in /home/serveru1/apps.generasiandalan.id/index.php on line 34
[24-Jan-2024 14:02:18 Asia/Jakarta] PHP Fatal error:  Uncaught Error: Failed opening required '/home/serveru1/apps.generasiandalan.id/laravel/vendor/autoload.php' (include_path='.:/opt/alt/php82/usr/share/pear:/opt/alt/php82/usr/share/php:/usr/share/pear:/usr/share/php') in /home/serveru1/apps.generasiandalan.id/index.php:34
Stack trace:
#0 {main}
  thrown in /home/serveru1/apps.generasiandalan.id/index.php on line 34
[24-Jan-2024 14:02:22 Asia/Jakarta] PHP Warning:  require(/home/serveru1/apps.generasiandalan.id/laravel/vendor/autoload.php): Failed to open stream: No such file or directory in /home/serveru1/apps.generasiandalan.id/index.php on line 34
[24-Jan-2024 14:02:22 Asia/Jakarta] PHP Fatal error:  Uncaught Error: Failed opening required '/home/serveru1/apps.generasiandalan.id/laravel/vendor/autoload.php' (include_path='.:/opt/alt/php82/usr/share/pear:/opt/alt/php82/usr/share/php:/usr/share/pear:/usr/share/php') in /home/serveru1/apps.generasiandalan.id/index.php:34
Stack trace:
#0 {main}
  thrown in /home/serveru1/apps.generasiandalan.id/index.php on line 34
[24-Jan-2024 14:02:24 Asia/Jakarta] PHP Warning:  require(/home/serveru1/apps.generasiandalan.id/laravel/vendor/autoload.php): Failed to open stream: No such file or directory in /home/serveru1/apps.generasiandalan.id/index.php on line 34
[24-Jan-2024 14:02:24 Asia/Jakarta] PHP Fatal error:  Uncaught Error: Failed opening required '/home/serveru1/apps.generasiandalan.id/laravel/vendor/autoload.php' (include_path='.:/opt/alt/php82/usr/share/pear:/opt/alt/php82/usr/share/php:/usr/share/pear:/usr/share/php') in /home/serveru1/apps.generasiandalan.id/index.php:34
Stack trace:
#0 {main}
  thrown in /home/serveru1/apps.generasiandalan.id/index.php on line 34
[24-Jan-2024 14:02:32 Asia/Jakarta] PHP Warning:  require(/home/serveru1/apps.generasiandalan.id/laravel/vendor/autoload.php): Failed to open stream: No such file or directory in /home/serveru1/apps.generasiandalan.id/index.php on line 34
[24-Jan-2024 14:02:32 Asia/Jakarta] PHP Fatal error:  Uncaught Error: Failed opening required '/home/serveru1/apps.generasiandalan.id/laravel/vendor/autoload.php' (include_path='.:/opt/alt/php82/usr/share/pear:/opt/alt/php82/usr/share/php:/usr/share/pear:/usr/share/php') in /home/serveru1/apps.generasiandalan.id/index.php:34
Stack trace:
#0 {main}
  thrown in /home/serveru1/apps.generasiandalan.id/index.php on line 34
[24-Jan-2024 14:02:34 Asia/Jakarta] PHP Warning:  require(/home/serveru1/apps.generasiandalan.id/laravel/vendor/autoload.php): Failed to open stream: No such file or directory in /home/serveru1/apps.generasiandalan.id/index.php on line 34
[24-Jan-2024 14:02:34 Asia/Jakarta] PHP Fatal error:  Uncaught Error: Failed opening required '/home/serveru1/apps.generasiandalan.id/laravel/vendor/autoload.php' (include_path='.:/opt/alt/php82/usr/share/pear:/opt/alt/php82/usr/share/php:/usr/share/pear:/usr/share/php') in /home/serveru1/apps.generasiandalan.id/index.php:34
Stack trace:
#0 {main}
  thrown in /home/serveru1/apps.generasiandalan.id/index.php on line 34
[24-Jan-2024 14:02:41 Asia/Jakarta] PHP Warning:  require(/home/serveru1/apps.generasiandalan.id/laravel/vendor/autoload.php): Failed to open stream: No such file or directory in /home/serveru1/apps.generasiandalan.id/index.php on line 34
[24-Jan-2024 14:02:41 Asia/Jakarta] PHP Fatal error:  Uncaught Error: Failed opening required '/home/serveru1/apps.generasiandalan.id/laravel/vendor/autoload.php' (include_path='.:/opt/alt/php82/usr/share/pear:/opt/alt/php82/usr/share/php:/usr/share/pear:/usr/share/php') in /home/serveru1/apps.generasiandalan.id/index.php:34
Stack trace:
#0 {main}
  thrown in /home/serveru1/apps.generasiandalan.id/index.php on line 34
[24-Jan-2024 14:02:42 Asia/Jakarta] PHP Warning:  require(/home/serveru1/apps.generasiandalan.id/laravel/vendor/autoload.php): Failed to open stream: No such file or directory in /home/serveru1/apps.generasiandalan.id/index.php on line 34
[24-Jan-2024 14:02:42 Asia/Jakarta] PHP Fatal error:  Uncaught Error: Failed opening required '/home/serveru1/apps.generasiandalan.id/laravel/vendor/autoload.php' (include_path='.:/opt/alt/php82/usr/share/pear:/opt/alt/php82/usr/share/php:/usr/share/pear:/usr/share/php') in /home/serveru1/apps.generasiandalan.id/index.php:34
Stack trace:
#0 {main}
  thrown in /home/serveru1/apps.generasiandalan.id/index.php on line 34
[24-Jan-2024 14:02:42 Asia/Jakarta] PHP Warning:  require(/home/serveru1/apps.generasiandalan.id/laravel/vendor/autoload.php): Failed to open stream: No such file or directory in /home/serveru1/apps.generasiandalan.id/index.php on line 34
[24-Jan-2024 14:02:42 Asia/Jakarta] PHP Fatal error:  Uncaught Error: Failed opening required '/home/serveru1/apps.generasiandalan.id/laravel/vendor/autoload.php' (include_path='.:/opt/alt/php82/usr/share/pear:/opt/alt/php82/usr/share/php:/usr/share/pear:/usr/share/php') in /home/serveru1/apps.generasiandalan.id/index.php:34
Stack trace:
#0 {main}
  thrown in /home/serveru1/apps.generasiandalan.id/index.php on line 34
[24-Jan-2024 14:02:45 Asia/Jakarta] PHP Warning:  require(/home/serveru1/apps.generasiandalan.id/laravel/vendor/autoload.php): Failed to open stream: No such file or directory in /home/serveru1/apps.generasiandalan.id/index.php on line 34
[24-Jan-2024 14:02:45 Asia/Jakarta] PHP Fatal error:  Uncaught Error: Failed opening required '/home/serveru1/apps.generasiandalan.id/laravel/vendor/autoload.php' (include_path='.:/opt/alt/php82/usr/share/pear:/opt/alt/php82/usr/share/php:/usr/share/pear:/usr/share/php') in /home/serveru1/apps.generasiandalan.id/index.php:34
Stack trace:
#0 {main}
  thrown in /home/serveru1/apps.generasiandalan.id/index.php on line 34
[24-Jan-2024 14:02:47 Asia/Jakarta] PHP Warning:  require(/home/serveru1/apps.generasiandalan.id/laravel/vendor/autoload.php): Failed to open stream: No such file or directory in /home/serveru1/apps.generasiandalan.id/index.php on line 34
[24-Jan-2024 14:02:47 Asia/Jakarta] PHP Fatal error:  Uncaught Error: Failed opening required '/home/serveru1/apps.generasiandalan.id/laravel/vendor/autoload.php' (include_path='.:/opt/alt/php82/usr/share/pear:/opt/alt/php82/usr/share/php:/usr/share/pear:/usr/share/php') in /home/serveru1/apps.generasiandalan.id/index.php:34
Stack trace:
#0 {main}
  thrown in /home/serveru1/apps.generasiandalan.id/index.php on line 34
[24-Jan-2024 14:02:59 Asia/Jakarta] PHP Warning:  require(/home/serveru1/apps.generasiandalan.id/laravel/vendor/autoload.php): Failed to open stream: No such file or directory in /home/serveru1/apps.generasiandalan.id/index.php on line 34
[24-Jan-2024 14:02:59 Asia/Jakarta] PHP Fatal error:  Uncaught Error: Failed opening required '/home/serveru1/apps.generasiandalan.id/laravel/vendor/autoload.php' (include_path='.:/opt/alt/php82/usr/share/pear:/opt/alt/php82/usr/share/php:/usr/share/pear:/usr/share/php') in /home/serveru1/apps.generasiandalan.id/index.php:34
Stack trace:
#0 {main}
  thrown in /home/serveru1/apps.generasiandalan.id/index.php on line 34
[24-Jan-2024 14:03:07 Asia/Jakarta] PHP Warning:  require(/home/serveru1/apps.generasiandalan.id/laravel/vendor/autoload.php): Failed to open stream: No such file or directory in /home/serveru1/apps.generasiandalan.id/index.php on line 34
[24-Jan-2024 14:03:07 Asia/Jakarta] PHP Fatal error:  Uncaught Error: Failed opening required '/home/serveru1/apps.generasiandalan.id/laravel/vendor/autoload.php' (include_path='.:/opt/alt/php82/usr/share/pear:/opt/alt/php82/usr/share/php:/usr/share/pear:/usr/share/php') in /home/serveru1/apps.generasiandalan.id/index.php:34
Stack trace:
#0 {main}
  thrown in /home/serveru1/apps.generasiandalan.id/index.php on line 34
[24-Jan-2024 14:03:29 Asia/Jakarta] PHP Warning:  require(/home/serveru1/apps.generasiandalan.id/laravel/vendor/autoload.php): Failed to open stream: No such file or directory in /home/serveru1/apps.generasiandalan.id/index.php on line 34
[24-Jan-2024 14:03:29 Asia/Jakarta] PHP Fatal error:  Uncaught Error: Failed opening required '/home/serveru1/apps.generasiandalan.id/laravel/vendor/autoload.php' (include_path='.:/opt/alt/php82/usr/share/pear:/opt/alt/php82/usr/share/php:/usr/share/pear:/usr/share/php') in /home/serveru1/apps.generasiandalan.id/index.php:34
Stack trace:
#0 {main}
  thrown in /home/serveru1/apps.generasiandalan.id/index.php on line 34
[24-Jan-2024 14:03:30 Asia/Jakarta] PHP Warning:  require(/home/serveru1/apps.generasiandalan.id/laravel/vendor/autoload.php): Failed to open stream: No such file or directory in /home/serveru1/apps.generasiandalan.id/index.php on line 34
[24-Jan-2024 14:03:30 Asia/Jakarta] PHP Fatal error:  Uncaught Error: Failed opening required '/home/serveru1/apps.generasiandalan.id/laravel/vendor/autoload.php' (include_path='.:/opt/alt/php82/usr/share/pear:/opt/alt/php82/usr/share/php:/usr/share/pear:/usr/share/php') in /home/serveru1/apps.generasiandalan.id/index.php:34
Stack trace:
#0 {main}
  thrown in /home/serveru1/apps.generasiandalan.id/index.php on line 34
[24-Jan-2024 14:03:32 Asia/Jakarta] PHP Warning:  require(/home/serveru1/apps.generasiandalan.id/laravel/vendor/autoload.php): Failed to open stream: No such file or directory in /home/serveru1/apps.generasiandalan.id/index.php on line 34
[24-Jan-2024 14:03:32 Asia/Jakarta] PHP Fatal error:  Uncaught Error: Failed opening required '/home/serveru1/apps.generasiandalan.id/laravel/vendor/autoload.php' (include_path='.:/opt/alt/php82/usr/share/pear:/opt/alt/php82/usr/share/php:/usr/share/pear:/usr/share/php') in /home/serveru1/apps.generasiandalan.id/index.php:34
Stack trace:
#0 {main}
  thrown in /home/serveru1/apps.generasiandalan.id/index.php on line 34
[24-Jan-2024 14:03:33 Asia/Jakarta] PHP Warning:  require(/home/serveru1/apps.generasiandalan.id/laravel/vendor/autoload.php): Failed to open stream: No such file or directory in /home/serveru1/apps.generasiandalan.id/index.php on line 34
[24-Jan-2024 14:03:33 Asia/Jakarta] PHP Fatal error:  Uncaught Error: Failed opening required '/home/serveru1/apps.generasiandalan.id/laravel/vendor/autoload.php' (include_path='.:/opt/alt/php82/usr/share/pear:/opt/alt/php82/usr/share/php:/usr/share/pear:/usr/share/php') in /home/serveru1/apps.generasiandalan.id/index.php:34
Stack trace:
#0 {main}
  thrown in /home/serveru1/apps.generasiandalan.id/index.php on line 34
[24-Jan-2024 14:03:33 Asia/Jakarta] PHP Warning:  require(/home/serveru1/apps.generasiandalan.id/laravel/vendor/autoload.php): Failed to open stream: No such file or directory in /home/serveru1/apps.generasiandalan.id/index.php on line 34
[24-Jan-2024 14:03:33 Asia/Jakarta] PHP Fatal error:  Uncaught Error: Failed opening required '/home/serveru1/apps.generasiandalan.id/laravel/vendor/autoload.php' (include_path='.:/opt/alt/php82/usr/share/pear:/opt/alt/php82/usr/share/php:/usr/share/pear:/usr/share/php') in /home/serveru1/apps.generasiandalan.id/index.php:34
Stack trace:
#0 {main}
  thrown in /home/serveru1/apps.generasiandalan.id/index.php on line 34
[24-Jan-2024 14:03:35 Asia/Jakarta] PHP Warning:  require(/home/serveru1/apps.generasiandalan.id/laravel/vendor/autoload.php): Failed to open stream: No such file or directory in /home/serveru1/apps.generasiandalan.id/index.php on line 34
[24-Jan-2024 14:03:35 Asia/Jakarta] PHP Fatal error:  Uncaught Error: Failed opening required '/home/serveru1/apps.generasiandalan.id/laravel/vendor/autoload.php' (include_path='.:/opt/alt/php82/usr/share/pear:/opt/alt/php82/usr/share/php:/usr/share/pear:/usr/share/php') in /home/serveru1/apps.generasiandalan.id/index.php:34
Stack trace:
#0 {main}
  thrown in /home/serveru1/apps.generasiandalan.id/index.php on line 34
[24-Jan-2024 14:03:40 Asia/Jakarta] PHP Warning:  require(/home/serveru1/apps.generasiandalan.id/laravel/vendor/autoload.php): Failed to open stream: No such file or directory in /home/serveru1/apps.generasiandalan.id/index.php on line 34
[24-Jan-2024 14:03:40 Asia/Jakarta] PHP Fatal error:  Uncaught Error: Failed opening required '/home/serveru1/apps.generasiandalan.id/laravel/vendor/autoload.php' (include_path='.:/opt/alt/php82/usr/share/pear:/opt/alt/php82/usr/share/php:/usr/share/pear:/usr/share/php') in /home/serveru1/apps.generasiandalan.id/index.php:34
Stack trace:
#0 {main}
  thrown in /home/serveru1/apps.generasiandalan.id/index.php on line 34
[24-Jan-2024 14:03:42 Asia/Jakarta] PHP Warning:  require(/home/serveru1/apps.generasiandalan.id/laravel/vendor/autoload.php): Failed to open stream: No such file or directory in /home/serveru1/apps.generasiandalan.id/index.php on line 34
[24-Jan-2024 14:03:42 Asia/Jakarta] PHP Fatal error:  Uncaught Error: Failed opening required '/home/serveru1/apps.generasiandalan.id/laravel/vendor/autoload.php' (include_path='.:/opt/alt/php82/usr/share/pear:/opt/alt/php82/usr/share/php:/usr/share/pear:/usr/share/php') in /home/serveru1/apps.generasiandalan.id/index.php:34
Stack trace:
#0 {main}
  thrown in /home/serveru1/apps.generasiandalan.id/index.php on line 34
[24-Jan-2024 14:03:48 Asia/Jakarta] PHP Warning:  require(/home/serveru1/apps.generasiandalan.id/laravel/vendor/autoload.php): Failed to open stream: No such file or directory in /home/serveru1/apps.generasiandalan.id/index.php on line 34
[24-Jan-2024 14:03:48 Asia/Jakarta] PHP Fatal error:  Uncaught Error: Failed opening required '/home/serveru1/apps.generasiandalan.id/laravel/vendor/autoload.php' (include_path='.:/opt/alt/php82/usr/share/pear:/opt/alt/php82/usr/share/php:/usr/share/pear:/usr/share/php') in /home/serveru1/apps.generasiandalan.id/index.php:34
Stack trace:
#0 {main}
  thrown in /home/serveru1/apps.generasiandalan.id/index.php on line 34
[24-Jan-2024 14:03:55 Asia/Jakarta] PHP Warning:  require(/home/serveru1/apps.generasiandalan.id/laravel/vendor/autoload.php): Failed to open stream: No such file or directory in /home/serveru1/apps.generasiandalan.id/index.php on line 34
[24-Jan-2024 14:03:55 Asia/Jakarta] PHP Fatal error:  Uncaught Error: Failed opening required '/home/serveru1/apps.generasiandalan.id/laravel/vendor/autoload.php' (include_path='.:/opt/alt/php82/usr/share/pear:/opt/alt/php82/usr/share/php:/usr/share/pear:/usr/share/php') in /home/serveru1/apps.generasiandalan.id/index.php:34
Stack trace:
#0 {main}
  thrown in /home/serveru1/apps.generasiandalan.id/index.php on line 34
[24-Jan-2024 14:03:58 Asia/Jakarta] PHP Warning:  require(/home/serveru1/apps.generasiandalan.id/laravel/vendor/autoload.php): Failed to open stream: No such file or directory in /home/serveru1/apps.generasiandalan.id/index.php on line 34
[24-Jan-2024 14:03:58 Asia/Jakarta] PHP Fatal error:  Uncaught Error: Failed opening required '/home/serveru1/apps.generasiandalan.id/laravel/vendor/autoload.php' (include_path='.:/opt/alt/php82/usr/share/pear:/opt/alt/php82/usr/share/php:/usr/share/pear:/usr/share/php') in /home/serveru1/apps.generasiandalan.id/index.php:34
Stack trace:
#0 {main}
  thrown in /home/serveru1/apps.generasiandalan.id/index.php on line 34
[24-Jan-2024 14:04:02 Asia/Jakarta] PHP Warning:  require(/home/serveru1/apps.generasiandalan.id/laravel/vendor/autoload.php): Failed to open stream: No such file or directory in /home/serveru1/apps.generasiandalan.id/index.php on line 34
[24-Jan-2024 14:04:02 Asia/Jakarta] PHP Fatal error:  Uncaught Error: Failed opening required '/home/serveru1/apps.generasiandalan.id/laravel/vendor/autoload.php' (include_path='.:/opt/alt/php82/usr/share/pear:/opt/alt/php82/usr/share/php:/usr/share/pear:/usr/share/php') in /home/serveru1/apps.generasiandalan.id/index.php:34
Stack trace:
#0 {main}
  thrown in /home/serveru1/apps.generasiandalan.id/index.php on line 34
[24-Jan-2024 14:04:09 Asia/Jakarta] PHP Warning:  require(/home/serveru1/apps.generasiandalan.id/laravel/vendor/autoload.php): Failed to open stream: No such file or directory in /home/serveru1/apps.generasiandalan.id/index.php on line 34
[24-Jan-2024 14:04:09 Asia/Jakarta] PHP Fatal error:  Uncaught Error: Failed opening required '/home/serveru1/apps.generasiandalan.id/laravel/vendor/autoload.php' (include_path='.:/opt/alt/php82/usr/share/pear:/opt/alt/php82/usr/share/php:/usr/share/pear:/usr/share/php') in /home/serveru1/apps.generasiandalan.id/index.php:34
Stack trace:
#0 {main}
  thrown in /home/serveru1/apps.generasiandalan.id/index.php on line 34
[24-Jan-2024 14:04:22 Asia/Jakarta] PHP Warning:  require(/home/serveru1/apps.generasiandalan.id/laravel/vendor/autoload.php): Failed to open stream: No such file or directory in /home/serveru1/apps.generasiandalan.id/index.php on line 34
[24-Jan-2024 14:04:22 Asia/Jakarta] PHP Fatal error:  Uncaught Error: Failed opening required '/home/serveru1/apps.generasiandalan.id/laravel/vendor/autoload.php' (include_path='.:/opt/alt/php82/usr/share/pear:/opt/alt/php82/usr/share/php:/usr/share/pear:/usr/share/php') in /home/serveru1/apps.generasiandalan.id/index.php:34
Stack trace:
#0 {main}
  thrown in /home/serveru1/apps.generasiandalan.id/index.php on line 34
[24-Jan-2024 14:04:22 Asia/Jakarta] PHP Warning:  require(/home/serveru1/apps.generasiandalan.id/laravel/vendor/autoload.php): Failed to open stream: No such file or directory in /home/serveru1/apps.generasiandalan.id/index.php on line 34
[24-Jan-2024 14:04:22 Asia/Jakarta] PHP Fatal error:  Uncaught Error: Failed opening required '/home/serveru1/apps.generasiandalan.id/laravel/vendor/autoload.php' (include_path='.:/opt/alt/php82/usr/share/pear:/opt/alt/php82/usr/share/php:/usr/share/pear:/usr/share/php') in /home/serveru1/apps.generasiandalan.id/index.php:34
Stack trace:
#0 {main}
  thrown in /home/serveru1/apps.generasiandalan.id/index.php on line 34
[24-Jan-2024 14:04:23 Asia/Jakarta] PHP Warning:  require(/home/serveru1/apps.generasiandalan.id/laravel/vendor/autoload.php): Failed to open stream: No such file or directory in /home/serveru1/apps.generasiandalan.id/index.php on line 34
[24-Jan-2024 14:04:23 Asia/Jakarta] PHP Fatal error:  Uncaught Error: Failed opening required '/home/serveru1/apps.generasiandalan.id/laravel/vendor/autoload.php' (include_path='.:/opt/alt/php82/usr/share/pear:/opt/alt/php82/usr/share/php:/usr/share/pear:/usr/share/php') in /home/serveru1/apps.generasiandalan.id/index.php:34
Stack trace:
#0 {main}
  thrown in /home/serveru1/apps.generasiandalan.id/index.php on line 34
[24-Jan-2024 14:04:28 Asia/Jakarta] PHP Warning:  require(/home/serveru1/apps.generasiandalan.id/laravel/vendor/autoload.php): Failed to open stream: No such file or directory in /home/serveru1/apps.generasiandalan.id/index.php on line 34
[24-Jan-2024 14:04:28 Asia/Jakarta] PHP Fatal error:  Uncaught Error: Failed opening required '/home/serveru1/apps.generasiandalan.id/laravel/vendor/autoload.php' (include_path='.:/opt/alt/php82/usr/share/pear:/opt/alt/php82/usr/share/php:/usr/share/pear:/usr/share/php') in /home/serveru1/apps.generasiandalan.id/index.php:34
Stack trace:
#0 {main}
  thrown in /home/serveru1/apps.generasiandalan.id/index.php on line 34
[24-Jan-2024 14:04:29 Asia/Jakarta] PHP Warning:  require(/home/serveru1/apps.generasiandalan.id/laravel/vendor/autoload.php): Failed to open stream: No such file or directory in /home/serveru1/apps.generasiandalan.id/index.php on line 34
[24-Jan-2024 14:04:29 Asia/Jakarta] PHP Fatal error:  Uncaught Error: Failed opening required '/home/serveru1/apps.generasiandalan.id/laravel/vendor/autoload.php' (include_path='.:/opt/alt/php82/usr/share/pear:/opt/alt/php82/usr/share/php:/usr/share/pear:/usr/share/php') in /home/serveru1/apps.generasiandalan.id/index.php:34
Stack trace:
#0 {main}
  thrown in /home/serveru1/apps.generasiandalan.id/index.php on line 34
[24-Jan-2024 14:04:43 Asia/Jakarta] PHP Warning:  require(/home/serveru1/apps.generasiandalan.id/laravel/vendor/autoload.php): Failed to open stream: No such file or directory in /home/serveru1/apps.generasiandalan.id/index.php on line 34
[24-Jan-2024 14:04:43 Asia/Jakarta] PHP Fatal error:  Uncaught Error: Failed opening required '/home/serveru1/apps.generasiandalan.id/laravel/vendor/autoload.php' (include_path='.:/opt/alt/php82/usr/share/pear:/opt/alt/php82/usr/share/php:/usr/share/pear:/usr/share/php') in /home/serveru1/apps.generasiandalan.id/index.php:34
Stack trace:
#0 {main}
  thrown in /home/serveru1/apps.generasiandalan.id/index.php on line 34
[24-Jan-2024 14:04:59 Asia/Jakarta] PHP Warning:  require(/home/serveru1/apps.generasiandalan.id/laravel/vendor/autoload.php): Failed to open stream: No such file or directory in /home/serveru1/apps.generasiandalan.id/index.php on line 34
[24-Jan-2024 14:04:59 Asia/Jakarta] PHP Fatal error:  Uncaught Error: Failed opening required '/home/serveru1/apps.generasiandalan.id/laravel/vendor/autoload.php' (include_path='.:/opt/alt/php82/usr/share/pear:/opt/alt/php82/usr/share/php:/usr/share/pear:/usr/share/php') in /home/serveru1/apps.generasiandalan.id/index.php:34
Stack trace:
#0 {main}
  thrown in /home/serveru1/apps.generasiandalan.id/index.php on line 34
[24-Jan-2024 14:05:09 Asia/Jakarta] PHP Warning:  require_once(/home/serveru1/apps.generasiandalan.id/laravel/vendor/composer/autoload_real.php): Failed to open stream: No such file or directory in /home/serveru1/apps.generasiandalan.id/laravel/vendor/autoload.php on line 23
[24-Jan-2024 14:05:09 Asia/Jakarta] PHP Fatal error:  Uncaught Error: Failed opening required '/home/serveru1/apps.generasiandalan.id/laravel/vendor/composer/autoload_real.php' (include_path='.:/opt/alt/php82/usr/share/pear:/opt/alt/php82/usr/share/php:/usr/share/pear:/usr/share/php') in /home/serveru1/apps.generasiandalan.id/laravel/vendor/autoload.php:23
Stack trace:
#0 /home/serveru1/apps.generasiandalan.id/index.php(34): require()
#1 {main}
  thrown in /home/serveru1/apps.generasiandalan.id/laravel/vendor/autoload.php on line 23
[24-Jan-2024 14:05:55 Asia/Jakarta] PHP Warning:  require(/home/serveru1/apps.generasiandalan.id/laravel/vendor/composer/../symfony/polyfill-mbstring/bootstrap.php): Failed to open stream: No such file or directory in /home/serveru1/apps.generasiandalan.id/laravel/vendor/composer/autoload_real.php on line 39
[24-Jan-2024 14:05:55 Asia/Jakarta] PHP Fatal error:  Uncaught Error: Failed opening required '/home/serveru1/apps.generasiandalan.id/laravel/vendor/composer/../symfony/polyfill-mbstring/bootstrap.php' (include_path='.:/opt/alt/php82/usr/share/pear:/opt/alt/php82/usr/share/php:/usr/share/pear:/usr/share/php') in /home/serveru1/apps.generasiandalan.id/laravel/vendor/composer/autoload_real.php:39
Stack trace:
#0 /home/serveru1/apps.generasiandalan.id/laravel/vendor/composer/autoload_real.php(43): {closure}()
#1 /home/serveru1/apps.generasiandalan.id/laravel/vendor/autoload.php(25): ComposerAutoloaderInit0c990b8042502a679a3bae69beb1157e::getLoader()
#2 /home/serveru1/apps.generasiandalan.id/index.php(34): require('/home/serveru1/...')
#3 {main}
  thrown in /home/serveru1/apps.generasiandalan.id/laravel/vendor/composer/autoload_real.php on line 39
[24-Jan-2024 14:06:54 Asia/Jakarta] PHP Warning:  require(/home/serveru1/apps.generasiandalan.id/laravel/vendor/composer/../symfony/var-dumper/Resources/functions/dump.php): Failed to open stream: No such file or directory in /home/serveru1/apps.generasiandalan.id/laravel/vendor/composer/autoload_real.php on line 39
[24-Jan-2024 14:06:54 Asia/Jakarta] PHP Fatal error:  Uncaught Error: Failed opening required '/home/serveru1/apps.generasiandalan.id/laravel/vendor/composer/../symfony/var-dumper/Resources/functions/dump.php' (include_path='.:/opt/alt/php82/usr/share/pear:/opt/alt/php82/usr/share/php:/usr/share/pear:/usr/share/php') in /home/serveru1/apps.generasiandalan.id/laravel/vendor/composer/autoload_real.php:39
Stack trace:
#0 /home/serveru1/apps.generasiandalan.id/laravel/vendor/composer/autoload_real.php(43): {closure}()
#1 /home/serveru1/apps.generasiandalan.id/laravel/vendor/autoload.php(25): ComposerAutoloaderInit0c990b8042502a679a3bae69beb1157e::getLoader()
#2 /home/serveru1/apps.generasiandalan.id/index.php(34): require('/home/serveru1/...')
#3 {main}
  thrown in /home/serveru1/apps.generasiandalan.id/laravel/vendor/composer/autoload_real.php on line 39
[24-Jan-2024 14:07:02 Asia/Jakarta] PHP Warning:  require(/home/serveru1/apps.generasiandalan.id/laravel/vendor/composer/../symfony/var-dumper/Resources/functions/dump.php): Failed to open stream: No such file or directory in /home/serveru1/apps.generasiandalan.id/laravel/vendor/composer/autoload_real.php on line 39
[24-Jan-2024 14:07:02 Asia/Jakarta] PHP Fatal error:  Uncaught Error: Failed opening required '/home/serveru1/apps.generasiandalan.id/laravel/vendor/composer/../symfony/var-dumper/Resources/functions/dump.php' (include_path='.:/opt/alt/php82/usr/share/pear:/opt/alt/php82/usr/share/php:/usr/share/pear:/usr/share/php') in /home/serveru1/apps.generasiandalan.id/laravel/vendor/composer/autoload_real.php:39
Stack trace:
#0 /home/serveru1/apps.generasiandalan.id/laravel/vendor/composer/autoload_real.php(43): {closure}()
#1 /home/serveru1/apps.generasiandalan.id/laravel/vendor/autoload.php(25): ComposerAutoloaderInit0c990b8042502a679a3bae69beb1157e::getLoader()
#2 /home/serveru1/apps.generasiandalan.id/index.php(34): require('/home/serveru1/...')
#3 {main}
  thrown in /home/serveru1/apps.generasiandalan.id/laravel/vendor/composer/autoload_real.php on line 39
[24-Jan-2024 14:07:03 Asia/Jakarta] PHP Warning:  require(/home/serveru1/apps.generasiandalan.id/laravel/vendor/composer/../symfony/var-dumper/Resources/functions/dump.php): Failed to open stream: No such file or directory in /home/serveru1/apps.generasiandalan.id/laravel/vendor/composer/autoload_real.php on line 39
[24-Jan-2024 14:07:03 Asia/Jakarta] PHP Fatal error:  Uncaught Error: Failed opening required '/home/serveru1/apps.generasiandalan.id/laravel/vendor/composer/../symfony/var-dumper/Resources/functions/dump.php' (include_path='.:/opt/alt/php82/usr/share/pear:/opt/alt/php82/usr/share/php:/usr/share/pear:/usr/share/php') in /home/serveru1/apps.generasiandalan.id/laravel/vendor/composer/autoload_real.php:39
Stack trace:
#0 /home/serveru1/apps.generasiandalan.id/laravel/vendor/composer/autoload_real.php(43): {closure}()
#1 /home/serveru1/apps.generasiandalan.id/laravel/vendor/autoload.php(25): ComposerAutoloaderInit0c990b8042502a679a3bae69beb1157e::getLoader()
#2 /home/serveru1/apps.generasiandalan.id/index.php(34): require('/home/serveru1/...')
#3 {main}
  thrown in /home/serveru1/apps.generasiandalan.id/laravel/vendor/composer/autoload_real.php on line 39
[24-Jan-2024 14:07:04 Asia/Jakarta] PHP Warning:  require(/home/serveru1/apps.generasiandalan.id/laravel/vendor/composer/../symfony/var-dumper/Resources/functions/dump.php): Failed to open stream: No such file or directory in /home/serveru1/apps.generasiandalan.id/laravel/vendor/composer/autoload_real.php on line 39
[24-Jan-2024 14:07:04 Asia/Jakarta] PHP Fatal error:  Uncaught Error: Failed opening required '/home/serveru1/apps.generasiandalan.id/laravel/vendor/composer/../symfony/var-dumper/Resources/functions/dump.php' (include_path='.:/opt/alt/php82/usr/share/pear:/opt/alt/php82/usr/share/php:/usr/share/pear:/usr/share/php') in /home/serveru1/apps.generasiandalan.id/laravel/vendor/composer/autoload_real.php:39
Stack trace:
#0 /home/serveru1/apps.generasiandalan.id/laravel/vendor/composer/autoload_real.php(43): {closure}()
#1 /home/serveru1/apps.generasiandalan.id/laravel/vendor/autoload.php(25): ComposerAutoloaderInit0c990b8042502a679a3bae69beb1157e::getLoader()
#2 /home/serveru1/apps.generasiandalan.id/index.php(34): require('/home/serveru1/...')
#3 {main}
  thrown in /home/serveru1/apps.generasiandalan.id/laravel/vendor/composer/autoload_real.php on line 39
[24-Jan-2024 14:07:05 Asia/Jakarta] PHP Warning:  require(/home/serveru1/apps.generasiandalan.id/laravel/vendor/composer/../symfony/var-dumper/Resources/functions/dump.php): Failed to open stream: No such file or directory in /home/serveru1/apps.generasiandalan.id/laravel/vendor/composer/autoload_real.php on line 39
[24-Jan-2024 14:07:05 Asia/Jakarta] PHP Fatal error:  Uncaught Error: Failed opening required '/home/serveru1/apps.generasiandalan.id/laravel/vendor/composer/../symfony/var-dumper/Resources/functions/dump.php' (include_path='.:/opt/alt/php82/usr/share/pear:/opt/alt/php82/usr/share/php:/usr/share/pear:/usr/share/php') in /home/serveru1/apps.generasiandalan.id/laravel/vendor/composer/autoload_real.php:39
Stack trace:
#0 /home/serveru1/apps.generasiandalan.id/laravel/vendor/composer/autoload_real.php(43): {closure}()
#1 /home/serveru1/apps.generasiandalan.id/laravel/vendor/autoload.php(25): ComposerAutoloaderInit0c990b8042502a679a3bae69beb1157e::getLoader()
#2 /home/serveru1/apps.generasiandalan.id/index.php(34): require('/home/serveru1/...')
#3 {main}
  thrown in /home/serveru1/apps.generasiandalan.id/laravel/vendor/composer/autoload_real.php on line 39
[24-Jan-2024 14:08:20 Asia/Jakarta] PHP Warning:  require(/home/serveru1/apps.generasiandalan.id/laravel/vendor/composer/../symfony/var-dumper/Resources/functions/dump.php): Failed to open stream: No such file or directory in /home/serveru1/apps.generasiandalan.id/laravel/vendor/composer/autoload_real.php on line 39
[24-Jan-2024 14:08:20 Asia/Jakarta] PHP Fatal error:  Uncaught Error: Failed opening required '/home/serveru1/apps.generasiandalan.id/laravel/vendor/composer/../symfony/var-dumper/Resources/functions/dump.php' (include_path='.:/opt/alt/php82/usr/share/pear:/opt/alt/php82/usr/share/php:/usr/share/pear:/usr/share/php') in /home/serveru1/apps.generasiandalan.id/laravel/vendor/composer/autoload_real.php:39
Stack trace:
#0 /home/serveru1/apps.generasiandalan.id/laravel/vendor/composer/autoload_real.php(43): {closure}()
#1 /home/serveru1/apps.generasiandalan.id/laravel/vendor/autoload.php(25): ComposerAutoloaderInit0c990b8042502a679a3bae69beb1157e::getLoader()
#2 /home/serveru1/apps.generasiandalan.id/index.php(34): require('/home/serveru1/...')
#3 {main}
  thrown in /home/serveru1/apps.generasiandalan.id/laravel/vendor/composer/autoload_real.php on line 39
[24-Jan-2024 14:08:24 Asia/Jakarta] PHP Warning:  require(/home/serveru1/apps.generasiandalan.id/laravel/vendor/composer/../symfony/var-dumper/Resources/functions/dump.php): Failed to open stream: No such file or directory in /home/serveru1/apps.generasiandalan.id/laravel/vendor/composer/autoload_real.php on line 39
[24-Jan-2024 14:08:24 Asia/Jakarta] PHP Fatal error:  Uncaught Error: Failed opening required '/home/serveru1/apps.generasiandalan.id/laravel/vendor/composer/../symfony/var-dumper/Resources/functions/dump.php' (include_path='.:/opt/alt/php82/usr/share/pear:/opt/alt/php82/usr/share/php:/usr/share/pear:/usr/share/php') in /home/serveru1/apps.generasiandalan.id/laravel/vendor/composer/autoload_real.php:39
Stack trace:
#0 /home/serveru1/apps.generasiandalan.id/laravel/vendor/composer/autoload_real.php(43): {closure}()
#1 /home/serveru1/apps.generasiandalan.id/laravel/vendor/autoload.php(25): ComposerAutoloaderInit0c990b8042502a679a3bae69beb1157e::getLoader()
#2 /home/serveru1/apps.generasiandalan.id/index.php(34): require('/home/serveru1/...')
#3 {main}
  thrown in /home/serveru1/apps.generasiandalan.id/laravel/vendor/composer/autoload_real.php on line 39
[24-Jan-2024 14:09:18 Asia/Jakarta] PHP Warning:  require(/home/serveru1/apps.generasiandalan.id/laravel/vendor/composer/../symfony/var-dumper/Resources/functions/dump.php): Failed to open stream: No such file or directory in /home/serveru1/apps.generasiandalan.id/laravel/vendor/composer/autoload_real.php on line 39
[24-Jan-2024 14:09:18 Asia/Jakarta] PHP Fatal error:  Uncaught Error: Failed opening required '/home/serveru1/apps.generasiandalan.id/laravel/vendor/composer/../symfony/var-dumper/Resources/functions/dump.php' (include_path='.:/opt/alt/php82/usr/share/pear:/opt/alt/php82/usr/share/php:/usr/share/pear:/usr/share/php') in /home/serveru1/apps.generasiandalan.id/laravel/vendor/composer/autoload_real.php:39
Stack trace:
#0 /home/serveru1/apps.generasiandalan.id/laravel/vendor/composer/autoload_real.php(43): {closure}()
#1 /home/serveru1/apps.generasiandalan.id/laravel/vendor/autoload.php(25): ComposerAutoloaderInit0c990b8042502a679a3bae69beb1157e::getLoader()
#2 /home/serveru1/apps.generasiandalan.id/index.php(34): require('/home/serveru1/...')
#3 {main}
  thrown in /home/serveru1/apps.generasiandalan.id/laravel/vendor/composer/autoload_real.php on line 39
[24-Jan-2024 14:09:24 Asia/Jakarta] PHP Warning:  require(/home/serveru1/apps.generasiandalan.id/laravel/vendor/composer/../symfony/var-dumper/Resources/functions/dump.php): Failed to open stream: No such file or directory in /home/serveru1/apps.generasiandalan.id/laravel/vendor/composer/autoload_real.php on line 39
[24-Jan-2024 14:09:24 Asia/Jakarta] PHP Fatal error:  Uncaught Error: Failed opening required '/home/serveru1/apps.generasiandalan.id/laravel/vendor/composer/../symfony/var-dumper/Resources/functions/dump.php' (include_path='.:/opt/alt/php82/usr/share/pear:/opt/alt/php82/usr/share/php:/usr/share/pear:/usr/share/php') in /home/serveru1/apps.generasiandalan.id/laravel/vendor/composer/autoload_real.php:39
Stack trace:
#0 /home/serveru1/apps.generasiandalan.id/laravel/vendor/composer/autoload_real.php(43): {closure}()
#1 /home/serveru1/apps.generasiandalan.id/laravel/vendor/autoload.php(25): ComposerAutoloaderInit0c990b8042502a679a3bae69beb1157e::getLoader()
#2 /home/serveru1/apps.generasiandalan.id/index.php(34): require('/home/serveru1/...')
#3 {main}
  thrown in /home/serveru1/apps.generasiandalan.id/laravel/vendor/composer/autoload_real.php on line 39
[24-Jan-2024 14:09:33 Asia/Jakarta] PHP Warning:  require(/home/serveru1/apps.generasiandalan.id/laravel/vendor/composer/../symfony/var-dumper/Resources/functions/dump.php): Failed to open stream: No such file or directory in /home/serveru1/apps.generasiandalan.id/laravel/vendor/composer/autoload_real.php on line 39
[24-Jan-2024 14:09:33 Asia/Jakarta] PHP Fatal error:  Uncaught Error: Failed opening required '/home/serveru1/apps.generasiandalan.id/laravel/vendor/composer/../symfony/var-dumper/Resources/functions/dump.php' (include_path='.:/opt/alt/php82/usr/share/pear:/opt/alt/php82/usr/share/php:/usr/share/pear:/usr/share/php') in /home/serveru1/apps.generasiandalan.id/laravel/vendor/composer/autoload_real.php:39
Stack trace:
#0 /home/serveru1/apps.generasiandalan.id/laravel/vendor/composer/autoload_real.php(43): {closure}()
#1 /home/serveru1/apps.generasiandalan.id/laravel/vendor/autoload.php(25): ComposerAutoloaderInit0c990b8042502a679a3bae69beb1157e::getLoader()
#2 /home/serveru1/apps.generasiandalan.id/index.php(34): require('/home/serveru1/...')
#3 {main}
  thrown in /home/serveru1/apps.generasiandalan.id/laravel/vendor/composer/autoload_real.php on line 39
[24-Jan-2024 14:09:34 Asia/Jakarta] PHP Warning:  require(/home/serveru1/apps.generasiandalan.id/laravel/vendor/composer/../symfony/var-dumper/Resources/functions/dump.php): Failed to open stream: No such file or directory in /home/serveru1/apps.generasiandalan.id/laravel/vendor/composer/autoload_real.php on line 39
[24-Jan-2024 14:09:34 Asia/Jakarta] PHP Fatal error:  Uncaught Error: Failed opening required '/home/serveru1/apps.generasiandalan.id/laravel/vendor/composer/../symfony/var-dumper/Resources/functions/dump.php' (include_path='.:/opt/alt/php82/usr/share/pear:/opt/alt/php82/usr/share/php:/usr/share/pear:/usr/share/php') in /home/serveru1/apps.generasiandalan.id/laravel/vendor/composer/autoload_real.php:39
Stack trace:
#0 /home/serveru1/apps.generasiandalan.id/laravel/vendor/composer/autoload_real.php(43): {closure}()
#1 /home/serveru1/apps.generasiandalan.id/laravel/vendor/autoload.php(25): ComposerAutoloaderInit0c990b8042502a679a3bae69beb1157e::getLoader()
#2 /home/serveru1/apps.generasiandalan.id/index.php(34): require('/home/serveru1/...')
#3 {main}
  thrown in /home/serveru1/apps.generasiandalan.id/laravel/vendor/composer/autoload_real.php on line 39
[24-Jan-2024 14:09:35 Asia/Jakarta] PHP Warning:  require(/home/serveru1/apps.generasiandalan.id/laravel/vendor/composer/../symfony/var-dumper/Resources/functions/dump.php): Failed to open stream: No such file or directory in /home/serveru1/apps.generasiandalan.id/laravel/vendor/composer/autoload_real.php on line 39
[24-Jan-2024 14:09:35 Asia/Jakarta] PHP Fatal error:  Uncaught Error: Failed opening required '/home/serveru1/apps.generasiandalan.id/laravel/vendor/composer/../symfony/var-dumper/Resources/functions/dump.php' (include_path='.:/opt/alt/php82/usr/share/pear:/opt/alt/php82/usr/share/php:/usr/share/pear:/usr/share/php') in /home/serveru1/apps.generasiandalan.id/laravel/vendor/composer/autoload_real.php:39
Stack trace:
#0 /home/serveru1/apps.generasiandalan.id/laravel/vendor/composer/autoload_real.php(43): {closure}()
#1 /home/serveru1/apps.generasiandalan.id/laravel/vendor/autoload.php(25): ComposerAutoloaderInit0c990b8042502a679a3bae69beb1157e::getLoader()
#2 /home/serveru1/apps.generasiandalan.id/index.php(34): require('/home/serveru1/...')
#3 {main}
  thrown in /home/serveru1/apps.generasiandalan.id/laravel/vendor/composer/autoload_real.php on line 39
[24-Jan-2024 14:09:47 Asia/Jakarta] PHP Warning:  require(/home/serveru1/apps.generasiandalan.id/laravel/vendor/composer/../symfony/var-dumper/Resources/functions/dump.php): Failed to open stream: No such file or directory in /home/serveru1/apps.generasiandalan.id/laravel/vendor/composer/autoload_real.php on line 39
[24-Jan-2024 14:09:47 Asia/Jakarta] PHP Fatal error:  Uncaught Error: Failed opening required '/home/serveru1/apps.generasiandalan.id/laravel/vendor/composer/../symfony/var-dumper/Resources/functions/dump.php' (include_path='.:/opt/alt/php82/usr/share/pear:/opt/alt/php82/usr/share/php:/usr/share/pear:/usr/share/php') in /home/serveru1/apps.generasiandalan.id/laravel/vendor/composer/autoload_real.php:39
Stack trace:
#0 /home/serveru1/apps.generasiandalan.id/laravel/vendor/composer/autoload_real.php(43): {closure}()
#1 /home/serveru1/apps.generasiandalan.id/laravel/vendor/autoload.php(25): ComposerAutoloaderInit0c990b8042502a679a3bae69beb1157e::getLoader()
#2 /home/serveru1/apps.generasiandalan.id/index.php(34): require('/home/serveru1/...')
#3 {main}
  thrown in /home/serveru1/apps.generasiandalan.id/laravel/vendor/composer/autoload_real.php on line 39
[24-Jan-2024 14:10:24 Asia/Jakarta] PHP Warning:  require(/home/serveru1/apps.generasiandalan.id/laravel/vendor/composer/../symfony/var-dumper/Resources/functions/dump.php): Failed to open stream: No such file or directory in /home/serveru1/apps.generasiandalan.id/laravel/vendor/composer/autoload_real.php on line 39
[24-Jan-2024 14:10:24 Asia/Jakarta] PHP Fatal error:  Uncaught Error: Failed opening required '/home/serveru1/apps.generasiandalan.id/laravel/vendor/composer/../symfony/var-dumper/Resources/functions/dump.php' (include_path='.:/opt/alt/php82/usr/share/pear:/opt/alt/php82/usr/share/php:/usr/share/pear:/usr/share/php') in /home/serveru1/apps.generasiandalan.id/laravel/vendor/composer/autoload_real.php:39
Stack trace:
#0 /home/serveru1/apps.generasiandalan.id/laravel/vendor/composer/autoload_real.php(43): {closure}()
#1 /home/serveru1/apps.generasiandalan.id/laravel/vendor/autoload.php(25): ComposerAutoloaderInit0c990b8042502a679a3bae69beb1157e::getLoader()
#2 /home/serveru1/apps.generasiandalan.id/index.php(34): require('/home/serveru1/...')
#3 {main}
  thrown in /home/serveru1/apps.generasiandalan.id/laravel/vendor/composer/autoload_real.php on line 39
[24-Jan-2024 14:11:52 Asia/Jakarta] PHP Warning:  require(/home/serveru1/apps.generasiandalan.id/laravel/vendor/composer/../symfony/var-dumper/Resources/functions/dump.php): Failed to open stream: No such file or directory in /home/serveru1/apps.generasiandalan.id/laravel/vendor/composer/autoload_real.php on line 39
[24-Jan-2024 14:11:52 Asia/Jakarta] PHP Fatal error:  Uncaught Error: Failed opening required '/home/serveru1/apps.generasiandalan.id/laravel/vendor/composer/../symfony/var-dumper/Resources/functions/dump.php' (include_path='.:/opt/alt/php82/usr/share/pear:/opt/alt/php82/usr/share/php:/usr/share/pear:/usr/share/php') in /home/serveru1/apps.generasiandalan.id/laravel/vendor/composer/autoload_real.php:39
Stack trace:
#0 /home/serveru1/apps.generasiandalan.id/laravel/vendor/composer/autoload_real.php(43): {closure}()
#1 /home/serveru1/apps.generasiandalan.id/laravel/vendor/autoload.php(25): ComposerAutoloaderInit0c990b8042502a679a3bae69beb1157e::getLoader()
#2 /home/serveru1/apps.generasiandalan.id/index.php(34): require('/home/serveru1/...')
#3 {main}
  thrown in /home/serveru1/apps.generasiandalan.id/laravel/vendor/composer/autoload_real.php on line 39
[24-Jan-2024 14:12:19 Asia/Jakarta] PHP Warning:  require(/home/serveru1/apps.generasiandalan.id/laravel/vendor/composer/../symfony/var-dumper/Resources/functions/dump.php): Failed to open stream: No such file or directory in /home/serveru1/apps.generasiandalan.id/laravel/vendor/composer/autoload_real.php on line 39
[24-Jan-2024 14:12:19 Asia/Jakarta] PHP Fatal error:  Uncaught Error: Failed opening required '/home/serveru1/apps.generasiandalan.id/laravel/vendor/composer/../symfony/var-dumper/Resources/functions/dump.php' (include_path='.:/opt/alt/php82/usr/share/pear:/opt/alt/php82/usr/share/php:/usr/share/pear:/usr/share/php') in /home/serveru1/apps.generasiandalan.id/laravel/vendor/composer/autoload_real.php:39
Stack trace:
#0 /home/serveru1/apps.generasiandalan.id/laravel/vendor/composer/autoload_real.php(43): {closure}()
#1 /home/serveru1/apps.generasiandalan.id/laravel/vendor/autoload.php(25): ComposerAutoloaderInit0c990b8042502a679a3bae69beb1157e::getLoader()
#2 /home/serveru1/apps.generasiandalan.id/index.php(34): require('/home/serveru1/...')
#3 {main}
  thrown in /home/serveru1/apps.generasiandalan.id/laravel/vendor/composer/autoload_real.php on line 39
[24-Jan-2024 14:13:33 Asia/Jakarta] PHP Warning:  require(/home/serveru1/apps.generasiandalan.id/laravel/vendor/composer/../laravel/framework/src/Illuminate/Collections/helpers.php): Failed to open stream: No such file or directory in /home/serveru1/apps.generasiandalan.id/laravel/vendor/composer/autoload_real.php on line 39
[24-Jan-2024 14:13:33 Asia/Jakarta] PHP Fatal error:  Uncaught Error: Failed opening required '/home/serveru1/apps.generasiandalan.id/laravel/vendor/composer/../laravel/framework/src/Illuminate/Collections/helpers.php' (include_path='.:/opt/alt/php82/usr/share/pear:/opt/alt/php82/usr/share/php:/usr/share/pear:/usr/share/php') in /home/serveru1/apps.generasiandalan.id/laravel/vendor/composer/autoload_real.php:39
Stack trace:
#0 /home/serveru1/apps.generasiandalan.id/laravel/vendor/composer/autoload_real.php(43): {closure}()
#1 /home/serveru1/apps.generasiandalan.id/laravel/vendor/autoload.php(25): ComposerAutoloaderInit0c990b8042502a679a3bae69beb1157e::getLoader()
#2 /home/serveru1/apps.generasiandalan.id/index.php(34): require('/home/serveru1/...')
#3 {main}
  thrown in /home/serveru1/apps.generasiandalan.id/laravel/vendor/composer/autoload_real.php on line 39
[24-Jan-2024 14:15:57 Asia/Jakarta] PHP Warning:  require(/home/serveru1/apps.generasiandalan.id/laravel/vendor/composer/../phpunit/phpunit/src/Framework/Assert/Functions.php): Failed to open stream: No such file or directory in /home/serveru1/apps.generasiandalan.id/laravel/vendor/composer/autoload_real.php on line 39
[24-Jan-2024 14:15:57 Asia/Jakarta] PHP Fatal error:  Uncaught Error: Failed opening required '/home/serveru1/apps.generasiandalan.id/laravel/vendor/composer/../phpunit/phpunit/src/Framework/Assert/Functions.php' (include_path='.:/opt/alt/php82/usr/share/pear:/opt/alt/php82/usr/share/php:/usr/share/pear:/usr/share/php') in /home/serveru1/apps.generasiandalan.id/laravel/vendor/composer/autoload_real.php:39
Stack trace:
#0 /home/serveru1/apps.generasiandalan.id/laravel/vendor/composer/autoload_real.php(43): {closure}()
#1 /home/serveru1/apps.generasiandalan.id/laravel/vendor/autoload.php(25): ComposerAutoloaderInit0c990b8042502a679a3bae69beb1157e::getLoader()
#2 /home/serveru1/apps.generasiandalan.id/index.php(34): require('/home/serveru1/...')
#3 {main}
  thrown in /home/serveru1/apps.generasiandalan.id/laravel/vendor/composer/autoload_real.php on line 39
[24-Jan-2024 14:21:06 Asia/Jakarta] PHP Warning:  include(/home/serveru1/apps.generasiandalan.id/laravel/vendor/composer/../laravel/framework/src/Illuminate/Contracts/Container/Container.php): Failed to open stream: No such file or directory in /home/serveru1/apps.generasiandalan.id/laravel/vendor/composer/ClassLoader.php on line 576
[24-Jan-2024 14:21:06 Asia/Jakarta] PHP Warning:  include(): Failed opening '/home/serveru1/apps.generasiandalan.id/laravel/vendor/composer/../laravel/framework/src/Illuminate/Contracts/Container/Container.php' for inclusion (include_path='.:/opt/alt/php82/usr/share/pear:/opt/alt/php82/usr/share/php:/usr/share/pear:/usr/share/php') in /home/serveru1/apps.generasiandalan.id/laravel/vendor/composer/ClassLoader.php on line 576
[24-Jan-2024 14:21:06 Asia/Jakarta] PHP Fatal error:  Uncaught Error: Interface "Illuminate\Contracts\Container\Container" not found in /home/serveru1/apps.generasiandalan.id/laravel/vendor/laravel/framework/src/Illuminate/Container/Container.php:17
Stack trace:
#0 /home/serveru1/apps.generasiandalan.id/laravel/vendor/composer/ClassLoader.php(576): include()
#1 /home/serveru1/apps.generasiandalan.id/laravel/vendor/composer/ClassLoader.php(427): Composer\Autoload\{closure}()
#2 /home/serveru1/apps.generasiandalan.id/laravel/vendor/laravel/framework/src/Illuminate/Foundation/Application.php(29): Composer\Autoload\ClassLoader->loadClass()
#3 /home/serveru1/apps.generasiandalan.id/laravel/vendor/composer/ClassLoader.php(576): include('/home/serveru1/...')
#4 /home/serveru1/apps.generasiandalan.id/laravel/vendor/composer/ClassLoader.php(427): Composer\Autoload\{closure}()
#5 /home/serveru1/apps.generasiandalan.id/laravel/bootstrap/app.php(14): Composer\Autoload\ClassLoader->loadClass()
#6 /home/serveru1/apps.generasiandalan.id/index.php(47): require_once('/home/serveru1/...')
#7 {main}
  thrown in /home/serveru1/apps.generasiandalan.id/laravel/vendor/laravel/framework/src/Illuminate/Container/Container.php on line 17
[24-Jan-2024 14:23:27 Asia/Jakarta] PHP Warning:  include(/home/serveru1/apps.generasiandalan.id/laravel/vendor/voku/portable-ascii/src/voku/helper/data/ascii_by_languages.php): Failed to open stream: No such file or directory in /home/serveru1/apps.generasiandalan.id/laravel/vendor/voku/portable-ascii/src/voku/helper/ASCII.php on line 1432
[24-Jan-2024 14:23:27 Asia/Jakarta] PHP Warning:  include(): Failed opening '/home/serveru1/apps.generasiandalan.id/laravel/vendor/voku/portable-ascii/src/voku/helper/data/ascii_by_languages.php' for inclusion (include_path='.:/opt/alt/php82/usr/share/pear:/opt/alt/php82/usr/share/php:/usr/share/pear:/usr/share/php') in /home/serveru1/apps.generasiandalan.id/laravel/vendor/voku/portable-ascii/src/voku/helper/ASCII.php on line 1432
[24-Jan-2024 14:23:27 Asia/Jakarta] PHP Warning:  foreach() argument must be of type array|object, bool given in /home/serveru1/apps.generasiandalan.id/laravel/vendor/voku/portable-ascii/src/voku/helper/ASCII.php on line 458
[24-Jan-2024 14:23:27 Asia/Jakarta] PHP Warning:  Undefined array key "-" in /home/serveru1/apps.generasiandalan.id/laravel/vendor/voku/portable-ascii/src/voku/helper/ASCII.php on line 463
[24-Jan-2024 14:23:28 Asia/Jakarta] PHP Warning:  include(/home/serveru1/apps.generasiandalan.id/laravel/vendor/composer/../laravel/framework/src/Illuminate/Foundation/Http/Events/RequestHandled.php): Failed to open stream: No such file or directory in /home/serveru1/apps.generasiandalan.id/laravel/vendor/composer/ClassLoader.php on line 576
[24-Jan-2024 14:23:28 Asia/Jakarta] PHP Warning:  include(): Failed opening '/home/serveru1/apps.generasiandalan.id/laravel/vendor/composer/../laravel/framework/src/Illuminate/Foundation/Http/Events/RequestHandled.php' for inclusion (include_path='.:/opt/alt/php82/usr/share/pear:/opt/alt/php82/usr/share/php:/usr/share/pear:/usr/share/php') in /home/serveru1/apps.generasiandalan.id/laravel/vendor/composer/ClassLoader.php on line 576
[24-Jan-2024 14:23:28 Asia/Jakarta] PHP Fatal error:  Uncaught Error: Class "Illuminate\Foundation\Http\Events\RequestHandled" not found in /home/serveru1/apps.generasiandalan.id/laravel/vendor/laravel/framework/src/Illuminate/Foundation/Http/Kernel.php:119
Stack trace:
#0 /home/serveru1/apps.generasiandalan.id/index.php(51): Illuminate\Foundation\Http\Kernel->handle()
#1 {main}
  thrown in /home/serveru1/apps.generasiandalan.id/laravel/vendor/laravel/framework/src/Illuminate/Foundation/Http/Kernel.php on line 119
[24-Jan-2024 14:24:01 Asia/Jakarta] PHP Fatal error:  During class fetch: Uncaught ErrorException: include(/home/serveru1/apps.generasiandalan.id/laravel/vendor/composer/../laravel/framework/src/Illuminate/Database/Eloquent/Concerns/HasAttributes.php): Failed to open stream: No such file or directory in /home/serveru1/apps.generasiandalan.id/laravel/vendor/composer/ClassLoader.php:576
Stack trace:
#0 /home/serveru1/apps.generasiandalan.id/laravel/vendor/composer/ClassLoader.php(576): Illuminate\Foundation\Bootstrap\HandleExceptions->handleError()
#1 /home/serveru1/apps.generasiandalan.id/laravel/vendor/composer/ClassLoader.php(576): include()
#2 /home/serveru1/apps.generasiandalan.id/laravel/vendor/composer/ClassLoader.php(427): Composer\Autoload\{closure}()
#3 /home/serveru1/apps.generasiandalan.id/laravel/vendor/laravel/framework/src/Illuminate/Database/Eloquent/Model.php(26): Composer\Autoload\ClassLoader->loadClass()
#4 /home/serveru1/apps.generasiandalan.id/laravel/vendor/composer/ClassLoader.php(576): include('/home/serveru1/...')
#5 /home/serveru1/apps.generasiandalan.id/laravel/vendor/composer/ClassLoader.php(427): Composer\Autoload\{closure}()
#6 /home/serveru1/apps.generasiandalan.id/laravel/vendor/laravel/framework/src/Illuminate/Database/DatabaseServiceProvider.php(41): Composer\Autoload\ClassLoader->loadClass()
#7 /home/serveru1/apps.generasiandalan.id/laravel/vendor/laravel/framework/src/Illuminate/Foundation/Application.php(682): Illuminate\Database\DatabaseServiceProvider->register()
#8 /home/serveru1/apps.generasiandalan.id/laravel/vendor/laravel/framework/src/Illuminate/Foundation/ProviderRepository.php(75): Illuminate\Foundation\Application->register()
#9 /home/serveru1/apps.generasiandalan.id/laravel/vendor/laravel/framework/src/Illuminate/Foundation/Application.php(659): Illuminate\Foundation\ProviderRepository->load()
#10 /home/serveru1/apps.generasiandalan.id/laravel/vendor/laravel/framework/src/Illuminate/Foundation/Bootstrap/RegisterProviders.php(17): Illuminate\Foundation\Application->registerConfiguredProviders()
#11 /home/serveru1/apps.generasiandalan.id/laravel/vendor/laravel/framework/src/Illuminate/Foundation/Application.php(237): Illuminate\Foundation\Bootstrap\RegisterProviders->bootstrap()
#12 /home/serveru1/apps.generasiandalan.id/laravel/vendor/laravel/framework/src/Illuminate/Foundation/Http/Kernel.php(153): Illuminate\Foundation\Application->bootstrapWith()
#13 /home/serveru1/apps.generasiandalan.id/laravel/vendor/laravel/framework/src/Illuminate/Foundation/Http/Kernel.php(137): Illuminate\Foundation\Http\Kernel->bootstrap()
#14 /home/serveru1/apps.generasiandalan.id/laravel/vendor/laravel/framework/src/Illuminate/Foundation/Http/Kernel.php(111): Illuminate\Foundation\Http\Kernel->sendRequestThroughRouter()
#15 /home/serveru1/apps.generasiandalan.id/index.php(51): Illuminate\Foundation\Http\Kernel->handle()
#16 {main} in /home/serveru1/apps.generasiandalan.id/laravel/vendor/laravel/framework/src/Illuminate/Database/Eloquent/Model.php on line 26
[24-Jan-2024 14:24:01 Asia/Jakarta] PHP Fatal error:  During class fetch: Uncaught ErrorException: include(/home/serveru1/apps.generasiandalan.id/laravel/vendor/composer/../laravel/framework/src/Illuminate/Database/Eloquent/Concerns/HasAttributes.php): Failed to open stream: No such file or directory in /home/serveru1/apps.generasiandalan.id/laravel/vendor/composer/ClassLoader.php:576
Stack trace:
#0 /home/serveru1/apps.generasiandalan.id/laravel/vendor/composer/ClassLoader.php(576): Illuminate\Foundation\Bootstrap\HandleExceptions->handleError()
#1 /home/serveru1/apps.generasiandalan.id/laravel/vendor/composer/ClassLoader.php(576): include()
#2 /home/serveru1/apps.generasiandalan.id/laravel/vendor/composer/ClassLoader.php(427): Composer\Autoload\{closure}()
#3 /home/serveru1/apps.generasiandalan.id/laravel/vendor/laravel/framework/src/Illuminate/Database/Eloquent/Model.php(26): Composer\Autoload\ClassLoader->loadClass()
#4 /home/serveru1/apps.generasiandalan.id/laravel/vendor/composer/ClassLoader.php(576): include('/home/serveru1/...')
#5 /home/serveru1/apps.generasiandalan.id/laravel/vendor/composer/ClassLoader.php(427): Composer\Autoload\{closure}()
#6 /home/serveru1/apps.generasiandalan.id/laravel/vendor/laravel/framework/src/Illuminate/Database/DatabaseServiceProvider.php(41): Composer\Autoload\ClassLoader->loadClass()
#7 /home/serveru1/apps.generasiandalan.id/laravel/vendor/laravel/framework/src/Illuminate/Foundation/Application.php(682): Illuminate\Database\DatabaseServiceProvider->register()
#8 /home/serveru1/apps.generasiandalan.id/laravel/vendor/laravel/framework/src/Illuminate/Foundation/ProviderRepository.php(75): Illuminate\Foundation\Application->register()
#9 /home/serveru1/apps.generasiandalan.id/laravel/vendor/laravel/framework/src/Illuminate/Foundation/Application.php(659): Illuminate\Foundation\ProviderRepository->load()
#10 /home/serveru1/apps.generasiandalan.id/laravel/vendor/laravel/framework/src/Illuminate/Foundation/Bootstrap/RegisterProviders.php(17): Illuminate\Foundation\Application->registerConfiguredProviders()
#11 /home/serveru1/apps.generasiandalan.id/laravel/vendor/laravel/framework/src/Illuminate/Foundation/Application.php(237): Illuminate\Foundation\Bootstrap\RegisterProviders->bootstrap()
#12 /home/serveru1/apps.generasiandalan.id/laravel/vendor/laravel/framework/src/Illuminate/Foundation/Http/Kernel.php(153): Illuminate\Foundation\Application->bootstrapWith()
#13 /home/serveru1/apps.generasiandalan.id/laravel/vendor/laravel/framework/src/Illuminate/Foundation/Http/Kernel.php(137): Illuminate\Foundation\Http\Kernel->bootstrap()
#14 /home/serveru1/apps.generasiandalan.id/laravel/vendor/laravel/framework/src/Illuminate/Foundation/Http/Kernel.php(111): Illuminate\Foundation\Http\Kernel->sendRequestThroughRouter()
#15 /home/serveru1/apps.generasiandalan.id/index.php(51): Illuminate\Foundation\Http\Kernel->handle()
#16 {main} in /home/serveru1/apps.generasiandalan.id/laravel/vendor/laravel/framework/src/Illuminate/Database/Eloquent/Model.php on line 26
[24-Jan-2024 14:24:05 Asia/Jakarta] PHP Fatal error:  During class fetch: Uncaught ErrorException: include(/home/serveru1/apps.generasiandalan.id/laravel/vendor/composer/../laravel/framework/src/Illuminate/Database/Eloquent/Concerns/HasAttributes.php): Failed to open stream: No such file or directory in /home/serveru1/apps.generasiandalan.id/laravel/vendor/composer/ClassLoader.php:576
Stack trace:
#0 /home/serveru1/apps.generasiandalan.id/laravel/vendor/composer/ClassLoader.php(576): Illuminate\Foundation\Bootstrap\HandleExceptions->handleError()
#1 /home/serveru1/apps.generasiandalan.id/laravel/vendor/composer/ClassLoader.php(576): include()
#2 /home/serveru1/apps.generasiandalan.id/laravel/vendor/composer/ClassLoader.php(427): Composer\Autoload\{closure}()
#3 /home/serveru1/apps.generasiandalan.id/laravel/vendor/laravel/framework/src/Illuminate/Database/Eloquent/Model.php(26): Composer\Autoload\ClassLoader->loadClass()
#4 /home/serveru1/apps.generasiandalan.id/laravel/vendor/composer/ClassLoader.php(576): include('/home/serveru1/...')
#5 /home/serveru1/apps.generasiandalan.id/laravel/vendor/composer/ClassLoader.php(427): Composer\Autoload\{closure}()
#6 /home/serveru1/apps.generasiandalan.id/laravel/vendor/laravel/framework/src/Illuminate/Database/DatabaseServiceProvider.php(41): Composer\Autoload\ClassLoader->loadClass()
#7 /home/serveru1/apps.generasiandalan.id/laravel/vendor/laravel/framework/src/Illuminate/Foundation/Application.php(682): Illuminate\Database\DatabaseServiceProvider->register()
#8 /home/serveru1/apps.generasiandalan.id/laravel/vendor/laravel/framework/src/Illuminate/Foundation/ProviderRepository.php(75): Illuminate\Foundation\Application->register()
#9 /home/serveru1/apps.generasiandalan.id/laravel/vendor/laravel/framework/src/Illuminate/Foundation/Application.php(659): Illuminate\Foundation\ProviderRepository->load()
#10 /home/serveru1/apps.generasiandalan.id/laravel/vendor/laravel/framework/src/Illuminate/Foundation/Bootstrap/RegisterProviders.php(17): Illuminate\Foundation\Application->registerConfiguredProviders()
#11 /home/serveru1/apps.generasiandalan.id/laravel/vendor/laravel/framework/src/Illuminate/Foundation/Application.php(237): Illuminate\Foundation\Bootstrap\RegisterProviders->bootstrap()
#12 /home/serveru1/apps.generasiandalan.id/laravel/vendor/laravel/framework/src/Illuminate/Foundation/Http/Kernel.php(153): Illuminate\Foundation\Application->bootstrapWith()
#13 /home/serveru1/apps.generasiandalan.id/laravel/vendor/laravel/framework/src/Illuminate/Foundation/Http/Kernel.php(137): Illuminate\Foundation\Http\Kernel->bootstrap()
#14 /home/serveru1/apps.generasiandalan.id/laravel/vendor/laravel/framework/src/Illuminate/Foundation/Http/Kernel.php(111): Illuminate\Foundation\Http\Kernel->sendRequestThroughRouter()
#15 /home/serveru1/apps.generasiandalan.id/index.php(51): Illuminate\Foundation\Http\Kernel->handle()
#16 {main} in /home/serveru1/apps.generasiandalan.id/laravel/vendor/laravel/framework/src/Illuminate/Database/Eloquent/Model.php on line 26
[24-Jan-2024 14:24:25 Asia/Jakarta] PHP Fatal error:  During class fetch: Uncaught ErrorException: include(/home/serveru1/apps.generasiandalan.id/laravel/vendor/composer/../laravel/framework/src/Illuminate/View/Compilers/Concerns/CompilesAuthorizations.php): Failed to open stream: No such file or directory in /home/serveru1/apps.generasiandalan.id/laravel/vendor/composer/ClassLoader.php:576
Stack trace:
#0 /home/serveru1/apps.generasiandalan.id/laravel/vendor/composer/ClassLoader.php(576): Illuminate\Foundation\Bootstrap\HandleExceptions->handleError()
#1 /home/serveru1/apps.generasiandalan.id/laravel/vendor/composer/ClassLoader.php(576): include()
#2 /home/serveru1/apps.generasiandalan.id/laravel/vendor/composer/ClassLoader.php(427): Composer\Autoload\{closure}()
#3 /home/serveru1/apps.generasiandalan.id/laravel/vendor/laravel/framework/src/Illuminate/View/Compilers/BladeCompiler.php(15): Composer\Autoload\ClassLoader->loadClass()
#4 /home/serveru1/apps.generasiandalan.id/laravel/vendor/composer/ClassLoader.php(576): include('/home/serveru1/...')
#5 /home/serveru1/apps.generasiandalan.id/laravel/vendor/composer/ClassLoader.php(427): Composer\Autoload\{closure}()
#6 /home/serveru1/apps.generasiandalan.id/laravel/vendor/laravel/framework/src/Illuminate/View/ViewServiceProvider.php(88): Composer\Autoload\ClassLoader->loadClass()
#7 /home/serveru1/apps.generasiandalan.id/laravel/vendor/laravel/framework/src/Illuminate/Container/Container.php(873): Illuminate\View\ViewServiceProvider->Illuminate\View\{closure}()
#8 /home/serveru1/apps.generasiandalan.id/laravel/vendor/laravel/framework/src/Illuminate/Container/Container.php(758): Illuminate\Container\Container->build()
#9 /home/serveru1/apps.generasiandalan.id/laravel/vendor/laravel/framework/src/Illuminate/Foundation/Application.php(851): Illuminate\Container\Container->resolve()
#10 /home/serveru1/apps.generasiandalan.id/laravel/vendor/laravel/framework/src/Illuminate/Container/Container.php(694): Illuminate\Foundation\Application->resolve()
#11 /home/serveru1/apps.generasiandalan.id/laravel/vendor/laravel/framework/src/Illuminate/Foundation/Application.php(836): Illuminate\Container\Container->make()
#12 /home/serveru1/apps.generasiandalan.id/laravel/vendor/laravel/framework/src/Illuminate/Container/Container.php(1419): Illuminate\Foundation\Application->make()
#13 /home/serveru1/apps.generasiandalan.id/laravel/vendor/laravel/framework/src/Illuminate/View/ViewServiceProvider.php(150): Illuminate\Container\Container->offsetGet()
#14 [internal function]: Illuminate\View\ViewServiceProvider->Illuminate\View\{closure}()
#15 /home/serveru1/apps.generasiandalan.id/laravel/vendor/laravel/framework/src/Illuminate/View/Engines/EngineResolver.php(55): call_user_func()
#16 /home/serveru1/apps.generasiandalan.id/laravel/vendor/facade/ignition/src/IgnitionServiceProvider.php(467): Illuminate\View\Engines\EngineResolver->resolve()
#17 /home/serveru1/apps.generasiandalan.id/laravel/vendor/facade/ignition/src/IgnitionServiceProvider.php(158): Facade\Ignition\IgnitionServiceProvider->hasCustomViewEnginesRegistered()
#18 /home/serveru1/apps.generasiandalan.id/laravel/vendor/facade/ignition/src/IgnitionServiceProvider.php(101): Facade\Ignition\IgnitionServiceProvider->registerViewEngines()
#19 /home/serveru1/apps.generasiandalan.id/laravel/vendor/laravel/framework/src/Illuminate/Container/BoundMethod.php(36): Facade\Ignition\IgnitionServiceProvider->boot()
#20 /home/serveru1/apps.generasiandalan.id/laravel/vendor/laravel/framework/src/Illuminate/Container/Util.php(40): Illuminate\Container\BoundMethod::Illuminate\Container\{closure}()
#21 /home/serveru1/apps.generasiandalan.id/laravel/vendor/laravel/framework/src/Illuminate/Container/BoundMethod.php(93): Illuminate\Container\Util::unwrapIfClosure()
#22 /home/serveru1/apps.generasiandalan.id/laravel/vendor/laravel/framework/src/Illuminate/Container/BoundMethod.php(35): Illuminate\Container\BoundMethod::callBoundMethod()
#23 /home/serveru1/apps.generasiandalan.id/laravel/vendor/laravel/framework/src/Illuminate/Container/Container.php(653): Illuminate\Container\BoundMethod::call()
#24 /home/serveru1/apps.generasiandalan.id/laravel/vendor/laravel/framework/src/Illuminate/Foundation/Application.php(924): Illuminate\Container\Container->call()
#25 /home/serveru1/apps.generasiandalan.id/laravel/vendor/laravel/framework/src/Illuminate/Foundation/Application.php(905): Illuminate\Foundation\Application->bootProvider()
#26 [internal function]: Illuminate\Foundation\Application->Illuminate\Foundation\{closure}()
#27 /home/serveru1/apps.generasiandalan.id/laravel/vendor/laravel/framework/src/Illuminate/Foundation/Application.php(904): array_walk()
#28 /home/serveru1/apps.generasiandalan.id/laravel/vendor/laravel/framework/src/Illuminate/Foundation/Bootstrap/BootProviders.php(17): Illuminate\Foundation\Application->boot()
#29 /home/serveru1/apps.generasiandalan.id/laravel/vendor/laravel/framework/src/Illuminate/Foundation/Application.php(237): Illuminate\Foundation\Bootstrap\BootProviders->bootstrap()
#30 /home/serveru1/apps.generasiandalan.id/laravel/vendor/laravel/framework/src/Illuminate/Foundation/Http/Kernel.php(153): Illuminate\Foundation\Application->bootstrapWith()
#31 /home/serveru1/apps.generasiandalan.id/laravel/vendor/laravel/framework/src/Illuminate/Foundation/Http/Kernel.php(137): Illuminate\Foundation\Http\Kernel->bootstrap()
#32 /home/serveru1/apps.generasiandalan.id/laravel/vendor/laravel/framework/src/Illuminate/Foundation/Http/Kernel.php(111): Illuminate\Foundation\Http\Kernel->sendRequestThroughRouter()
#33 /home/serveru1/apps.generasiandalan.id/index.php(51): Illuminate\Foundation\Http\Kernel->handle()
#34 {main} in /home/serveru1/apps.generasiandalan.id/laravel/vendor/laravel/framework/src/Illuminate/View/Compilers/BladeCompiler.php on line 15
[27-Jan-2024 14:11:24 Asia/Jakarta] PHP Deprecated:  Using ${var} in strings is deprecated, use {$var} instead in /home/serveru1/apps.generasiandalan.id/laravel/vendor/dompdf/dompdf/src/Css/Style.php on line 2832
[27-Jan-2024 14:11:24 Asia/Jakarta] PHP Deprecated:  Using ${var} in strings is deprecated, use {$var} instead in /home/serveru1/apps.generasiandalan.id/laravel/vendor/dompdf/dompdf/src/Css/Style.php on line 2834
[27-Jan-2024 14:11:24 Asia/Jakarta] PHP Deprecated:  Using ${var} in strings is deprecated, use {$var} instead in /home/serveru1/apps.generasiandalan.id/laravel/vendor/dompdf/dompdf/src/Css/Style.php on line 2837
[03-Mar-2024 09:32:13 Asia/Jakarta] PHP Deprecated:  Using ${var} in strings is deprecated, use {$var} instead in /home/serveru1/apps.generasiandalan.id/laravel/vendor/dompdf/dompdf/src/Css/Style.php on line 2832
[03-Mar-2024 09:32:13 Asia/Jakarta] PHP Deprecated:  Using ${var} in strings is deprecated, use {$var} instead in /home/serveru1/apps.generasiandalan.id/laravel/vendor/dompdf/dompdf/src/Css/Style.php on line 2834
[03-Mar-2024 09:32:13 Asia/Jakarta] PHP Deprecated:  Using ${var} in strings is deprecated, use {$var} instead in /home/serveru1/apps.generasiandalan.id/laravel/vendor/dompdf/dompdf/src/Css/Style.php on line 2837
[03-Mar-2024 09:34:32 Asia/Jakarta] PHP Deprecated:  Using ${var} in strings is deprecated, use {$var} instead in /home/serveru1/apps.generasiandalan.id/laravel/vendor/dompdf/dompdf/src/Css/Style.php on line 2832
[03-Mar-2024 09:34:32 Asia/Jakarta] PHP Deprecated:  Using ${var} in strings is deprecated, use {$var} instead in /home/serveru1/apps.generasiandalan.id/laravel/vendor/dompdf/dompdf/src/Css/Style.php on line 2834
[03-Mar-2024 09:34:32 Asia/Jakarta] PHP Deprecated:  Using ${var} in strings is deprecated, use {$var} instead in /home/serveru1/apps.generasiandalan.id/laravel/vendor/dompdf/dompdf/src/Css/Style.php on line 2837
[05-Mar-2024 08:31:53 Asia/Jakarta] PHP Deprecated:  Using ${var} in strings is deprecated, use {$var} instead in /home/serveru1/apps.generasiandalan.id/laravel/vendor/dompdf/dompdf/src/Css/Style.php on line 2832
[05-Mar-2024 08:31:53 Asia/Jakarta] PHP Deprecated:  Using ${var} in strings is deprecated, use {$var} instead in /home/serveru1/apps.generasiandalan.id/laravel/vendor/dompdf/dompdf/src/Css/Style.php on line 2834
[05-Mar-2024 08:31:53 Asia/Jakarta] PHP Deprecated:  Using ${var} in strings is deprecated, use {$var} instead in /home/serveru1/apps.generasiandalan.id/laravel/vendor/dompdf/dompdf/src/Css/Style.php on line 2837
[05-Mar-2024 21:00:26 Asia/Jakarta] PHP Deprecated:  Using ${var} in strings is deprecated, use {$var} instead in /home/serveru1/apps.generasiandalan.id/laravel/vendor/dompdf/dompdf/src/Css/Style.php on line 2832
[05-Mar-2024 21:00:26 Asia/Jakarta] PHP Deprecated:  Using ${var} in strings is deprecated, use {$var} instead in /home/serveru1/apps.generasiandalan.id/laravel/vendor/dompdf/dompdf/src/Css/Style.php on line 2834
[05-Mar-2024 21:00:26 Asia/Jakarta] PHP Deprecated:  Using ${var} in strings is deprecated, use {$var} instead in /home/serveru1/apps.generasiandalan.id/laravel/vendor/dompdf/dompdf/src/Css/Style.php on line 2837
[05-Mar-2024 21:09:45 Asia/Jakarta] PHP Deprecated:  Using ${var} in strings is deprecated, use {$var} instead in /home/serveru1/apps.generasiandalan.id/laravel/vendor/dompdf/dompdf/src/Css/Style.php on line 2832
[05-Mar-2024 21:09:45 Asia/Jakarta] PHP Deprecated:  Using ${var} in strings is deprecated, use {$var} instead in /home/serveru1/apps.generasiandalan.id/laravel/vendor/dompdf/dompdf/src/Css/Style.php on line 2834
[05-Mar-2024 21:09:45 Asia/Jakarta] PHP Deprecated:  Using ${var} in strings is deprecated, use {$var} instead in /home/serveru1/apps.generasiandalan.id/laravel/vendor/dompdf/dompdf/src/Css/Style.php on line 2837
[05-Mar-2024 21:15:37 Asia/Jakarta] PHP Deprecated:  Using ${var} in strings is deprecated, use {$var} instead in /home/serveru1/apps.generasiandalan.id/laravel/vendor/dompdf/dompdf/src/Css/Style.php on line 2832
[05-Mar-2024 21:15:37 Asia/Jakarta] PHP Deprecated:  Using ${var} in strings is deprecated, use {$var} instead in /home/serveru1/apps.generasiandalan.id/laravel/vendor/dompdf/dompdf/src/Css/Style.php on line 2834
[05-Mar-2024 21:15:37 Asia/Jakarta] PHP Deprecated:  Using ${var} in strings is deprecated, use {$var} instead in /home/serveru1/apps.generasiandalan.id/laravel/vendor/dompdf/dompdf/src/Css/Style.php on line 2837
[21-Mar-2024 13:09:41 Asia/Jakarta] PHP Parse error:  syntax error, unexpected '|', expecting variable (T_VARIABLE) in /home/landingu/apps.andalancpns.id/laravel/vendor/psr/log/src/LoggerInterface.php on line 30
[21-Mar-2024 13:09:41 Asia/Jakarta] PHP Fatal error:  Exception thrown without a stack frame in Unknown on line 0
[21-Mar-2024 13:09:53 Asia/Jakarta] PHP Parse error:  syntax error, unexpected '|', expecting variable (T_VARIABLE) in /home/landingu/apps.andalancpns.id/laravel/vendor/psr/log/src/LoggerInterface.php on line 30
[21-Mar-2024 13:09:53 Asia/Jakarta] PHP Fatal error:  Exception thrown without a stack frame in Unknown on line 0
[21-Mar-2024 15:54:20 Asia/Jakarta] PHP Parse error:  syntax error, unexpected '|', expecting variable (T_VARIABLE) in /home/landingu/apps.andalancpns.id/laravel/vendor/psr/log/src/LoggerInterface.php on line 30
[21-Mar-2024 15:54:20 Asia/Jakarta] PHP Fatal error:  Exception thrown without a stack frame in Unknown on line 0
[21-Mar-2024 15:54:22 Asia/Jakarta] PHP Parse error:  syntax error, unexpected '|', expecting variable (T_VARIABLE) in /home/landingu/apps.andalancpns.id/laravel/vendor/psr/log/src/LoggerInterface.php on line 30
[21-Mar-2024 15:54:22 Asia/Jakarta] PHP Fatal error:  Exception thrown without a stack frame in Unknown on line 0
[21-Mar-2024 15:59:23 Asia/Jakarta] PHP Parse error:  syntax error, unexpected '|', expecting variable (T_VARIABLE) in /home/landingu/apps.andalancpns.id/laravel/vendor/psr/log/src/LoggerInterface.php on line 30
[21-Mar-2024 15:59:23 Asia/Jakarta] PHP Fatal error:  Exception thrown without a stack frame in Unknown on line 0
[21-Mar-2024 16:01:26 Asia/Jakarta] PHP Parse error:  syntax error, unexpected '|', expecting variable (T_VARIABLE) in /home/landingu/apps.andalancpns.id/laravel/vendor/psr/log/src/LoggerInterface.php on line 30
[21-Mar-2024 16:01:26 Asia/Jakarta] PHP Fatal error:  Exception thrown without a stack frame in Unknown on line 0
[21-Mar-2024 16:02:55 Asia/Jakarta] PHP Parse error:  syntax error, unexpected '|', expecting variable (T_VARIABLE) in /home/landingu/apps.andalancpns.id/laravel/vendor/psr/log/src/LoggerInterface.php on line 30
[21-Mar-2024 16:02:55 Asia/Jakarta] PHP Fatal error:  Exception thrown without a stack frame in Unknown on line 0
[22-Mar-2024 04:47:40 Asia/Jakarta] PHP Parse error:  syntax error, unexpected '|', expecting variable (T_VARIABLE) in /home/landingu/apps.andalancpns.id/laravel/vendor/psr/log/src/LoggerInterface.php on line 30
[22-Mar-2024 04:47:40 Asia/Jakarta] PHP Fatal error:  Exception thrown without a stack frame in Unknown on line 0
[22-Mar-2024 07:12:34 Asia/Jakarta] PHP Parse error:  syntax error, unexpected '|', expecting variable (T_VARIABLE) in /home/landingu/apps.andalancpns.id/laravel/vendor/psr/log/src/LoggerInterface.php on line 30
[22-Mar-2024 07:12:34 Asia/Jakarta] PHP Fatal error:  Exception thrown without a stack frame in Unknown on line 0
[22-Mar-2024 07:12:39 Asia/Jakarta] PHP Parse error:  syntax error, unexpected '|', expecting variable (T_VARIABLE) in /home/landingu/apps.andalancpns.id/laravel/vendor/psr/log/src/LoggerInterface.php on line 30
[22-Mar-2024 07:12:39 Asia/Jakarta] PHP Fatal error:  Exception thrown without a stack frame in Unknown on line 0
[22-Mar-2024 07:13:20 Asia/Jakarta] PHP Parse error:  syntax error, unexpected '|', expecting variable (T_VARIABLE) in /home/landingu/apps.andalancpns.id/laravel/vendor/psr/log/src/LoggerInterface.php on line 30
[22-Mar-2024 07:13:20 Asia/Jakarta] PHP Fatal error:  Exception thrown without a stack frame in Unknown on line 0
[22-Mar-2024 07:13:25 Asia/Jakarta] PHP Parse error:  syntax error, unexpected '|', expecting variable (T_VARIABLE) in /home/landingu/apps.andalancpns.id/laravel/vendor/psr/log/src/LoggerInterface.php on line 30
[22-Mar-2024 07:13:25 Asia/Jakarta] PHP Fatal error:  Exception thrown without a stack frame in Unknown on line 0
[22-Mar-2024 10:50:46 Asia/Jakarta] PHP Parse error:  syntax error, unexpected '|', expecting variable (T_VARIABLE) in /home/landingu/apps.andalancpns.id/laravel/vendor/psr/log/src/LoggerInterface.php on line 30
[22-Mar-2024 10:50:46 Asia/Jakarta] PHP Fatal error:  Exception thrown without a stack frame in Unknown on line 0
[22-Mar-2024 10:50:49 Asia/Jakarta] PHP Parse error:  syntax error, unexpected '|', expecting variable (T_VARIABLE) in /home/landingu/apps.andalancpns.id/laravel/vendor/psr/log/src/LoggerInterface.php on line 30
[22-Mar-2024 10:50:49 Asia/Jakarta] PHP Fatal error:  Exception thrown without a stack frame in Unknown on line 0
[22-Mar-2024 10:51:09 Asia/Jakarta] PHP Parse error:  syntax error, unexpected '|', expecting variable (T_VARIABLE) in /home/landingu/apps.andalancpns.id/laravel/vendor/psr/log/src/LoggerInterface.php on line 30
[22-Mar-2024 10:51:09 Asia/Jakarta] PHP Fatal error:  Exception thrown without a stack frame in Unknown on line 0
[22-Mar-2024 10:51:15 Asia/Jakarta] PHP Parse error:  syntax error, unexpected '|', expecting variable (T_VARIABLE) in /home/landingu/apps.andalancpns.id/laravel/vendor/psr/log/src/LoggerInterface.php on line 30
[22-Mar-2024 10:51:15 Asia/Jakarta] PHP Fatal error:  Exception thrown without a stack frame in Unknown on line 0
[22-Mar-2024 10:51:16 Asia/Jakarta] PHP Parse error:  syntax error, unexpected '|', expecting variable (T_VARIABLE) in /home/landingu/apps.andalancpns.id/laravel/vendor/psr/log/src/LoggerInterface.php on line 30
[22-Mar-2024 10:51:16 Asia/Jakarta] PHP Fatal error:  Exception thrown without a stack frame in Unknown on line 0
[22-Mar-2024 10:56:24 Asia/Jakarta] PHP Parse error:  syntax error, unexpected '|', expecting variable (T_VARIABLE) in /home/landingu/apps.andalancpns.id/laravel/vendor/psr/log/src/LoggerInterface.php on line 30
[22-Mar-2024 10:56:24 Asia/Jakarta] PHP Fatal error:  Exception thrown without a stack frame in Unknown on line 0
[22-Mar-2024 10:56:27 Asia/Jakarta] PHP Parse error:  syntax error, unexpected '|', expecting variable (T_VARIABLE) in /home/landingu/apps.andalancpns.id/laravel/vendor/psr/log/src/LoggerInterface.php on line 30
[22-Mar-2024 10:56:27 Asia/Jakarta] PHP Fatal error:  Exception thrown without a stack frame in Unknown on line 0
[22-Mar-2024 11:16:25 Asia/Jakarta] PHP Parse error:  syntax error, unexpected '|', expecting variable (T_VARIABLE) in /home/landingu/apps.andalancpns.id/laravel/vendor/psr/log/src/LoggerInterface.php on line 30
[22-Mar-2024 11:16:25 Asia/Jakarta] PHP Fatal error:  Exception thrown without a stack frame in Unknown on line 0
[22-Mar-2024 11:21:52 Asia/Jakarta] PHP Parse error:  syntax error, unexpected '|', expecting variable (T_VARIABLE) in /home/landingu/apps.andalancpns.id/laravel/vendor/psr/log/src/LoggerInterface.php on line 30
[22-Mar-2024 11:21:52 Asia/Jakarta] PHP Fatal error:  Exception thrown without a stack frame in Unknown on line 0
[17-Apr-2024 08:51:13 Asia/Jakarta] PHP Fatal error:  Composer detected issues in your platform: Your Composer dependencies require a PHP version ">= 8.2.0". You are running 8.0.30. in /home/landingu/apps.andalancpns.id/laravel/vendor/composer/platform_check.php on line 28
[17-Apr-2024 09:30:12 Asia/Jakarta] PHP Fatal error:  Composer detected issues in your platform: Your Composer dependencies require a PHP version ">= 8.2.0". You are running 8.0.30. in /home/landingu/apps.andalancpns.id/laravel/vendor/composer/platform_check.php on line 28
[17-Apr-2024 09:30:18 Asia/Jakarta] PHP Fatal error:  Composer detected issues in your platform: Your Composer dependencies require a PHP version ">= 8.2.0". You are running 8.0.30. in /home/landingu/apps.andalancpns.id/laravel/vendor/composer/platform_check.php on line 28
[17-Apr-2024 09:32:24 Asia/Jakarta] PHP Fatal error:  Composer detected issues in your platform: Your Composer dependencies require a PHP version ">= 8.2.0". You are running 8.0.30. in /home/landingu/apps.andalancpns.id/laravel/vendor/composer/platform_check.php on line 28
[17-Apr-2024 10:00:33 Asia/Jakarta] PHP Fatal error:  Composer detected issues in your platform: Your Composer dependencies require a PHP version ">= 8.2.0". You are running 8.0.30. in /home/landingu/apps.andalancpns.id/laravel/vendor/composer/platform_check.php on line 28
[17-Apr-2024 10:04:11 Asia/Jakarta] PHP Fatal error:  Cannot redeclare App\Http\Kernel::$routeMiddleware in /home/landingu/apps.andalancpns.id/laravel/app/Http/Kernel.php on line 68
[17-Apr-2024 10:04:12 Asia/Jakarta] PHP Fatal error:  Cannot redeclare App\Http\Kernel::$routeMiddleware in /home/landingu/apps.andalancpns.id/laravel/app/Http/Kernel.php on line 68
[17-Apr-2024 10:04:13 Asia/Jakarta] PHP Fatal error:  Cannot redeclare App\Http\Kernel::$routeMiddleware in /home/landingu/apps.andalancpns.id/laravel/app/Http/Kernel.php on line 68
[17-Apr-2024 10:04:13 Asia/Jakarta] PHP Fatal error:  Cannot redeclare App\Http\Kernel::$routeMiddleware in /home/landingu/apps.andalancpns.id/laravel/app/Http/Kernel.php on line 68
[17-Apr-2024 10:04:14 Asia/Jakarta] PHP Fatal error:  Cannot redeclare App\Http\Kernel::$routeMiddleware in /home/landingu/apps.andalancpns.id/laravel/app/Http/Kernel.php on line 68
[17-Apr-2024 10:04:14 Asia/Jakarta] PHP Fatal error:  Cannot redeclare App\Http\Kernel::$routeMiddleware in /home/landingu/apps.andalancpns.id/laravel/app/Http/Kernel.php on line 68
[17-Apr-2024 10:04:20 Asia/Jakarta] PHP Fatal error:  Cannot redeclare App\Http\Kernel::$routeMiddleware in /home/landingu/apps.andalancpns.id/laravel/app/Http/Kernel.php on line 68
[17-Apr-2024 10:04:49 Asia/Jakarta] PHP Fatal error:  Cannot redeclare App\Http\Kernel::$routeMiddleware in /home/landingu/apps.andalancpns.id/laravel/app/Http/Kernel.php on line 68
[17-Apr-2024 10:06:17 Asia/Jakarta] PHP Fatal error:  Cannot redeclare App\Http\Kernel::$routeMiddleware in /home/landingu/apps.andalancpns.id/laravel/app/Http/Kernel.php on line 68
[17-Apr-2024 10:06:19 Asia/Jakarta] PHP Fatal error:  Cannot redeclare App\Http\Kernel::$routeMiddleware in /home/landingu/apps.andalancpns.id/laravel/app/Http/Kernel.php on line 68
[17-Apr-2024 10:06:21 Asia/Jakarta] PHP Fatal error:  Cannot redeclare App\Http\Kernel::$routeMiddleware in /home/landingu/apps.andalancpns.id/laravel/app/Http/Kernel.php on line 68
[17-Apr-2024 10:06:25 Asia/Jakarta] PHP Fatal error:  Cannot redeclare App\Http\Kernel::$routeMiddleware in /home/landingu/apps.andalancpns.id/laravel/app/Http/Kernel.php on line 68
[17-Apr-2024 10:06:38 Asia/Jakarta] PHP Fatal error:  Cannot redeclare App\Http\Kernel::$routeMiddleware in /home/landingu/apps.andalancpns.id/laravel/app/Http/Kernel.php on line 68
[17-Apr-2024 10:06:40 Asia/Jakarta] PHP Fatal error:  Cannot redeclare App\Http\Kernel::$routeMiddleware in /home/landingu/apps.andalancpns.id/laravel/app/Http/Kernel.php on line 68
[17-Apr-2024 10:06:48 Asia/Jakarta] PHP Fatal error:  Cannot redeclare App\Http\Kernel::$routeMiddleware in /home/landingu/apps.andalancpns.id/laravel/app/Http/Kernel.php on line 68
[17-Apr-2024 10:07:13 Asia/Jakarta] PHP Fatal error:  Cannot redeclare App\Http\Kernel::$routeMiddleware in /home/landingu/apps.andalancpns.id/laravel/app/Http/Kernel.php on line 68
[17-Apr-2024 10:09:15 Asia/Jakarta] PHP Fatal error:  Cannot redeclare App\Http\Kernel::$routeMiddleware in /home/landingu/apps.andalancpns.id/laravel/app/Http/Kernel.php on line 68
[17-Apr-2024 10:09:18 Asia/Jakarta] PHP Fatal error:  Cannot redeclare App\Http\Kernel::$routeMiddleware in /home/landingu/apps.andalancpns.id/laravel/app/Http/Kernel.php on line 68
[17-Apr-2024 10:09:31 Asia/Jakarta] PHP Fatal error:  Cannot redeclare App\Http\Kernel::$routeMiddleware in /home/landingu/apps.andalancpns.id/laravel/app/Http/Kernel.php on line 68
[17-Apr-2024 10:10:02 Asia/Jakarta] PHP Fatal error:  Cannot redeclare App\Http\Kernel::$routeMiddleware in /home/landingu/apps.andalancpns.id/laravel/app/Http/Kernel.php on line 68
[25-Apr-2024 08:33:12 Asia/Jakarta] PHP Deprecated:  Using ${var} in strings is deprecated, use {$var} instead in /home/landingu/apps.andalancpns.id/laravel/vendor/dompdf/dompdf/src/Css/Style.php on line 2832
[25-Apr-2024 08:33:12 Asia/Jakarta] PHP Deprecated:  Using ${var} in strings is deprecated, use {$var} instead in /home/landingu/apps.andalancpns.id/laravel/vendor/dompdf/dompdf/src/Css/Style.php on line 2834
[25-Apr-2024 08:33:12 Asia/Jakarta] PHP Deprecated:  Using ${var} in strings is deprecated, use {$var} instead in /home/landingu/apps.andalancpns.id/laravel/vendor/dompdf/dompdf/src/Css/Style.php on line 2837
[27-Apr-2024 14:43:47 Asia/Jakarta] PHP Deprecated:  Using ${var} in strings is deprecated, use {$var} instead in /home/landingu/apps.andalancpns.id/laravel/vendor/dompdf/dompdf/src/Css/Style.php on line 2832
[27-Apr-2024 14:43:47 Asia/Jakarta] PHP Deprecated:  Using ${var} in strings is deprecated, use {$var} instead in /home/landingu/apps.andalancpns.id/laravel/vendor/dompdf/dompdf/src/Css/Style.php on line 2834
[27-Apr-2024 14:43:47 Asia/Jakarta] PHP Deprecated:  Using ${var} in strings is deprecated, use {$var} instead in /home/landingu/apps.andalancpns.id/laravel/vendor/dompdf/dompdf/src/Css/Style.php on line 2837
[01-May-2024 16:45:40 Asia/Jakarta] PHP Deprecated:  Using ${var} in strings is deprecated, use {$var} instead in /home/landingu/apps.andalancpns.id/laravel/vendor/dompdf/dompdf/src/Css/Style.php on line 2832
[01-May-2024 16:45:40 Asia/Jakarta] PHP Deprecated:  Using ${var} in strings is deprecated, use {$var} instead in /home/landingu/apps.andalancpns.id/laravel/vendor/dompdf/dompdf/src/Css/Style.php on line 2834
[01-May-2024 16:45:40 Asia/Jakarta] PHP Deprecated:  Using ${var} in strings is deprecated, use {$var} instead in /home/landingu/apps.andalancpns.id/laravel/vendor/dompdf/dompdf/src/Css/Style.php on line 2837
[01-May-2024 16:50:18 Asia/Jakarta] PHP Deprecated:  Using ${var} in strings is deprecated, use {$var} instead in /home/landingu/apps.andalancpns.id/laravel/vendor/dompdf/dompdf/src/Css/Style.php on line 2832
[01-May-2024 16:50:18 Asia/Jakarta] PHP Deprecated:  Using ${var} in strings is deprecated, use {$var} instead in /home/landingu/apps.andalancpns.id/laravel/vendor/dompdf/dompdf/src/Css/Style.php on line 2834
[01-May-2024 16:50:18 Asia/Jakarta] PHP Deprecated:  Using ${var} in strings is deprecated, use {$var} instead in /home/landingu/apps.andalancpns.id/laravel/vendor/dompdf/dompdf/src/Css/Style.php on line 2837
[24-May-2024 11:39:36 UTC] PHP Fatal error:  Composer detected issues in your platform: Your Composer dependencies require a PHP version ">= 8.2.0". You are running 8.0.30. in /home/aspireu1/apps.andalancpns.id/laravel/vendor/composer/platform_check.php on line 28
[24-May-2024 11:48:20 UTC] PHP Fatal error:  Composer detected issues in your platform: Your Composer dependencies require a PHP version ">= 8.2.0". You are running 8.0.30. in /home/aspireu1/apps.andalancpns.id/laravel/vendor/composer/platform_check.php on line 28
[25-May-2024 00:41:56 UTC] PHP Fatal error:  Composer detected issues in your platform: Your Composer dependencies require a PHP version ">= 8.2.0". You are running 8.0.30. in /home/aspireu1/apps.andalancpns.id/laravel/vendor/composer/platform_check.php on line 28
[25-May-2024 00:45:53 UTC] PHP Fatal error:  Composer detected issues in your platform: Your Composer dependencies require a PHP version ">= 8.2.0". You are running 8.0.30. in /home/aspireu1/apps.andalancpns.id/laravel/vendor/composer/platform_check.php on line 28
[25-May-2024 01:06:11 UTC] PHP Fatal error:  Composer detected issues in your platform: Your Composer dependencies require a PHP version ">= 8.2.0". You are running 8.0.30. in /home/aspireu1/apps.andalancpns.id/laravel/vendor/composer/platform_check.php on line 28
[25-May-2024 01:06:12 UTC] PHP Fatal error:  Composer detected issues in your platform: Your Composer dependencies require a PHP version ">= 8.2.0". You are running 8.0.30. in /home/aspireu1/apps.andalancpns.id/laravel/vendor/composer/platform_check.php on line 28
[25-May-2024 02:37:18 UTC] PHP Fatal error:  Composer detected issues in your platform: Your Composer dependencies require a PHP version ">= 8.2.0". You are running 8.0.30. in /home/aspireu1/apps.andalancpns.id/laravel/vendor/composer/platform_check.php on line 28
[25-May-2024 04:34:27 UTC] PHP Fatal error:  Composer detected issues in your platform: Your Composer dependencies require a PHP version ">= 8.2.0". You are running 8.0.30. in /home/aspireu1/apps.andalancpns.id/laravel/vendor/composer/platform_check.php on line 28
[25-May-2024 04:35:53 UTC] PHP Fatal error:  Composer detected issues in your platform: Your Composer dependencies require a PHP version ">= 8.2.0". You are running 8.0.30. in /home/aspireu1/apps.andalancpns.id/laravel/vendor/composer/platform_check.php on line 28
[25-May-2024 04:36:00 UTC] PHP Fatal error:  Composer detected issues in your platform: Your Composer dependencies require a PHP version ">= 8.2.0". You are running 8.0.30. in /home/aspireu1/apps.andalancpns.id/laravel/vendor/composer/platform_check.php on line 28
[25-May-2024 04:36:29 UTC] PHP Fatal error:  Composer detected issues in your platform: Your Composer dependencies require a PHP version ">= 8.2.0". You are running 8.0.30. in /home/aspireu1/apps.andalancpns.id/laravel/vendor/composer/platform_check.php on line 28
[25-May-2024 04:39:33 UTC] PHP Fatal error:  Composer detected issues in your platform: Your Composer dependencies require a PHP version ">= 8.2.0". You are running 8.0.30. in /home/aspireu1/apps.andalancpns.id/laravel/vendor/composer/platform_check.php on line 28
[25-May-2024 04:39:47 UTC] PHP Fatal error:  Composer detected issues in your platform: Your Composer dependencies require a PHP version ">= 8.2.0". You are running 8.0.30. in /home/aspireu1/apps.andalancpns.id/laravel/vendor/composer/platform_check.php on line 28
[25-May-2024 04:47:36 UTC] PHP Fatal error:  Composer detected issues in your platform: Your Composer dependencies require a PHP version ">= 8.2.0". You are running 8.1.28. in /home/aspireu1/apps.andalancpns.id/laravel/vendor/composer/platform_check.php on line 28
[25-May-2024 05:07:52 UTC] PHP Fatal error:  Composer detected issues in your platform: Your Composer dependencies require a PHP version ">= 8.2.0". You are running 8.1.28. in /home/aspireu1/apps.andalancpns.id/laravel/vendor/composer/platform_check.php on line 28
[25-May-2024 06:05:39 UTC] PHP Fatal error:  Composer detected issues in your platform: Your Composer dependencies require a PHP version ">= 8.2.0". You are running 8.1.28. in /home/aspireu1/apps.andalancpns.id/laravel/vendor/composer/platform_check.php on line 28
[25-May-2024 09:30:49 UTC] PHP Fatal error:  Composer detected issues in your platform: Your Composer dependencies require a PHP version ">= 8.2.0". You are running 8.1.28. in /home/aspireu1/apps.andalancpns.id/laravel/vendor/composer/platform_check.php on line 28
[25-May-2024 11:10:16 UTC] PHP Fatal error:  Composer detected issues in your platform: Your Composer dependencies require a PHP version ">= 8.2.0". You are running 8.1.28. in /home/aspireu1/apps.andalancpns.id/laravel/vendor/composer/platform_check.php on line 28
[25-May-2024 11:10:20 UTC] PHP Fatal error:  Composer detected issues in your platform: Your Composer dependencies require a PHP version ">= 8.2.0". You are running 8.1.28. in /home/aspireu1/apps.andalancpns.id/laravel/vendor/composer/platform_check.php on line 28
[25-May-2024 11:10:25 UTC] PHP Fatal error:  Composer detected issues in your platform: Your Composer dependencies require a PHP version ">= 8.2.0". You are running 8.1.28. in /home/aspireu1/apps.andalancpns.id/laravel/vendor/composer/platform_check.php on line 28
[25-May-2024 11:14:49 UTC] PHP Fatal error:  Composer detected issues in your platform: Your Composer dependencies require a PHP version ">= 8.2.0". You are running 8.1.28. in /home/aspireu1/apps.andalancpns.id/laravel/vendor/composer/platform_check.php on line 28
[25-May-2024 11:43:24 UTC] PHP Fatal error:  Composer detected issues in your platform: Your Composer dependencies require a PHP version ">= 8.2.0". You are running 8.1.28. in /home/aspireu1/apps.andalancpns.id/laravel/vendor/composer/platform_check.php on line 28
[25-May-2024 12:33:33 UTC] PHP Fatal error:  Composer detected issues in your platform: Your Composer dependencies require a PHP version ">= 8.2.0". You are running 8.1.28. in /home/aspireu1/apps.andalancpns.id/laravel/vendor/composer/platform_check.php on line 28
[25-May-2024 12:33:34 UTC] PHP Fatal error:  Composer detected issues in your platform: Your Composer dependencies require a PHP version ">= 8.2.0". You are running 8.1.28. in /home/aspireu1/apps.andalancpns.id/laravel/vendor/composer/platform_check.php on line 28
[25-May-2024 18:52:22 UTC] PHP Fatal error:  Composer detected issues in your platform: Your Composer dependencies require a PHP version ">= 8.2.0". You are running 8.1.28. in /home/aspireu1/apps.andalancpns.id/laravel/vendor/composer/platform_check.php on line 28
[26-May-2024 00:24:48 UTC] PHP Fatal error:  Composer detected issues in your platform: Your Composer dependencies require a PHP version ">= 8.2.0". You are running 8.1.28. in /home/aspireu1/apps.andalancpns.id/laravel/vendor/composer/platform_check.php on line 28
[26-May-2024 00:26:42 UTC] PHP Fatal error:  Composer detected issues in your platform: Your Composer dependencies require a PHP version ">= 8.2.0". You are running 8.1.28. in /home/aspireu1/apps.andalancpns.id/laravel/vendor/composer/platform_check.php on line 28
[26-May-2024 00:53:17 UTC] PHP Fatal error:  Composer detected issues in your platform: Your Composer dependencies require a PHP version ">= 8.2.0". You are running 8.1.28. in /home/aspireu1/apps.andalancpns.id/laravel/vendor/composer/platform_check.php on line 28
[26-May-2024 00:53:42 UTC] PHP Fatal error:  Composer detected issues in your platform: Your Composer dependencies require a PHP version ">= 8.2.0". You are running 8.1.28. in /home/aspireu1/apps.andalancpns.id/laravel/vendor/composer/platform_check.php on line 28
[26-May-2024 00:53:44 UTC] PHP Fatal error:  Composer detected issues in your platform: Your Composer dependencies require a PHP version ">= 8.2.0". You are running 8.1.28. in /home/aspireu1/apps.andalancpns.id/laravel/vendor/composer/platform_check.php on line 28
[26-May-2024 00:53:45 UTC] PHP Fatal error:  Composer detected issues in your platform: Your Composer dependencies require a PHP version ">= 8.2.0". You are running 8.1.28. in /home/aspireu1/apps.andalancpns.id/laravel/vendor/composer/platform_check.php on line 28
[26-May-2024 05:57:02 UTC] PHP Fatal error:  Composer detected issues in your platform: Your Composer dependencies require a PHP version ">= 8.2.0". You are running 8.1.28. in /home/aspireu1/apps.andalancpns.id/laravel/vendor/composer/platform_check.php on line 28
[26-May-2024 07:55:00 UTC] PHP Fatal error:  Composer detected issues in your platform: Your Composer dependencies require a PHP version ">= 8.2.0". You are running 8.1.28. in /home/aspireu1/apps.andalancpns.id/laravel/vendor/composer/platform_check.php on line 28
[26-May-2024 11:24:58 UTC] PHP Fatal error:  Composer detected issues in your platform: Your Composer dependencies require a PHP version ">= 8.2.0". You are running 8.1.28. in /home/aspireu1/apps.andalancpns.id/laravel/vendor/composer/platform_check.php on line 28
[26-May-2024 11:28:41 UTC] PHP Fatal error:  Composer detected issues in your platform: Your Composer dependencies require a PHP version ">= 8.2.0". You are running 8.1.28. in /home/aspireu1/apps.andalancpns.id/laravel/vendor/composer/platform_check.php on line 28
[26-May-2024 12:56:36 UTC] PHP Fatal error:  Composer detected issues in your platform: Your Composer dependencies require a PHP version ">= 8.2.0". You are running 8.1.28. in /home/aspireu1/apps.andalancpns.id/laravel/vendor/composer/platform_check.php on line 28
[26-May-2024 13:49:49 UTC] PHP Fatal error:  Composer detected issues in your platform: Your Composer dependencies require a PHP version ">= 8.2.0". You are running 8.1.28. in /home/aspireu1/apps.andalancpns.id/laravel/vendor/composer/platform_check.php on line 28
[27-May-2024 00:21:06 UTC] PHP Fatal error:  Composer detected issues in your platform: Your Composer dependencies require a PHP version ">= 8.2.0". You are running 8.1.28. in /home/aspireu1/apps.andalancpns.id/laravel/vendor/composer/platform_check.php on line 28
[27-May-2024 00:24:28 UTC] PHP Fatal error:  Composer detected issues in your platform: Your Composer dependencies require a PHP version ">= 8.2.0". You are running 8.1.28. in /home/aspireu1/apps.andalancpns.id/laravel/vendor/composer/platform_check.php on line 28
[27-May-2024 02:17:03 UTC] PHP Fatal error:  Composer detected issues in your platform: Your Composer dependencies require a PHP version ">= 8.2.0". You are running 8.1.28. in /home/aspireu1/apps.andalancpns.id/laravel/vendor/composer/platform_check.php on line 28
[27-May-2024 02:28:34 UTC] PHP Fatal error:  Composer detected issues in your platform: Your Composer dependencies require a PHP version ">= 8.2.0". You are running 8.1.28. in /home/aspireu1/apps.andalancpns.id/laravel/vendor/composer/platform_check.php on line 28
[27-May-2024 02:28:36 UTC] PHP Fatal error:  Composer detected issues in your platform: Your Composer dependencies require a PHP version ">= 8.2.0". You are running 8.1.28. in /home/aspireu1/apps.andalancpns.id/laravel/vendor/composer/platform_check.php on line 28
[27-May-2024 02:34:39 UTC] PHP Fatal error:  Composer detected issues in your platform: Your Composer dependencies require a PHP version ">= 8.2.0". You are running 8.1.28. in /home/aspireu1/apps.andalancpns.id/laravel/vendor/composer/platform_check.php on line 28
[27-May-2024 03:09:51 UTC] PHP Fatal error:  Composer detected issues in your platform: Your Composer dependencies require a PHP version ">= 8.2.0". You are running 8.1.28. in /home/aspireu1/apps.andalancpns.id/laravel/vendor/composer/platform_check.php on line 28
[27-May-2024 04:03:08 UTC] PHP Fatal error:  Composer detected issues in your platform: Your Composer dependencies require a PHP version ">= 8.2.0". You are running 8.1.28. in /home/aspireu1/apps.andalancpns.id/laravel/vendor/composer/platform_check.php on line 28
[27-May-2024 04:19:48 UTC] PHP Fatal error:  Composer detected issues in your platform: Your Composer dependencies require a PHP version ">= 8.2.0". You are running 8.1.28. in /home/aspireu1/apps.andalancpns.id/laravel/vendor/composer/platform_check.php on line 28
[27-May-2024 04:22:37 UTC] PHP Fatal error:  Composer detected issues in your platform: Your Composer dependencies require a PHP version ">= 8.2.0". You are running 8.1.28. in /home/aspireu1/apps.andalancpns.id/laravel/vendor/composer/platform_check.php on line 28
[27-May-2024 04:22:40 UTC] PHP Fatal error:  Composer detected issues in your platform: Your Composer dependencies require a PHP version ">= 8.2.0". You are running 8.1.28. in /home/aspireu1/apps.andalancpns.id/laravel/vendor/composer/platform_check.php on line 28
[27-May-2024 04:26:50 UTC] PHP Fatal error:  Composer detected issues in your platform: Your Composer dependencies require a PHP version ">= 8.2.0". You are running 8.1.28. in /home/aspireu1/apps.andalancpns.id/laravel/vendor/composer/platform_check.php on line 28
[01-Oct-2024 02:48:29 UTC] PHP Fatal error:  Composer detected issues in your platform: Your Composer dependencies require a PHP version ">= 8.2.0". You are running 8.0.30. in /home/andalan6/apps.generasipenerus.com/laravel/vendor/composer/platform_check.php on line 28
[01-Oct-2024 02:48:50 UTC] PHP Fatal error:  Composer detected issues in your platform: Your Composer dependencies require a PHP version ">= 8.2.0". You are running 8.0.30. in /home/andalan6/apps.generasipenerus.com/laravel/vendor/composer/platform_check.php on line 28
[01-Oct-2024 02:53:50 UTC] PHP Fatal error:  Composer detected issues in your platform: Your Composer dependencies require a PHP version ">= 8.2.0". You are running 8.0.30. in /home/andalan6/apps.generasipenerus.com/laravel/vendor/composer/platform_check.php on line 28
[01-Oct-2024 02:58:50 UTC] PHP Fatal error:  Composer detected issues in your platform: Your Composer dependencies require a PHP version ">= 8.2.0". You are running 8.0.30. in /home/andalan6/apps.generasipenerus.com/laravel/vendor/composer/platform_check.php on line 28
[01-Oct-2024 03:03:50 UTC] PHP Fatal error:  Composer detected issues in your platform: Your Composer dependencies require a PHP version ">= 8.2.0". You are running 8.0.30. in /home/andalan6/apps.generasipenerus.com/laravel/vendor/composer/platform_check.php on line 28
[01-Oct-2024 03:08:50 UTC] PHP Fatal error:  Composer detected issues in your platform: Your Composer dependencies require a PHP version ">= 8.2.0". You are running 8.0.30. in /home/andalan6/apps.generasipenerus.com/laravel/vendor/composer/platform_check.php on line 28
[01-Oct-2024 03:13:50 UTC] PHP Fatal error:  Composer detected issues in your platform: Your Composer dependencies require a PHP version ">= 8.2.0". You are running 8.0.30. in /home/andalan6/apps.generasipenerus.com/laravel/vendor/composer/platform_check.php on line 28
[01-Oct-2024 03:18:50 UTC] PHP Fatal error:  Composer detected issues in your platform: Your Composer dependencies require a PHP version ">= 8.2.0". You are running 8.0.30. in /home/andalan6/apps.generasipenerus.com/laravel/vendor/composer/platform_check.php on line 28
[01-Oct-2024 03:23:50 UTC] PHP Fatal error:  Composer detected issues in your platform: Your Composer dependencies require a PHP version ">= 8.2.0". You are running 8.0.30. in /home/andalan6/apps.generasipenerus.com/laravel/vendor/composer/platform_check.php on line 28
[25-Oct-2024 14:34:58 Asia/Jakarta] PHP Fatal error:  Cannot redeclare App\Models\KategoriMateri::_materi_kategoris() in /home/andalan6/apps.generasipenerus.com/laravel/app/Models/KategoriMateri.php on line 301
[25-Oct-2024 14:36:31 Asia/Jakarta] PHP Fatal error:  Cannot redeclare App\Models\KategoriMateri::_materi_kategoris() in /home/andalan6/apps.generasipenerus.com/laravel/app/Models/KategoriMateri.php on line 301
[25-Oct-2024 14:36:50 Asia/Jakarta] PHP Fatal error:  Cannot redeclare App\Models\KategoriMateri::_materi_kategoris() in /home/andalan6/apps.generasipenerus.com/laravel/app/Models/KategoriMateri.php on line 301
[25-Oct-2024 14:37:39 Asia/Jakarta] PHP Fatal error:  Cannot redeclare App\Models\KategoriMateri::_materi_kategoris() in /home/andalan6/apps.generasipenerus.com/laravel/app/Models/KategoriMateri.php on line 301
[26-Oct-2024 03:01:13 UTC] PHP Warning:  require(/home/andalan6/apps.generasipenerus.com/laravel/vendor/autoload.php): Failed to open stream: No such file or directory in /home/andalan6/apps.generasipenerus.com/index.php on line 34
[26-Oct-2024 03:01:13 UTC] PHP Fatal error:  Uncaught Error: Failed opening required '/home/andalan6/apps.generasipenerus.com/laravel/vendor/autoload.php' (include_path='.:/opt/alt/php82/usr/share/pear:/opt/alt/php82/usr/share/php:/usr/share/pear:/usr/share/php') in /home/andalan6/apps.generasipenerus.com/index.php:34
Stack trace:
#0 {main}
  thrown in /home/andalan6/apps.generasipenerus.com/index.php on line 34
[26-Oct-2024 03:04:35 UTC] PHP Warning:  require(/home/andalan6/apps.generasipenerus.com/laravel/vendor/autoload.php): Failed to open stream: No such file or directory in /home/andalan6/apps.generasipenerus.com/index.php on line 34
[26-Oct-2024 03:04:35 UTC] PHP Fatal error:  Uncaught Error: Failed opening required '/home/andalan6/apps.generasipenerus.com/laravel/vendor/autoload.php' (include_path='.:/opt/alt/php82/usr/share/pear:/opt/alt/php82/usr/share/php:/usr/share/pear:/usr/share/php') in /home/andalan6/apps.generasipenerus.com/index.php:34
Stack trace:
#0 {main}
  thrown in /home/andalan6/apps.generasipenerus.com/index.php on line 34
[26-Oct-2024 03:09:40 UTC] PHP Warning:  require(/home/andalan6/apps.generasipenerus.com/laravel/vendor/autoload.php): Failed to open stream: No such file or directory in /home/andalan6/apps.generasipenerus.com/index.php on line 34
[26-Oct-2024 03:09:40 UTC] PHP Fatal error:  Uncaught Error: Failed opening required '/home/andalan6/apps.generasipenerus.com/laravel/vendor/autoload.php' (include_path='.:/opt/alt/php82/usr/share/pear:/opt/alt/php82/usr/share/php:/usr/share/pear:/usr/share/php') in /home/andalan6/apps.generasipenerus.com/index.php:34
Stack trace:
#0 {main}
  thrown in /home/andalan6/apps.generasipenerus.com/index.php on line 34
[26-Oct-2024 03:14:45 UTC] PHP Warning:  require(/home/andalan6/apps.generasipenerus.com/laravel/vendor/autoload.php): Failed to open stream: No such file or directory in /home/andalan6/apps.generasipenerus.com/index.php on line 34
[26-Oct-2024 03:14:45 UTC] PHP Fatal error:  Uncaught Error: Failed opening required '/home/andalan6/apps.generasipenerus.com/laravel/vendor/autoload.php' (include_path='.:/opt/alt/php82/usr/share/pear:/opt/alt/php82/usr/share/php:/usr/share/pear:/usr/share/php') in /home/andalan6/apps.generasipenerus.com/index.php:34
Stack trace:
#0 {main}
  thrown in /home/andalan6/apps.generasipenerus.com/index.php on line 34
[26-Oct-2024 03:19:50 UTC] PHP Warning:  require(/home/andalan6/apps.generasipenerus.com/laravel/vendor/autoload.php): Failed to open stream: No such file or directory in /home/andalan6/apps.generasipenerus.com/index.php on line 34
[26-Oct-2024 03:19:50 UTC] PHP Fatal error:  Uncaught Error: Failed opening required '/home/andalan6/apps.generasipenerus.com/laravel/vendor/autoload.php' (include_path='.:/opt/alt/php82/usr/share/pear:/opt/alt/php82/usr/share/php:/usr/share/pear:/usr/share/php') in /home/andalan6/apps.generasipenerus.com/index.php:34
Stack trace:
#0 {main}
  thrown in /home/andalan6/apps.generasipenerus.com/index.php on line 34
[26-Oct-2024 03:22:00 UTC] PHP Warning:  require(/home/andalan6/apps.generasipenerus.com/laravel/vendor/autoload.php): Failed to open stream: No such file or directory in /home/andalan6/apps.generasipenerus.com/index.php on line 34
[26-Oct-2024 03:22:00 UTC] PHP Fatal error:  Uncaught Error: Failed opening required '/home/andalan6/apps.generasipenerus.com/laravel/vendor/autoload.php' (include_path='.:/opt/alt/php82/usr/share/pear:/opt/alt/php82/usr/share/php:/usr/share/pear:/usr/share/php') in /home/andalan6/apps.generasipenerus.com/index.php:34
Stack trace:
#0 {main}
  thrown in /home/andalan6/apps.generasipenerus.com/index.php on line 34
[26-Oct-2024 03:24:55 UTC] PHP Warning:  require(/home/andalan6/apps.generasipenerus.com/laravel/vendor/autoload.php): Failed to open stream: No such file or directory in /home/andalan6/apps.generasipenerus.com/index.php on line 34
[26-Oct-2024 03:24:55 UTC] PHP Fatal error:  Uncaught Error: Failed opening required '/home/andalan6/apps.generasipenerus.com/laravel/vendor/autoload.php' (include_path='.:/opt/alt/php82/usr/share/pear:/opt/alt/php82/usr/share/php:/usr/share/pear:/usr/share/php') in /home/andalan6/apps.generasipenerus.com/index.php:34
Stack trace:
#0 {main}
  thrown in /home/andalan6/apps.generasipenerus.com/index.php on line 34
[13-Nov-2024 21:53:48 Asia/Jakarta] PHP Deprecated:  Using ${var} in strings is deprecated, use {$var} instead in /home/andalan6/apps.generasipenerus.com/laravel/vendor/dompdf/dompdf/src/Css/Style.php on line 2832
[13-Nov-2024 21:53:48 Asia/Jakarta] PHP Deprecated:  Using ${var} in strings is deprecated, use {$var} instead in /home/andalan6/apps.generasipenerus.com/laravel/vendor/dompdf/dompdf/src/Css/Style.php on line 2834
[13-Nov-2024 21:53:48 Asia/Jakarta] PHP Deprecated:  Using ${var} in strings is deprecated, use {$var} instead in /home/andalan6/apps.generasipenerus.com/laravel/vendor/dompdf/dompdf/src/Css/Style.php on line 2837
[14-Nov-2024 14:45:12 Asia/Jakarta] PHP Deprecated:  Using ${var} in strings is deprecated, use {$var} instead in /home/andalan6/apps.generasipenerus.com/laravel/vendor/dompdf/dompdf/src/Css/Style.php on line 2832
[14-Nov-2024 14:45:12 Asia/Jakarta] PHP Deprecated:  Using ${var} in strings is deprecated, use {$var} instead in /home/andalan6/apps.generasipenerus.com/laravel/vendor/dompdf/dompdf/src/Css/Style.php on line 2834
[14-Nov-2024 14:45:12 Asia/Jakarta] PHP Deprecated:  Using ${var} in strings is deprecated, use {$var} instead in /home/andalan6/apps.generasipenerus.com/laravel/vendor/dompdf/dompdf/src/Css/Style.php on line 2837
[14-Nov-2024 17:55:12 Asia/Jakarta] PHP Deprecated:  Using ${var} in strings is deprecated, use {$var} instead in /home/andalan6/apps.generasipenerus.com/laravel/vendor/dompdf/dompdf/src/Css/Style.php on line 2832
[14-Nov-2024 17:55:12 Asia/Jakarta] PHP Deprecated:  Using ${var} in strings is deprecated, use {$var} instead in /home/andalan6/apps.generasipenerus.com/laravel/vendor/dompdf/dompdf/src/Css/Style.php on line 2834
[14-Nov-2024 17:55:12 Asia/Jakarta] PHP Deprecated:  Using ${var} in strings is deprecated, use {$var} instead in /home/andalan6/apps.generasipenerus.com/laravel/vendor/dompdf/dompdf/src/Css/Style.php on line 2837
[15-Nov-2024 08:11:07 Asia/Jakarta] PHP Deprecated:  Using ${var} in strings is deprecated, use {$var} instead in /home/andalan6/apps.generasipenerus.com/laravel/vendor/dompdf/dompdf/src/Css/Style.php on line 2832
[15-Nov-2024 08:11:07 Asia/Jakarta] PHP Deprecated:  Using ${var} in strings is deprecated, use {$var} instead in /home/andalan6/apps.generasipenerus.com/laravel/vendor/dompdf/dompdf/src/Css/Style.php on line 2834
[15-Nov-2024 08:11:07 Asia/Jakarta] PHP Deprecated:  Using ${var} in strings is deprecated, use {$var} instead in /home/andalan6/apps.generasipenerus.com/laravel/vendor/dompdf/dompdf/src/Css/Style.php on line 2837
[15-Nov-2024 08:12:27 Asia/Jakarta] PHP Deprecated:  Using ${var} in strings is deprecated, use {$var} instead in /home/andalan6/apps.generasipenerus.com/laravel/vendor/dompdf/dompdf/src/Css/Style.php on line 2832
[15-Nov-2024 08:12:27 Asia/Jakarta] PHP Deprecated:  Using ${var} in strings is deprecated, use {$var} instead in /home/andalan6/apps.generasipenerus.com/laravel/vendor/dompdf/dompdf/src/Css/Style.php on line 2834
[15-Nov-2024 08:12:27 Asia/Jakarta] PHP Deprecated:  Using ${var} in strings is deprecated, use {$var} instead in /home/andalan6/apps.generasipenerus.com/laravel/vendor/dompdf/dompdf/src/Css/Style.php on line 2837
[15-Nov-2024 08:15:02 Asia/Jakarta] PHP Deprecated:  Using ${var} in strings is deprecated, use {$var} instead in /home/andalan6/apps.generasipenerus.com/laravel/vendor/dompdf/dompdf/src/Css/Style.php on line 2832
[15-Nov-2024 08:15:02 Asia/Jakarta] PHP Deprecated:  Using ${var} in strings is deprecated, use {$var} instead in /home/andalan6/apps.generasipenerus.com/laravel/vendor/dompdf/dompdf/src/Css/Style.php on line 2834
[15-Nov-2024 08:15:02 Asia/Jakarta] PHP Deprecated:  Using ${var} in strings is deprecated, use {$var} instead in /home/andalan6/apps.generasipenerus.com/laravel/vendor/dompdf/dompdf/src/Css/Style.php on line 2837
[15-Nov-2024 08:16:53 Asia/Jakarta] PHP Deprecated:  Using ${var} in strings is deprecated, use {$var} instead in /home/andalan6/apps.generasipenerus.com/laravel/vendor/dompdf/dompdf/src/Css/Style.php on line 2832
[15-Nov-2024 08:16:53 Asia/Jakarta] PHP Deprecated:  Using ${var} in strings is deprecated, use {$var} instead in /home/andalan6/apps.generasipenerus.com/laravel/vendor/dompdf/dompdf/src/Css/Style.php on line 2834
[15-Nov-2024 08:16:53 Asia/Jakarta] PHP Deprecated:  Using ${var} in strings is deprecated, use {$var} instead in /home/andalan6/apps.generasipenerus.com/laravel/vendor/dompdf/dompdf/src/Css/Style.php on line 2837
[15-Nov-2024 08:18:07 Asia/Jakarta] PHP Deprecated:  Using ${var} in strings is deprecated, use {$var} instead in /home/andalan6/apps.generasipenerus.com/laravel/vendor/dompdf/dompdf/src/Css/Style.php on line 2832
[15-Nov-2024 08:18:07 Asia/Jakarta] PHP Deprecated:  Using ${var} in strings is deprecated, use {$var} instead in /home/andalan6/apps.generasipenerus.com/laravel/vendor/dompdf/dompdf/src/Css/Style.php on line 2834
[15-Nov-2024 08:18:07 Asia/Jakarta] PHP Deprecated:  Using ${var} in strings is deprecated, use {$var} instead in /home/andalan6/apps.generasipenerus.com/laravel/vendor/dompdf/dompdf/src/Css/Style.php on line 2837
[15-Nov-2024 08:18:41 Asia/Jakarta] PHP Deprecated:  Using ${var} in strings is deprecated, use {$var} instead in /home/andalan6/apps.generasipenerus.com/laravel/vendor/dompdf/dompdf/src/Css/Style.php on line 2832
[15-Nov-2024 08:18:41 Asia/Jakarta] PHP Deprecated:  Using ${var} in strings is deprecated, use {$var} instead in /home/andalan6/apps.generasipenerus.com/laravel/vendor/dompdf/dompdf/src/Css/Style.php on line 2834
[15-Nov-2024 08:18:41 Asia/Jakarta] PHP Deprecated:  Using ${var} in strings is deprecated, use {$var} instead in /home/andalan6/apps.generasipenerus.com/laravel/vendor/dompdf/dompdf/src/Css/Style.php on line 2837
[15-Nov-2024 08:21:12 Asia/Jakarta] PHP Deprecated:  Using ${var} in strings is deprecated, use {$var} instead in /home/andalan6/apps.generasipenerus.com/laravel/vendor/dompdf/dompdf/src/Css/Style.php on line 2832
[15-Nov-2024 08:21:12 Asia/Jakarta] PHP Deprecated:  Using ${var} in strings is deprecated, use {$var} instead in /home/andalan6/apps.generasipenerus.com/laravel/vendor/dompdf/dompdf/src/Css/Style.php on line 2834
[15-Nov-2024 08:21:12 Asia/Jakarta] PHP Deprecated:  Using ${var} in strings is deprecated, use {$var} instead in /home/andalan6/apps.generasipenerus.com/laravel/vendor/dompdf/dompdf/src/Css/Style.php on line 2837
[15-Nov-2024 08:25:04 Asia/Jakarta] PHP Deprecated:  Using ${var} in strings is deprecated, use {$var} instead in /home/andalan6/apps.generasipenerus.com/laravel/vendor/dompdf/dompdf/src/Css/Style.php on line 2832
[15-Nov-2024 08:25:04 Asia/Jakarta] PHP Deprecated:  Using ${var} in strings is deprecated, use {$var} instead in /home/andalan6/apps.generasipenerus.com/laravel/vendor/dompdf/dompdf/src/Css/Style.php on line 2834
[15-Nov-2024 08:25:04 Asia/Jakarta] PHP Deprecated:  Using ${var} in strings is deprecated, use {$var} instead in /home/andalan6/apps.generasipenerus.com/laravel/vendor/dompdf/dompdf/src/Css/Style.php on line 2837
[15-Nov-2024 08:25:57 Asia/Jakarta] PHP Deprecated:  Using ${var} in strings is deprecated, use {$var} instead in /home/andalan6/apps.generasipenerus.com/laravel/vendor/dompdf/dompdf/src/Css/Style.php on line 2832
[15-Nov-2024 08:25:57 Asia/Jakarta] PHP Deprecated:  Using ${var} in strings is deprecated, use {$var} instead in /home/andalan6/apps.generasipenerus.com/laravel/vendor/dompdf/dompdf/src/Css/Style.php on line 2834
[15-Nov-2024 08:25:57 Asia/Jakarta] PHP Deprecated:  Using ${var} in strings is deprecated, use {$var} instead in /home/andalan6/apps.generasipenerus.com/laravel/vendor/dompdf/dompdf/src/Css/Style.php on line 2837
[15-Nov-2024 08:27:02 Asia/Jakarta] PHP Deprecated:  Using ${var} in strings is deprecated, use {$var} instead in /home/andalan6/apps.generasipenerus.com/laravel/vendor/dompdf/dompdf/src/Css/Style.php on line 2832
[15-Nov-2024 08:27:02 Asia/Jakarta] PHP Deprecated:  Using ${var} in strings is deprecated, use {$var} instead in /home/andalan6/apps.generasipenerus.com/laravel/vendor/dompdf/dompdf/src/Css/Style.php on line 2834
[15-Nov-2024 08:27:02 Asia/Jakarta] PHP Deprecated:  Using ${var} in strings is deprecated, use {$var} instead in /home/andalan6/apps.generasipenerus.com/laravel/vendor/dompdf/dompdf/src/Css/Style.php on line 2837
[15-Nov-2024 08:29:46 Asia/Jakarta] PHP Deprecated:  Using ${var} in strings is deprecated, use {$var} instead in /home/andalan6/apps.generasipenerus.com/laravel/vendor/dompdf/dompdf/src/Css/Style.php on line 2832
[15-Nov-2024 08:29:46 Asia/Jakarta] PHP Deprecated:  Using ${var} in strings is deprecated, use {$var} instead in /home/andalan6/apps.generasipenerus.com/laravel/vendor/dompdf/dompdf/src/Css/Style.php on line 2834
[15-Nov-2024 08:29:46 Asia/Jakarta] PHP Deprecated:  Using ${var} in strings is deprecated, use {$var} instead in /home/andalan6/apps.generasipenerus.com/laravel/vendor/dompdf/dompdf/src/Css/Style.php on line 2837
[15-Nov-2024 08:31:30 Asia/Jakarta] PHP Deprecated:  Using ${var} in strings is deprecated, use {$var} instead in /home/andalan6/apps.generasipenerus.com/laravel/vendor/dompdf/dompdf/src/Css/Style.php on line 2832
[15-Nov-2024 08:31:30 Asia/Jakarta] PHP Deprecated:  Using ${var} in strings is deprecated, use {$var} instead in /home/andalan6/apps.generasipenerus.com/laravel/vendor/dompdf/dompdf/src/Css/Style.php on line 2834
[15-Nov-2024 08:31:30 Asia/Jakarta] PHP Deprecated:  Using ${var} in strings is deprecated, use {$var} instead in /home/andalan6/apps.generasipenerus.com/laravel/vendor/dompdf/dompdf/src/Css/Style.php on line 2837
[15-Nov-2024 08:32:17 Asia/Jakarta] PHP Deprecated:  Using ${var} in strings is deprecated, use {$var} instead in /home/andalan6/apps.generasipenerus.com/laravel/vendor/dompdf/dompdf/src/Css/Style.php on line 2832
[15-Nov-2024 08:32:17 Asia/Jakarta] PHP Deprecated:  Using ${var} in strings is deprecated, use {$var} instead in /home/andalan6/apps.generasipenerus.com/laravel/vendor/dompdf/dompdf/src/Css/Style.php on line 2834
[15-Nov-2024 08:32:17 Asia/Jakarta] PHP Deprecated:  Using ${var} in strings is deprecated, use {$var} instead in /home/andalan6/apps.generasipenerus.com/laravel/vendor/dompdf/dompdf/src/Css/Style.php on line 2837
[15-Nov-2024 08:33:13 Asia/Jakarta] PHP Deprecated:  Using ${var} in strings is deprecated, use {$var} instead in /home/andalan6/apps.generasipenerus.com/laravel/vendor/dompdf/dompdf/src/Css/Style.php on line 2832
[15-Nov-2024 08:33:13 Asia/Jakarta] PHP Deprecated:  Using ${var} in strings is deprecated, use {$var} instead in /home/andalan6/apps.generasipenerus.com/laravel/vendor/dompdf/dompdf/src/Css/Style.php on line 2834
[15-Nov-2024 08:33:13 Asia/Jakarta] PHP Deprecated:  Using ${var} in strings is deprecated, use {$var} instead in /home/andalan6/apps.generasipenerus.com/laravel/vendor/dompdf/dompdf/src/Css/Style.php on line 2837
[15-Nov-2024 08:33:50 Asia/Jakarta] PHP Deprecated:  Using ${var} in strings is deprecated, use {$var} instead in /home/andalan6/apps.generasipenerus.com/laravel/vendor/dompdf/dompdf/src/Css/Style.php on line 2832
[15-Nov-2024 08:33:50 Asia/Jakarta] PHP Deprecated:  Using ${var} in strings is deprecated, use {$var} instead in /home/andalan6/apps.generasipenerus.com/laravel/vendor/dompdf/dompdf/src/Css/Style.php on line 2834
[15-Nov-2024 08:33:50 Asia/Jakarta] PHP Deprecated:  Using ${var} in strings is deprecated, use {$var} instead in /home/andalan6/apps.generasipenerus.com/laravel/vendor/dompdf/dompdf/src/Css/Style.php on line 2837
[15-Nov-2024 08:34:48 Asia/Jakarta] PHP Deprecated:  Using ${var} in strings is deprecated, use {$var} instead in /home/andalan6/apps.generasipenerus.com/laravel/vendor/dompdf/dompdf/src/Css/Style.php on line 2832
[15-Nov-2024 08:34:48 Asia/Jakarta] PHP Deprecated:  Using ${var} in strings is deprecated, use {$var} instead in /home/andalan6/apps.generasipenerus.com/laravel/vendor/dompdf/dompdf/src/Css/Style.php on line 2834
[15-Nov-2024 08:34:48 Asia/Jakarta] PHP Deprecated:  Using ${var} in strings is deprecated, use {$var} instead in /home/andalan6/apps.generasipenerus.com/laravel/vendor/dompdf/dompdf/src/Css/Style.php on line 2837
[15-Nov-2024 08:39:20 Asia/Jakarta] PHP Deprecated:  Using ${var} in strings is deprecated, use {$var} instead in /home/andalan6/apps.generasipenerus.com/laravel/vendor/dompdf/dompdf/src/Css/Style.php on line 2832
[15-Nov-2024 08:39:20 Asia/Jakarta] PHP Deprecated:  Using ${var} in strings is deprecated, use {$var} instead in /home/andalan6/apps.generasipenerus.com/laravel/vendor/dompdf/dompdf/src/Css/Style.php on line 2834
[15-Nov-2024 08:39:20 Asia/Jakarta] PHP Deprecated:  Using ${var} in strings is deprecated, use {$var} instead in /home/andalan6/apps.generasipenerus.com/laravel/vendor/dompdf/dompdf/src/Css/Style.php on line 2837
[15-Nov-2024 08:40:14 Asia/Jakarta] PHP Deprecated:  Using ${var} in strings is deprecated, use {$var} instead in /home/andalan6/apps.generasipenerus.com/laravel/vendor/dompdf/dompdf/src/Css/Style.php on line 2832
[15-Nov-2024 08:40:14 Asia/Jakarta] PHP Deprecated:  Using ${var} in strings is deprecated, use {$var} instead in /home/andalan6/apps.generasipenerus.com/laravel/vendor/dompdf/dompdf/src/Css/Style.php on line 2834
[15-Nov-2024 08:40:14 Asia/Jakarta] PHP Deprecated:  Using ${var} in strings is deprecated, use {$var} instead in /home/andalan6/apps.generasipenerus.com/laravel/vendor/dompdf/dompdf/src/Css/Style.php on line 2837
[15-Nov-2024 08:44:35 Asia/Jakarta] PHP Deprecated:  Using ${var} in strings is deprecated, use {$var} instead in /home/andalan6/apps.generasipenerus.com/laravel/vendor/dompdf/dompdf/src/Css/Style.php on line 2832
[15-Nov-2024 08:44:35 Asia/Jakarta] PHP Deprecated:  Using ${var} in strings is deprecated, use {$var} instead in /home/andalan6/apps.generasipenerus.com/laravel/vendor/dompdf/dompdf/src/Css/Style.php on line 2834
[15-Nov-2024 08:44:35 Asia/Jakarta] PHP Deprecated:  Using ${var} in strings is deprecated, use {$var} instead in /home/andalan6/apps.generasipenerus.com/laravel/vendor/dompdf/dompdf/src/Css/Style.php on line 2837
[15-Nov-2024 08:46:06 Asia/Jakarta] PHP Deprecated:  Using ${var} in strings is deprecated, use {$var} instead in /home/andalan6/apps.generasipenerus.com/laravel/vendor/dompdf/dompdf/src/Css/Style.php on line 2832
[15-Nov-2024 08:46:06 Asia/Jakarta] PHP Deprecated:  Using ${var} in strings is deprecated, use {$var} instead in /home/andalan6/apps.generasipenerus.com/laravel/vendor/dompdf/dompdf/src/Css/Style.php on line 2834
[15-Nov-2024 08:46:06 Asia/Jakarta] PHP Deprecated:  Using ${var} in strings is deprecated, use {$var} instead in /home/andalan6/apps.generasipenerus.com/laravel/vendor/dompdf/dompdf/src/Css/Style.php on line 2837
[15-Nov-2024 08:47:28 Asia/Jakarta] PHP Deprecated:  Using ${var} in strings is deprecated, use {$var} instead in /home/andalan6/apps.generasipenerus.com/laravel/vendor/dompdf/dompdf/src/Css/Style.php on line 2832
[15-Nov-2024 08:47:28 Asia/Jakarta] PHP Deprecated:  Using ${var} in strings is deprecated, use {$var} instead in /home/andalan6/apps.generasipenerus.com/laravel/vendor/dompdf/dompdf/src/Css/Style.php on line 2834
[15-Nov-2024 08:47:28 Asia/Jakarta] PHP Deprecated:  Using ${var} in strings is deprecated, use {$var} instead in /home/andalan6/apps.generasipenerus.com/laravel/vendor/dompdf/dompdf/src/Css/Style.php on line 2837
[15-Nov-2024 08:49:00 Asia/Jakarta] PHP Deprecated:  Using ${var} in strings is deprecated, use {$var} instead in /home/andalan6/apps.generasipenerus.com/laravel/vendor/dompdf/dompdf/src/Css/Style.php on line 2832
[15-Nov-2024 08:49:00 Asia/Jakarta] PHP Deprecated:  Using ${var} in strings is deprecated, use {$var} instead in /home/andalan6/apps.generasipenerus.com/laravel/vendor/dompdf/dompdf/src/Css/Style.php on line 2834
[15-Nov-2024 08:49:00 Asia/Jakarta] PHP Deprecated:  Using ${var} in strings is deprecated, use {$var} instead in /home/andalan6/apps.generasipenerus.com/laravel/vendor/dompdf/dompdf/src/Css/Style.php on line 2837
[15-Nov-2024 08:54:55 Asia/Jakarta] PHP Deprecated:  Using ${var} in strings is deprecated, use {$var} instead in /home/andalan6/apps.generasipenerus.com/laravel/vendor/dompdf/dompdf/src/Css/Style.php on line 2832
[15-Nov-2024 08:54:55 Asia/Jakarta] PHP Deprecated:  Using ${var} in strings is deprecated, use {$var} instead in /home/andalan6/apps.generasipenerus.com/laravel/vendor/dompdf/dompdf/src/Css/Style.php on line 2834
[15-Nov-2024 08:54:55 Asia/Jakarta] PHP Deprecated:  Using ${var} in strings is deprecated, use {$var} instead in /home/andalan6/apps.generasipenerus.com/laravel/vendor/dompdf/dompdf/src/Css/Style.php on line 2837
[15-Nov-2024 09:24:00 Asia/Jakarta] PHP Deprecated:  Using ${var} in strings is deprecated, use {$var} instead in /home/andalan6/apps.generasipenerus.com/laravel/vendor/dompdf/dompdf/src/Css/Style.php on line 2832
[15-Nov-2024 09:24:00 Asia/Jakarta] PHP Deprecated:  Using ${var} in strings is deprecated, use {$var} instead in /home/andalan6/apps.generasipenerus.com/laravel/vendor/dompdf/dompdf/src/Css/Style.php on line 2834
[15-Nov-2024 09:24:00 Asia/Jakarta] PHP Deprecated:  Using ${var} in strings is deprecated, use {$var} instead in /home/andalan6/apps.generasipenerus.com/laravel/vendor/dompdf/dompdf/src/Css/Style.php on line 2837
[15-Nov-2024 09:24:43 Asia/Jakarta] PHP Deprecated:  Using ${var} in strings is deprecated, use {$var} instead in /home/andalan6/apps.generasipenerus.com/laravel/vendor/dompdf/dompdf/src/Css/Style.php on line 2832
[15-Nov-2024 09:24:43 Asia/Jakarta] PHP Deprecated:  Using ${var} in strings is deprecated, use {$var} instead in /home/andalan6/apps.generasipenerus.com/laravel/vendor/dompdf/dompdf/src/Css/Style.php on line 2834
[15-Nov-2024 09:24:43 Asia/Jakarta] PHP Deprecated:  Using ${var} in strings is deprecated, use {$var} instead in /home/andalan6/apps.generasipenerus.com/laravel/vendor/dompdf/dompdf/src/Css/Style.php on line 2837
[15-Nov-2024 09:26:41 Asia/Jakarta] PHP Deprecated:  Using ${var} in strings is deprecated, use {$var} instead in /home/andalan6/apps.generasipenerus.com/laravel/vendor/dompdf/dompdf/src/Css/Style.php on line 2832
[15-Nov-2024 09:26:41 Asia/Jakarta] PHP Deprecated:  Using ${var} in strings is deprecated, use {$var} instead in /home/andalan6/apps.generasipenerus.com/laravel/vendor/dompdf/dompdf/src/Css/Style.php on line 2834
[15-Nov-2024 09:26:41 Asia/Jakarta] PHP Deprecated:  Using ${var} in strings is deprecated, use {$var} instead in /home/andalan6/apps.generasipenerus.com/laravel/vendor/dompdf/dompdf/src/Css/Style.php on line 2837
[15-Nov-2024 09:39:28 Asia/Jakarta] PHP Deprecated:  Using ${var} in strings is deprecated, use {$var} instead in /home/andalan6/apps.generasipenerus.com/laravel/vendor/dompdf/dompdf/src/Css/Style.php on line 2832
[15-Nov-2024 09:39:28 Asia/Jakarta] PHP Deprecated:  Using ${var} in strings is deprecated, use {$var} instead in /home/andalan6/apps.generasipenerus.com/laravel/vendor/dompdf/dompdf/src/Css/Style.php on line 2834
[15-Nov-2024 09:39:28 Asia/Jakarta] PHP Deprecated:  Using ${var} in strings is deprecated, use {$var} instead in /home/andalan6/apps.generasipenerus.com/laravel/vendor/dompdf/dompdf/src/Css/Style.php on line 2837
[15-Nov-2024 09:47:47 Asia/Jakarta] PHP Deprecated:  Using ${var} in strings is deprecated, use {$var} instead in /home/andalan6/apps.generasipenerus.com/laravel/vendor/dompdf/dompdf/src/Css/Style.php on line 2832
[15-Nov-2024 09:47:47 Asia/Jakarta] PHP Deprecated:  Using ${var} in strings is deprecated, use {$var} instead in /home/andalan6/apps.generasipenerus.com/laravel/vendor/dompdf/dompdf/src/Css/Style.php on line 2834
[15-Nov-2024 09:47:47 Asia/Jakarta] PHP Deprecated:  Using ${var} in strings is deprecated, use {$var} instead in /home/andalan6/apps.generasipenerus.com/laravel/vendor/dompdf/dompdf/src/Css/Style.php on line 2837
[15-Nov-2024 09:49:36 Asia/Jakarta] PHP Deprecated:  Using ${var} in strings is deprecated, use {$var} instead in /home/andalan6/apps.generasipenerus.com/laravel/vendor/dompdf/dompdf/src/Css/Style.php on line 2832
[15-Nov-2024 09:49:36 Asia/Jakarta] PHP Deprecated:  Using ${var} in strings is deprecated, use {$var} instead in /home/andalan6/apps.generasipenerus.com/laravel/vendor/dompdf/dompdf/src/Css/Style.php on line 2834
[15-Nov-2024 09:49:36 Asia/Jakarta] PHP Deprecated:  Using ${var} in strings is deprecated, use {$var} instead in /home/andalan6/apps.generasipenerus.com/laravel/vendor/dompdf/dompdf/src/Css/Style.php on line 2837
[15-Nov-2024 09:51:38 Asia/Jakarta] PHP Deprecated:  Using ${var} in strings is deprecated, use {$var} instead in /home/andalan6/apps.generasipenerus.com/laravel/vendor/dompdf/dompdf/src/Css/Style.php on line 2832
[15-Nov-2024 09:51:38 Asia/Jakarta] PHP Deprecated:  Using ${var} in strings is deprecated, use {$var} instead in /home/andalan6/apps.generasipenerus.com/laravel/vendor/dompdf/dompdf/src/Css/Style.php on line 2834
[15-Nov-2024 09:51:38 Asia/Jakarta] PHP Deprecated:  Using ${var} in strings is deprecated, use {$var} instead in /home/andalan6/apps.generasipenerus.com/laravel/vendor/dompdf/dompdf/src/Css/Style.php on line 2837
[15-Nov-2024 09:53:36 Asia/Jakarta] PHP Deprecated:  Using ${var} in strings is deprecated, use {$var} instead in /home/andalan6/apps.generasipenerus.com/laravel/vendor/dompdf/dompdf/src/Css/Style.php on line 2832
[15-Nov-2024 09:53:36 Asia/Jakarta] PHP Deprecated:  Using ${var} in strings is deprecated, use {$var} instead in /home/andalan6/apps.generasipenerus.com/laravel/vendor/dompdf/dompdf/src/Css/Style.php on line 2834
[15-Nov-2024 09:53:36 Asia/Jakarta] PHP Deprecated:  Using ${var} in strings is deprecated, use {$var} instead in /home/andalan6/apps.generasipenerus.com/laravel/vendor/dompdf/dompdf/src/Css/Style.php on line 2837
[15-Nov-2024 09:54:12 Asia/Jakarta] PHP Deprecated:  Using ${var} in strings is deprecated, use {$var} instead in /home/andalan6/apps.generasipenerus.com/laravel/vendor/dompdf/dompdf/src/Css/Style.php on line 2832
[15-Nov-2024 09:54:12 Asia/Jakarta] PHP Deprecated:  Using ${var} in strings is deprecated, use {$var} instead in /home/andalan6/apps.generasipenerus.com/laravel/vendor/dompdf/dompdf/src/Css/Style.php on line 2834
[15-Nov-2024 09:54:12 Asia/Jakarta] PHP Deprecated:  Using ${var} in strings is deprecated, use {$var} instead in /home/andalan6/apps.generasipenerus.com/laravel/vendor/dompdf/dompdf/src/Css/Style.php on line 2837
[15-Nov-2024 09:55:44 Asia/Jakarta] PHP Deprecated:  Using ${var} in strings is deprecated, use {$var} instead in /home/andalan6/apps.generasipenerus.com/laravel/vendor/dompdf/dompdf/src/Css/Style.php on line 2832
[15-Nov-2024 09:55:44 Asia/Jakarta] PHP Deprecated:  Using ${var} in strings is deprecated, use {$var} instead in /home/andalan6/apps.generasipenerus.com/laravel/vendor/dompdf/dompdf/src/Css/Style.php on line 2834
[15-Nov-2024 09:55:44 Asia/Jakarta] PHP Deprecated:  Using ${var} in strings is deprecated, use {$var} instead in /home/andalan6/apps.generasipenerus.com/laravel/vendor/dompdf/dompdf/src/Css/Style.php on line 2837
[15-Nov-2024 09:56:51 Asia/Jakarta] PHP Deprecated:  Using ${var} in strings is deprecated, use {$var} instead in /home/andalan6/apps.generasipenerus.com/laravel/vendor/dompdf/dompdf/src/Css/Style.php on line 2832
[15-Nov-2024 09:56:51 Asia/Jakarta] PHP Deprecated:  Using ${var} in strings is deprecated, use {$var} instead in /home/andalan6/apps.generasipenerus.com/laravel/vendor/dompdf/dompdf/src/Css/Style.php on line 2834
[15-Nov-2024 09:56:51 Asia/Jakarta] PHP Deprecated:  Using ${var} in strings is deprecated, use {$var} instead in /home/andalan6/apps.generasipenerus.com/laravel/vendor/dompdf/dompdf/src/Css/Style.php on line 2837
[15-Nov-2024 10:00:51 Asia/Jakarta] PHP Deprecated:  Using ${var} in strings is deprecated, use {$var} instead in /home/andalan6/apps.generasipenerus.com/laravel/vendor/dompdf/dompdf/src/Css/Style.php on line 2832
[15-Nov-2024 10:00:51 Asia/Jakarta] PHP Deprecated:  Using ${var} in strings is deprecated, use {$var} instead in /home/andalan6/apps.generasipenerus.com/laravel/vendor/dompdf/dompdf/src/Css/Style.php on line 2834
[15-Nov-2024 10:00:51 Asia/Jakarta] PHP Deprecated:  Using ${var} in strings is deprecated, use {$var} instead in /home/andalan6/apps.generasipenerus.com/laravel/vendor/dompdf/dompdf/src/Css/Style.php on line 2837
[15-Nov-2024 10:01:50 Asia/Jakarta] PHP Deprecated:  Using ${var} in strings is deprecated, use {$var} instead in /home/andalan6/apps.generasipenerus.com/laravel/vendor/dompdf/dompdf/src/Css/Style.php on line 2832
[15-Nov-2024 10:01:50 Asia/Jakarta] PHP Deprecated:  Using ${var} in strings is deprecated, use {$var} instead in /home/andalan6/apps.generasipenerus.com/laravel/vendor/dompdf/dompdf/src/Css/Style.php on line 2834
[15-Nov-2024 10:01:50 Asia/Jakarta] PHP Deprecated:  Using ${var} in strings is deprecated, use {$var} instead in /home/andalan6/apps.generasipenerus.com/laravel/vendor/dompdf/dompdf/src/Css/Style.php on line 2837
[15-Nov-2024 10:02:43 Asia/Jakarta] PHP Deprecated:  Using ${var} in strings is deprecated, use {$var} instead in /home/andalan6/apps.generasipenerus.com/laravel/vendor/dompdf/dompdf/src/Css/Style.php on line 2832
[15-Nov-2024 10:02:43 Asia/Jakarta] PHP Deprecated:  Using ${var} in strings is deprecated, use {$var} instead in /home/andalan6/apps.generasipenerus.com/laravel/vendor/dompdf/dompdf/src/Css/Style.php on line 2834
[15-Nov-2024 10:02:43 Asia/Jakarta] PHP Deprecated:  Using ${var} in strings is deprecated, use {$var} instead in /home/andalan6/apps.generasipenerus.com/laravel/vendor/dompdf/dompdf/src/Css/Style.php on line 2837
[15-Nov-2024 10:03:45 Asia/Jakarta] PHP Deprecated:  Using ${var} in strings is deprecated, use {$var} instead in /home/andalan6/apps.generasipenerus.com/laravel/vendor/dompdf/dompdf/src/Css/Style.php on line 2832
[15-Nov-2024 10:03:45 Asia/Jakarta] PHP Deprecated:  Using ${var} in strings is deprecated, use {$var} instead in /home/andalan6/apps.generasipenerus.com/laravel/vendor/dompdf/dompdf/src/Css/Style.php on line 2834
[15-Nov-2024 10:03:45 Asia/Jakarta] PHP Deprecated:  Using ${var} in strings is deprecated, use {$var} instead in /home/andalan6/apps.generasipenerus.com/laravel/vendor/dompdf/dompdf/src/Css/Style.php on line 2837
[15-Nov-2024 10:04:41 Asia/Jakarta] PHP Deprecated:  Using ${var} in strings is deprecated, use {$var} instead in /home/andalan6/apps.generasipenerus.com/laravel/vendor/dompdf/dompdf/src/Css/Style.php on line 2832
[15-Nov-2024 10:04:41 Asia/Jakarta] PHP Deprecated:  Using ${var} in strings is deprecated, use {$var} instead in /home/andalan6/apps.generasipenerus.com/laravel/vendor/dompdf/dompdf/src/Css/Style.php on line 2834
[15-Nov-2024 10:04:41 Asia/Jakarta] PHP Deprecated:  Using ${var} in strings is deprecated, use {$var} instead in /home/andalan6/apps.generasipenerus.com/laravel/vendor/dompdf/dompdf/src/Css/Style.php on line 2837
[15-Nov-2024 10:07:41 Asia/Jakarta] PHP Deprecated:  Using ${var} in strings is deprecated, use {$var} instead in /home/andalan6/apps.generasipenerus.com/laravel/vendor/dompdf/dompdf/src/Css/Style.php on line 2832
[15-Nov-2024 10:07:41 Asia/Jakarta] PHP Deprecated:  Using ${var} in strings is deprecated, use {$var} instead in /home/andalan6/apps.generasipenerus.com/laravel/vendor/dompdf/dompdf/src/Css/Style.php on line 2834
[15-Nov-2024 10:07:41 Asia/Jakarta] PHP Deprecated:  Using ${var} in strings is deprecated, use {$var} instead in /home/andalan6/apps.generasipenerus.com/laravel/vendor/dompdf/dompdf/src/Css/Style.php on line 2837
[15-Nov-2024 10:09:47 Asia/Jakarta] PHP Deprecated:  Using ${var} in strings is deprecated, use {$var} instead in /home/andalan6/apps.generasipenerus.com/laravel/vendor/dompdf/dompdf/src/Css/Style.php on line 2832
[15-Nov-2024 10:09:47 Asia/Jakarta] PHP Deprecated:  Using ${var} in strings is deprecated, use {$var} instead in /home/andalan6/apps.generasipenerus.com/laravel/vendor/dompdf/dompdf/src/Css/Style.php on line 2834
[15-Nov-2024 10:09:47 Asia/Jakarta] PHP Deprecated:  Using ${var} in strings is deprecated, use {$var} instead in /home/andalan6/apps.generasipenerus.com/laravel/vendor/dompdf/dompdf/src/Css/Style.php on line 2837
[15-Nov-2024 10:12:42 Asia/Jakarta] PHP Deprecated:  Using ${var} in strings is deprecated, use {$var} instead in /home/andalan6/apps.generasipenerus.com/laravel/vendor/dompdf/dompdf/src/Css/Style.php on line 2832
[15-Nov-2024 10:12:42 Asia/Jakarta] PHP Deprecated:  Using ${var} in strings is deprecated, use {$var} instead in /home/andalan6/apps.generasipenerus.com/laravel/vendor/dompdf/dompdf/src/Css/Style.php on line 2834
[15-Nov-2024 10:12:42 Asia/Jakarta] PHP Deprecated:  Using ${var} in strings is deprecated, use {$var} instead in /home/andalan6/apps.generasipenerus.com/laravel/vendor/dompdf/dompdf/src/Css/Style.php on line 2837
[15-Nov-2024 10:14:25 Asia/Jakarta] PHP Deprecated:  Using ${var} in strings is deprecated, use {$var} instead in /home/andalan6/apps.generasipenerus.com/laravel/vendor/dompdf/dompdf/src/Css/Style.php on line 2832
[15-Nov-2024 10:14:25 Asia/Jakarta] PHP Deprecated:  Using ${var} in strings is deprecated, use {$var} instead in /home/andalan6/apps.generasipenerus.com/laravel/vendor/dompdf/dompdf/src/Css/Style.php on line 2834
[15-Nov-2024 10:14:25 Asia/Jakarta] PHP Deprecated:  Using ${var} in strings is deprecated, use {$var} instead in /home/andalan6/apps.generasipenerus.com/laravel/vendor/dompdf/dompdf/src/Css/Style.php on line 2837
[15-Nov-2024 10:15:23 Asia/Jakarta] PHP Deprecated:  Using ${var} in strings is deprecated, use {$var} instead in /home/andalan6/apps.generasipenerus.com/laravel/vendor/dompdf/dompdf/src/Css/Style.php on line 2832
[15-Nov-2024 10:15:23 Asia/Jakarta] PHP Deprecated:  Using ${var} in strings is deprecated, use {$var} instead in /home/andalan6/apps.generasipenerus.com/laravel/vendor/dompdf/dompdf/src/Css/Style.php on line 2834
[15-Nov-2024 10:15:23 Asia/Jakarta] PHP Deprecated:  Using ${var} in strings is deprecated, use {$var} instead in /home/andalan6/apps.generasipenerus.com/laravel/vendor/dompdf/dompdf/src/Css/Style.php on line 2837
[15-Nov-2024 10:16:32 Asia/Jakarta] PHP Deprecated:  Using ${var} in strings is deprecated, use {$var} instead in /home/andalan6/apps.generasipenerus.com/laravel/vendor/dompdf/dompdf/src/Css/Style.php on line 2832
[15-Nov-2024 10:16:32 Asia/Jakarta] PHP Deprecated:  Using ${var} in strings is deprecated, use {$var} instead in /home/andalan6/apps.generasipenerus.com/laravel/vendor/dompdf/dompdf/src/Css/Style.php on line 2834
[15-Nov-2024 10:16:32 Asia/Jakarta] PHP Deprecated:  Using ${var} in strings is deprecated, use {$var} instead in /home/andalan6/apps.generasipenerus.com/laravel/vendor/dompdf/dompdf/src/Css/Style.php on line 2837
[15-Nov-2024 10:18:03 Asia/Jakarta] PHP Deprecated:  Using ${var} in strings is deprecated, use {$var} instead in /home/andalan6/apps.generasipenerus.com/laravel/vendor/dompdf/dompdf/src/Css/Style.php on line 2832
[15-Nov-2024 10:18:03 Asia/Jakarta] PHP Deprecated:  Using ${var} in strings is deprecated, use {$var} instead in /home/andalan6/apps.generasipenerus.com/laravel/vendor/dompdf/dompdf/src/Css/Style.php on line 2834
[15-Nov-2024 10:18:03 Asia/Jakarta] PHP Deprecated:  Using ${var} in strings is deprecated, use {$var} instead in /home/andalan6/apps.generasipenerus.com/laravel/vendor/dompdf/dompdf/src/Css/Style.php on line 2837
[15-Nov-2024 10:18:43 Asia/Jakarta] PHP Deprecated:  Using ${var} in strings is deprecated, use {$var} instead in /home/andalan6/apps.generasipenerus.com/laravel/vendor/dompdf/dompdf/src/Css/Style.php on line 2832
[15-Nov-2024 10:18:43 Asia/Jakarta] PHP Deprecated:  Using ${var} in strings is deprecated, use {$var} instead in /home/andalan6/apps.generasipenerus.com/laravel/vendor/dompdf/dompdf/src/Css/Style.php on line 2834
[15-Nov-2024 10:18:43 Asia/Jakarta] PHP Deprecated:  Using ${var} in strings is deprecated, use {$var} instead in /home/andalan6/apps.generasipenerus.com/laravel/vendor/dompdf/dompdf/src/Css/Style.php on line 2837
[15-Nov-2024 10:19:39 Asia/Jakarta] PHP Deprecated:  Using ${var} in strings is deprecated, use {$var} instead in /home/andalan6/apps.generasipenerus.com/laravel/vendor/dompdf/dompdf/src/Css/Style.php on line 2832
[15-Nov-2024 10:19:39 Asia/Jakarta] PHP Deprecated:  Using ${var} in strings is deprecated, use {$var} instead in /home/andalan6/apps.generasipenerus.com/laravel/vendor/dompdf/dompdf/src/Css/Style.php on line 2834
[15-Nov-2024 10:19:39 Asia/Jakarta] PHP Deprecated:  Using ${var} in strings is deprecated, use {$var} instead in /home/andalan6/apps.generasipenerus.com/laravel/vendor/dompdf/dompdf/src/Css/Style.php on line 2837
[15-Nov-2024 10:21:02 Asia/Jakarta] PHP Deprecated:  Using ${var} in strings is deprecated, use {$var} instead in /home/andalan6/apps.generasipenerus.com/laravel/vendor/dompdf/dompdf/src/Css/Style.php on line 2832
[15-Nov-2024 10:21:02 Asia/Jakarta] PHP Deprecated:  Using ${var} in strings is deprecated, use {$var} instead in /home/andalan6/apps.generasipenerus.com/laravel/vendor/dompdf/dompdf/src/Css/Style.php on line 2834
[15-Nov-2024 10:21:02 Asia/Jakarta] PHP Deprecated:  Using ${var} in strings is deprecated, use {$var} instead in /home/andalan6/apps.generasipenerus.com/laravel/vendor/dompdf/dompdf/src/Css/Style.php on line 2837
[15-Nov-2024 10:22:46 Asia/Jakarta] PHP Deprecated:  Using ${var} in strings is deprecated, use {$var} instead in /home/andalan6/apps.generasipenerus.com/laravel/vendor/dompdf/dompdf/src/Css/Style.php on line 2832
[15-Nov-2024 10:22:46 Asia/Jakarta] PHP Deprecated:  Using ${var} in strings is deprecated, use {$var} instead in /home/andalan6/apps.generasipenerus.com/laravel/vendor/dompdf/dompdf/src/Css/Style.php on line 2834
[15-Nov-2024 10:22:46 Asia/Jakarta] PHP Deprecated:  Using ${var} in strings is deprecated, use {$var} instead in /home/andalan6/apps.generasipenerus.com/laravel/vendor/dompdf/dompdf/src/Css/Style.php on line 2837
[15-Nov-2024 10:26:24 Asia/Jakarta] PHP Deprecated:  Using ${var} in strings is deprecated, use {$var} instead in /home/andalan6/apps.generasipenerus.com/laravel/vendor/dompdf/dompdf/src/Css/Style.php on line 2832
[15-Nov-2024 10:26:24 Asia/Jakarta] PHP Deprecated:  Using ${var} in strings is deprecated, use {$var} instead in /home/andalan6/apps.generasipenerus.com/laravel/vendor/dompdf/dompdf/src/Css/Style.php on line 2834
[15-Nov-2024 10:26:24 Asia/Jakarta] PHP Deprecated:  Using ${var} in strings is deprecated, use {$var} instead in /home/andalan6/apps.generasipenerus.com/laravel/vendor/dompdf/dompdf/src/Css/Style.php on line 2837
[15-Nov-2024 11:35:43 Asia/Jakarta] PHP Deprecated:  Using ${var} in strings is deprecated, use {$var} instead in /home/andalan6/apps.generasipenerus.com/laravel/vendor/dompdf/dompdf/src/Css/Style.php on line 2832
[15-Nov-2024 11:35:43 Asia/Jakarta] PHP Deprecated:  Using ${var} in strings is deprecated, use {$var} instead in /home/andalan6/apps.generasipenerus.com/laravel/vendor/dompdf/dompdf/src/Css/Style.php on line 2834
[15-Nov-2024 11:35:43 Asia/Jakarta] PHP Deprecated:  Using ${var} in strings is deprecated, use {$var} instead in /home/andalan6/apps.generasipenerus.com/laravel/vendor/dompdf/dompdf/src/Css/Style.php on line 2837
[15-Nov-2024 13:09:06 Asia/Jakarta] PHP Deprecated:  Using ${var} in strings is deprecated, use {$var} instead in /home/andalan6/apps.generasipenerus.com/laravel/vendor/dompdf/dompdf/src/Css/Style.php on line 2832
[15-Nov-2024 13:09:06 Asia/Jakarta] PHP Deprecated:  Using ${var} in strings is deprecated, use {$var} instead in /home/andalan6/apps.generasipenerus.com/laravel/vendor/dompdf/dompdf/src/Css/Style.php on line 2834
[15-Nov-2024 13:09:06 Asia/Jakarta] PHP Deprecated:  Using ${var} in strings is deprecated, use {$var} instead in /home/andalan6/apps.generasipenerus.com/laravel/vendor/dompdf/dompdf/src/Css/Style.php on line 2837
[15-Nov-2024 13:09:51 Asia/Jakarta] PHP Deprecated:  Using ${var} in strings is deprecated, use {$var} instead in /home/andalan6/apps.generasipenerus.com/laravel/vendor/dompdf/dompdf/src/Css/Style.php on line 2832
[15-Nov-2024 13:09:51 Asia/Jakarta] PHP Deprecated:  Using ${var} in strings is deprecated, use {$var} instead in /home/andalan6/apps.generasipenerus.com/laravel/vendor/dompdf/dompdf/src/Css/Style.php on line 2834
[15-Nov-2024 13:09:51 Asia/Jakarta] PHP Deprecated:  Using ${var} in strings is deprecated, use {$var} instead in /home/andalan6/apps.generasipenerus.com/laravel/vendor/dompdf/dompdf/src/Css/Style.php on line 2837
[15-Nov-2024 13:12:32 Asia/Jakarta] PHP Deprecated:  Using ${var} in strings is deprecated, use {$var} instead in /home/andalan6/apps.generasipenerus.com/laravel/vendor/dompdf/dompdf/src/Css/Style.php on line 2832
[15-Nov-2024 13:12:32 Asia/Jakarta] PHP Deprecated:  Using ${var} in strings is deprecated, use {$var} instead in /home/andalan6/apps.generasipenerus.com/laravel/vendor/dompdf/dompdf/src/Css/Style.php on line 2834
[15-Nov-2024 13:12:32 Asia/Jakarta] PHP Deprecated:  Using ${var} in strings is deprecated, use {$var} instead in /home/andalan6/apps.generasipenerus.com/laravel/vendor/dompdf/dompdf/src/Css/Style.php on line 2837
[15-Nov-2024 13:14:13 Asia/Jakarta] PHP Deprecated:  Using ${var} in strings is deprecated, use {$var} instead in /home/andalan6/apps.generasipenerus.com/laravel/vendor/dompdf/dompdf/src/Css/Style.php on line 2832
[15-Nov-2024 13:14:13 Asia/Jakarta] PHP Deprecated:  Using ${var} in strings is deprecated, use {$var} instead in /home/andalan6/apps.generasipenerus.com/laravel/vendor/dompdf/dompdf/src/Css/Style.php on line 2834
[15-Nov-2024 13:14:13 Asia/Jakarta] PHP Deprecated:  Using ${var} in strings is deprecated, use {$var} instead in /home/andalan6/apps.generasipenerus.com/laravel/vendor/dompdf/dompdf/src/Css/Style.php on line 2837
[15-Nov-2024 13:15:14 Asia/Jakarta] PHP Deprecated:  Using ${var} in strings is deprecated, use {$var} instead in /home/andalan6/apps.generasipenerus.com/laravel/vendor/dompdf/dompdf/src/Css/Style.php on line 2832
[15-Nov-2024 13:15:14 Asia/Jakarta] PHP Deprecated:  Using ${var} in strings is deprecated, use {$var} instead in /home/andalan6/apps.generasipenerus.com/laravel/vendor/dompdf/dompdf/src/Css/Style.php on line 2834
[15-Nov-2024 13:15:14 Asia/Jakarta] PHP Deprecated:  Using ${var} in strings is deprecated, use {$var} instead in /home/andalan6/apps.generasipenerus.com/laravel/vendor/dompdf/dompdf/src/Css/Style.php on line 2837
[15-Nov-2024 13:16:20 Asia/Jakarta] PHP Deprecated:  Using ${var} in strings is deprecated, use {$var} instead in /home/andalan6/apps.generasipenerus.com/laravel/vendor/dompdf/dompdf/src/Css/Style.php on line 2832
[15-Nov-2024 13:16:20 Asia/Jakarta] PHP Deprecated:  Using ${var} in strings is deprecated, use {$var} instead in /home/andalan6/apps.generasipenerus.com/laravel/vendor/dompdf/dompdf/src/Css/Style.php on line 2834
[15-Nov-2024 13:16:20 Asia/Jakarta] PHP Deprecated:  Using ${var} in strings is deprecated, use {$var} instead in /home/andalan6/apps.generasipenerus.com/laravel/vendor/dompdf/dompdf/src/Css/Style.php on line 2837
[15-Nov-2024 13:20:44 Asia/Jakarta] PHP Deprecated:  Using ${var} in strings is deprecated, use {$var} instead in /home/andalan6/apps.generasipenerus.com/laravel/vendor/dompdf/dompdf/src/Css/Style.php on line 2832
[15-Nov-2024 13:20:44 Asia/Jakarta] PHP Deprecated:  Using ${var} in strings is deprecated, use {$var} instead in /home/andalan6/apps.generasipenerus.com/laravel/vendor/dompdf/dompdf/src/Css/Style.php on line 2834
[15-Nov-2024 13:20:44 Asia/Jakarta] PHP Deprecated:  Using ${var} in strings is deprecated, use {$var} instead in /home/andalan6/apps.generasipenerus.com/laravel/vendor/dompdf/dompdf/src/Css/Style.php on line 2837
[15-Nov-2024 13:21:29 Asia/Jakarta] PHP Deprecated:  Using ${var} in strings is deprecated, use {$var} instead in /home/andalan6/apps.generasipenerus.com/laravel/vendor/dompdf/dompdf/src/Css/Style.php on line 2832
[15-Nov-2024 13:21:29 Asia/Jakarta] PHP Deprecated:  Using ${var} in strings is deprecated, use {$var} instead in /home/andalan6/apps.generasipenerus.com/laravel/vendor/dompdf/dompdf/src/Css/Style.php on line 2834
[15-Nov-2024 13:21:29 Asia/Jakarta] PHP Deprecated:  Using ${var} in strings is deprecated, use {$var} instead in /home/andalan6/apps.generasipenerus.com/laravel/vendor/dompdf/dompdf/src/Css/Style.php on line 2837
[15-Nov-2024 13:28:09 Asia/Jakarta] PHP Deprecated:  Using ${var} in strings is deprecated, use {$var} instead in /home/andalan6/apps.generasipenerus.com/laravel/vendor/dompdf/dompdf/src/Css/Style.php on line 2832
[15-Nov-2024 13:28:09 Asia/Jakarta] PHP Deprecated:  Using ${var} in strings is deprecated, use {$var} instead in /home/andalan6/apps.generasipenerus.com/laravel/vendor/dompdf/dompdf/src/Css/Style.php on line 2834
[15-Nov-2024 13:28:09 Asia/Jakarta] PHP Deprecated:  Using ${var} in strings is deprecated, use {$var} instead in /home/andalan6/apps.generasipenerus.com/laravel/vendor/dompdf/dompdf/src/Css/Style.php on line 2837
[15-Nov-2024 13:30:10 Asia/Jakarta] PHP Deprecated:  Using ${var} in strings is deprecated, use {$var} instead in /home/andalan6/apps.generasipenerus.com/laravel/vendor/dompdf/dompdf/src/Css/Style.php on line 2832
[15-Nov-2024 13:30:10 Asia/Jakarta] PHP Deprecated:  Using ${var} in strings is deprecated, use {$var} instead in /home/andalan6/apps.generasipenerus.com/laravel/vendor/dompdf/dompdf/src/Css/Style.php on line 2834
[15-Nov-2024 13:30:10 Asia/Jakarta] PHP Deprecated:  Using ${var} in strings is deprecated, use {$var} instead in /home/andalan6/apps.generasipenerus.com/laravel/vendor/dompdf/dompdf/src/Css/Style.php on line 2837
[15-Nov-2024 13:38:58 Asia/Jakarta] PHP Deprecated:  Using ${var} in strings is deprecated, use {$var} instead in /home/andalan6/apps.generasipenerus.com/laravel/vendor/dompdf/dompdf/src/Css/Style.php on line 2832
[15-Nov-2024 13:38:58 Asia/Jakarta] PHP Deprecated:  Using ${var} in strings is deprecated, use {$var} instead in /home/andalan6/apps.generasipenerus.com/laravel/vendor/dompdf/dompdf/src/Css/Style.php on line 2834
[15-Nov-2024 13:38:58 Asia/Jakarta] PHP Deprecated:  Using ${var} in strings is deprecated, use {$var} instead in /home/andalan6/apps.generasipenerus.com/laravel/vendor/dompdf/dompdf/src/Css/Style.php on line 2837
[15-Nov-2024 13:40:02 Asia/Jakarta] PHP Deprecated:  Using ${var} in strings is deprecated, use {$var} instead in /home/andalan6/apps.generasipenerus.com/laravel/vendor/dompdf/dompdf/src/Css/Style.php on line 2832
[15-Nov-2024 13:40:02 Asia/Jakarta] PHP Deprecated:  Using ${var} in strings is deprecated, use {$var} instead in /home/andalan6/apps.generasipenerus.com/laravel/vendor/dompdf/dompdf/src/Css/Style.php on line 2834
[15-Nov-2024 13:40:02 Asia/Jakarta] PHP Deprecated:  Using ${var} in strings is deprecated, use {$var} instead in /home/andalan6/apps.generasipenerus.com/laravel/vendor/dompdf/dompdf/src/Css/Style.php on line 2837
[15-Nov-2024 13:43:30 Asia/Jakarta] PHP Deprecated:  Using ${var} in strings is deprecated, use {$var} instead in /home/andalan6/apps.generasipenerus.com/laravel/vendor/dompdf/dompdf/src/Css/Style.php on line 2832
[15-Nov-2024 13:43:30 Asia/Jakarta] PHP Deprecated:  Using ${var} in strings is deprecated, use {$var} instead in /home/andalan6/apps.generasipenerus.com/laravel/vendor/dompdf/dompdf/src/Css/Style.php on line 2834
[15-Nov-2024 13:43:30 Asia/Jakarta] PHP Deprecated:  Using ${var} in strings is deprecated, use {$var} instead in /home/andalan6/apps.generasipenerus.com/laravel/vendor/dompdf/dompdf/src/Css/Style.php on line 2837
[15-Nov-2024 14:09:55 Asia/Jakarta] PHP Deprecated:  Using ${var} in strings is deprecated, use {$var} instead in /home/andalan6/apps.generasipenerus.com/laravel/vendor/dompdf/dompdf/src/Css/Style.php on line 2832
[15-Nov-2024 14:09:55 Asia/Jakarta] PHP Deprecated:  Using ${var} in strings is deprecated, use {$var} instead in /home/andalan6/apps.generasipenerus.com/laravel/vendor/dompdf/dompdf/src/Css/Style.php on line 2834
[15-Nov-2024 14:09:55 Asia/Jakarta] PHP Deprecated:  Using ${var} in strings is deprecated, use {$var} instead in /home/andalan6/apps.generasipenerus.com/laravel/vendor/dompdf/dompdf/src/Css/Style.php on line 2837
[15-Nov-2024 14:10:31 Asia/Jakarta] PHP Deprecated:  Using ${var} in strings is deprecated, use {$var} instead in /home/andalan6/apps.generasipenerus.com/laravel/vendor/dompdf/dompdf/src/Css/Style.php on line 2832
[15-Nov-2024 14:10:31 Asia/Jakarta] PHP Deprecated:  Using ${var} in strings is deprecated, use {$var} instead in /home/andalan6/apps.generasipenerus.com/laravel/vendor/dompdf/dompdf/src/Css/Style.php on line 2834
[15-Nov-2024 14:10:31 Asia/Jakarta] PHP Deprecated:  Using ${var} in strings is deprecated, use {$var} instead in /home/andalan6/apps.generasipenerus.com/laravel/vendor/dompdf/dompdf/src/Css/Style.php on line 2837
[15-Nov-2024 14:34:21 Asia/Jakarta] PHP Deprecated:  Using ${var} in strings is deprecated, use {$var} instead in /home/andalan6/apps.generasipenerus.com/laravel/vendor/dompdf/dompdf/src/Css/Style.php on line 2832
[15-Nov-2024 14:34:21 Asia/Jakarta] PHP Deprecated:  Using ${var} in strings is deprecated, use {$var} instead in /home/andalan6/apps.generasipenerus.com/laravel/vendor/dompdf/dompdf/src/Css/Style.php on line 2834
[15-Nov-2024 14:34:21 Asia/Jakarta] PHP Deprecated:  Using ${var} in strings is deprecated, use {$var} instead in /home/andalan6/apps.generasipenerus.com/laravel/vendor/dompdf/dompdf/src/Css/Style.php on line 2837
[15-Nov-2024 14:39:17 Asia/Jakarta] PHP Deprecated:  Using ${var} in strings is deprecated, use {$var} instead in /home/andalan6/apps.generasipenerus.com/laravel/vendor/dompdf/dompdf/src/Css/Style.php on line 2832
[15-Nov-2024 14:39:17 Asia/Jakarta] PHP Deprecated:  Using ${var} in strings is deprecated, use {$var} instead in /home/andalan6/apps.generasipenerus.com/laravel/vendor/dompdf/dompdf/src/Css/Style.php on line 2834
[15-Nov-2024 14:39:17 Asia/Jakarta] PHP Deprecated:  Using ${var} in strings is deprecated, use {$var} instead in /home/andalan6/apps.generasipenerus.com/laravel/vendor/dompdf/dompdf/src/Css/Style.php on line 2837
[15-Nov-2024 14:40:02 Asia/Jakarta] PHP Deprecated:  Using ${var} in strings is deprecated, use {$var} instead in /home/andalan6/apps.generasipenerus.com/laravel/vendor/dompdf/dompdf/src/Css/Style.php on line 2832
[15-Nov-2024 14:40:02 Asia/Jakarta] PHP Deprecated:  Using ${var} in strings is deprecated, use {$var} instead in /home/andalan6/apps.generasipenerus.com/laravel/vendor/dompdf/dompdf/src/Css/Style.php on line 2834
[15-Nov-2024 14:40:02 Asia/Jakarta] PHP Deprecated:  Using ${var} in strings is deprecated, use {$var} instead in /home/andalan6/apps.generasipenerus.com/laravel/vendor/dompdf/dompdf/src/Css/Style.php on line 2837
[15-Nov-2024 14:41:28 Asia/Jakarta] PHP Deprecated:  Using ${var} in strings is deprecated, use {$var} instead in /home/andalan6/apps.generasipenerus.com/laravel/vendor/dompdf/dompdf/src/Css/Style.php on line 2832
[15-Nov-2024 14:41:28 Asia/Jakarta] PHP Deprecated:  Using ${var} in strings is deprecated, use {$var} instead in /home/andalan6/apps.generasipenerus.com/laravel/vendor/dompdf/dompdf/src/Css/Style.php on line 2834
[15-Nov-2024 14:41:28 Asia/Jakarta] PHP Deprecated:  Using ${var} in strings is deprecated, use {$var} instead in /home/andalan6/apps.generasipenerus.com/laravel/vendor/dompdf/dompdf/src/Css/Style.php on line 2837
[15-Nov-2024 14:45:36 Asia/Jakarta] PHP Deprecated:  Using ${var} in strings is deprecated, use {$var} instead in /home/andalan6/apps.generasipenerus.com/laravel/vendor/dompdf/dompdf/src/Css/Style.php on line 2832
[15-Nov-2024 14:45:36 Asia/Jakarta] PHP Deprecated:  Using ${var} in strings is deprecated, use {$var} instead in /home/andalan6/apps.generasipenerus.com/laravel/vendor/dompdf/dompdf/src/Css/Style.php on line 2834
[15-Nov-2024 14:45:36 Asia/Jakarta] PHP Deprecated:  Using ${var} in strings is deprecated, use {$var} instead in /home/andalan6/apps.generasipenerus.com/laravel/vendor/dompdf/dompdf/src/Css/Style.php on line 2837
[15-Nov-2024 14:46:33 Asia/Jakarta] PHP Deprecated:  Using ${var} in strings is deprecated, use {$var} instead in /home/andalan6/apps.generasipenerus.com/laravel/vendor/dompdf/dompdf/src/Css/Style.php on line 2832
[15-Nov-2024 14:46:33 Asia/Jakarta] PHP Deprecated:  Using ${var} in strings is deprecated, use {$var} instead in /home/andalan6/apps.generasipenerus.com/laravel/vendor/dompdf/dompdf/src/Css/Style.php on line 2834
[15-Nov-2024 14:46:33 Asia/Jakarta] PHP Deprecated:  Using ${var} in strings is deprecated, use {$var} instead in /home/andalan6/apps.generasipenerus.com/laravel/vendor/dompdf/dompdf/src/Css/Style.php on line 2837
[15-Nov-2024 14:47:55 Asia/Jakarta] PHP Deprecated:  Using ${var} in strings is deprecated, use {$var} instead in /home/andalan6/apps.generasipenerus.com/laravel/vendor/dompdf/dompdf/src/Css/Style.php on line 2832
[15-Nov-2024 14:47:55 Asia/Jakarta] PHP Deprecated:  Using ${var} in strings is deprecated, use {$var} instead in /home/andalan6/apps.generasipenerus.com/laravel/vendor/dompdf/dompdf/src/Css/Style.php on line 2834
[15-Nov-2024 14:47:55 Asia/Jakarta] PHP Deprecated:  Using ${var} in strings is deprecated, use {$var} instead in /home/andalan6/apps.generasipenerus.com/laravel/vendor/dompdf/dompdf/src/Css/Style.php on line 2837
[15-Nov-2024 15:16:10 Asia/Jakarta] PHP Deprecated:  Using ${var} in strings is deprecated, use {$var} instead in /home/andalan6/apps.generasipenerus.com/laravel/vendor/dompdf/dompdf/src/Css/Style.php on line 2832
[15-Nov-2024 15:16:10 Asia/Jakarta] PHP Deprecated:  Using ${var} in strings is deprecated, use {$var} instead in /home/andalan6/apps.generasipenerus.com/laravel/vendor/dompdf/dompdf/src/Css/Style.php on line 2834
[15-Nov-2024 15:16:10 Asia/Jakarta] PHP Deprecated:  Using ${var} in strings is deprecated, use {$var} instead in /home/andalan6/apps.generasipenerus.com/laravel/vendor/dompdf/dompdf/src/Css/Style.php on line 2837
[15-Nov-2024 15:21:51 Asia/Jakarta] PHP Deprecated:  Using ${var} in strings is deprecated, use {$var} instead in /home/andalan6/apps.generasipenerus.com/laravel/vendor/dompdf/dompdf/src/Css/Style.php on line 2832
[15-Nov-2024 15:21:51 Asia/Jakarta] PHP Deprecated:  Using ${var} in strings is deprecated, use {$var} instead in /home/andalan6/apps.generasipenerus.com/laravel/vendor/dompdf/dompdf/src/Css/Style.php on line 2834
[15-Nov-2024 15:21:51 Asia/Jakarta] PHP Deprecated:  Using ${var} in strings is deprecated, use {$var} instead in /home/andalan6/apps.generasipenerus.com/laravel/vendor/dompdf/dompdf/src/Css/Style.php on line 2837
[15-Nov-2024 15:26:55 Asia/Jakarta] PHP Deprecated:  Using ${var} in strings is deprecated, use {$var} instead in /home/andalan6/apps.generasipenerus.com/laravel/vendor/dompdf/dompdf/src/Css/Style.php on line 2832
[15-Nov-2024 15:26:55 Asia/Jakarta] PHP Deprecated:  Using ${var} in strings is deprecated, use {$var} instead in /home/andalan6/apps.generasipenerus.com/laravel/vendor/dompdf/dompdf/src/Css/Style.php on line 2834
[15-Nov-2024 15:26:55 Asia/Jakarta] PHP Deprecated:  Using ${var} in strings is deprecated, use {$var} instead in /home/andalan6/apps.generasipenerus.com/laravel/vendor/dompdf/dompdf/src/Css/Style.php on line 2837
[15-Nov-2024 15:27:46 Asia/Jakarta] PHP Deprecated:  Using ${var} in strings is deprecated, use {$var} instead in /home/andalan6/apps.generasipenerus.com/laravel/vendor/dompdf/dompdf/src/Css/Style.php on line 2832
[15-Nov-2024 15:27:46 Asia/Jakarta] PHP Deprecated:  Using ${var} in strings is deprecated, use {$var} instead in /home/andalan6/apps.generasipenerus.com/laravel/vendor/dompdf/dompdf/src/Css/Style.php on line 2834
[15-Nov-2024 15:27:46 Asia/Jakarta] PHP Deprecated:  Using ${var} in strings is deprecated, use {$var} instead in /home/andalan6/apps.generasipenerus.com/laravel/vendor/dompdf/dompdf/src/Css/Style.php on line 2837
[15-Nov-2024 15:29:40 Asia/Jakarta] PHP Deprecated:  Using ${var} in strings is deprecated, use {$var} instead in /home/andalan6/apps.generasipenerus.com/laravel/vendor/dompdf/dompdf/src/Css/Style.php on line 2832
[15-Nov-2024 15:29:40 Asia/Jakarta] PHP Deprecated:  Using ${var} in strings is deprecated, use {$var} instead in /home/andalan6/apps.generasipenerus.com/laravel/vendor/dompdf/dompdf/src/Css/Style.php on line 2834
[15-Nov-2024 15:29:40 Asia/Jakarta] PHP Deprecated:  Using ${var} in strings is deprecated, use {$var} instead in /home/andalan6/apps.generasipenerus.com/laravel/vendor/dompdf/dompdf/src/Css/Style.php on line 2837
[15-Nov-2024 15:30:34 Asia/Jakarta] PHP Deprecated:  Using ${var} in strings is deprecated, use {$var} instead in /home/andalan6/apps.generasipenerus.com/laravel/vendor/dompdf/dompdf/src/Css/Style.php on line 2832
[15-Nov-2024 15:30:34 Asia/Jakarta] PHP Deprecated:  Using ${var} in strings is deprecated, use {$var} instead in /home/andalan6/apps.generasipenerus.com/laravel/vendor/dompdf/dompdf/src/Css/Style.php on line 2834
[15-Nov-2024 15:30:34 Asia/Jakarta] PHP Deprecated:  Using ${var} in strings is deprecated, use {$var} instead in /home/andalan6/apps.generasipenerus.com/laravel/vendor/dompdf/dompdf/src/Css/Style.php on line 2837
[15-Nov-2024 15:32:14 Asia/Jakarta] PHP Deprecated:  Using ${var} in strings is deprecated, use {$var} instead in /home/andalan6/apps.generasipenerus.com/laravel/vendor/dompdf/dompdf/src/Css/Style.php on line 2832
[15-Nov-2024 15:32:14 Asia/Jakarta] PHP Deprecated:  Using ${var} in strings is deprecated, use {$var} instead in /home/andalan6/apps.generasipenerus.com/laravel/vendor/dompdf/dompdf/src/Css/Style.php on line 2834
[15-Nov-2024 15:32:14 Asia/Jakarta] PHP Deprecated:  Using ${var} in strings is deprecated, use {$var} instead in /home/andalan6/apps.generasipenerus.com/laravel/vendor/dompdf/dompdf/src/Css/Style.php on line 2837
[15-Nov-2024 15:33:15 Asia/Jakarta] PHP Deprecated:  Using ${var} in strings is deprecated, use {$var} instead in /home/andalan6/apps.generasipenerus.com/laravel/vendor/dompdf/dompdf/src/Css/Style.php on line 2832
[15-Nov-2024 15:33:15 Asia/Jakarta] PHP Deprecated:  Using ${var} in strings is deprecated, use {$var} instead in /home/andalan6/apps.generasipenerus.com/laravel/vendor/dompdf/dompdf/src/Css/Style.php on line 2834
[15-Nov-2024 15:33:15 Asia/Jakarta] PHP Deprecated:  Using ${var} in strings is deprecated, use {$var} instead in /home/andalan6/apps.generasipenerus.com/laravel/vendor/dompdf/dompdf/src/Css/Style.php on line 2837
[15-Nov-2024 15:34:16 Asia/Jakarta] PHP Deprecated:  Using ${var} in strings is deprecated, use {$var} instead in /home/andalan6/apps.generasipenerus.com/laravel/vendor/dompdf/dompdf/src/Css/Style.php on line 2832
[15-Nov-2024 15:34:16 Asia/Jakarta] PHP Deprecated:  Using ${var} in strings is deprecated, use {$var} instead in /home/andalan6/apps.generasipenerus.com/laravel/vendor/dompdf/dompdf/src/Css/Style.php on line 2834
[15-Nov-2024 15:34:16 Asia/Jakarta] PHP Deprecated:  Using ${var} in strings is deprecated, use {$var} instead in /home/andalan6/apps.generasipenerus.com/laravel/vendor/dompdf/dompdf/src/Css/Style.php on line 2837
[15-Nov-2024 15:36:58 Asia/Jakarta] PHP Deprecated:  Using ${var} in strings is deprecated, use {$var} instead in /home/andalan6/apps.generasipenerus.com/laravel/vendor/dompdf/dompdf/src/Css/Style.php on line 2832
[15-Nov-2024 15:36:58 Asia/Jakarta] PHP Deprecated:  Using ${var} in strings is deprecated, use {$var} instead in /home/andalan6/apps.generasipenerus.com/laravel/vendor/dompdf/dompdf/src/Css/Style.php on line 2834
[15-Nov-2024 15:36:58 Asia/Jakarta] PHP Deprecated:  Using ${var} in strings is deprecated, use {$var} instead in /home/andalan6/apps.generasipenerus.com/laravel/vendor/dompdf/dompdf/src/Css/Style.php on line 2837
[15-Nov-2024 15:38:10 Asia/Jakarta] PHP Deprecated:  Using ${var} in strings is deprecated, use {$var} instead in /home/andalan6/apps.generasipenerus.com/laravel/vendor/dompdf/dompdf/src/Css/Style.php on line 2832
[15-Nov-2024 15:38:10 Asia/Jakarta] PHP Deprecated:  Using ${var} in strings is deprecated, use {$var} instead in /home/andalan6/apps.generasipenerus.com/laravel/vendor/dompdf/dompdf/src/Css/Style.php on line 2834
[15-Nov-2024 15:38:10 Asia/Jakarta] PHP Deprecated:  Using ${var} in strings is deprecated, use {$var} instead in /home/andalan6/apps.generasipenerus.com/laravel/vendor/dompdf/dompdf/src/Css/Style.php on line 2837
[15-Nov-2024 15:42:50 Asia/Jakarta] PHP Deprecated:  Using ${var} in strings is deprecated, use {$var} instead in /home/andalan6/apps.generasipenerus.com/laravel/vendor/dompdf/dompdf/src/Css/Style.php on line 2832
[15-Nov-2024 15:42:50 Asia/Jakarta] PHP Deprecated:  Using ${var} in strings is deprecated, use {$var} instead in /home/andalan6/apps.generasipenerus.com/laravel/vendor/dompdf/dompdf/src/Css/Style.php on line 2834
[15-Nov-2024 15:42:50 Asia/Jakarta] PHP Deprecated:  Using ${var} in strings is deprecated, use {$var} instead in /home/andalan6/apps.generasipenerus.com/laravel/vendor/dompdf/dompdf/src/Css/Style.php on line 2837
[15-Nov-2024 15:44:45 Asia/Jakarta] PHP Deprecated:  Using ${var} in strings is deprecated, use {$var} instead in /home/andalan6/apps.generasipenerus.com/laravel/vendor/dompdf/dompdf/src/Css/Style.php on line 2832
[15-Nov-2024 15:44:45 Asia/Jakarta] PHP Deprecated:  Using ${var} in strings is deprecated, use {$var} instead in /home/andalan6/apps.generasipenerus.com/laravel/vendor/dompdf/dompdf/src/Css/Style.php on line 2834
[15-Nov-2024 15:44:45 Asia/Jakarta] PHP Deprecated:  Using ${var} in strings is deprecated, use {$var} instead in /home/andalan6/apps.generasipenerus.com/laravel/vendor/dompdf/dompdf/src/Css/Style.php on line 2837
[16-Nov-2024 08:14:47 Asia/Jakarta] PHP Deprecated:  Using ${var} in strings is deprecated, use {$var} instead in /home/andalan6/apps.generasipenerus.com/laravel/vendor/dompdf/dompdf/src/Css/Style.php on line 2832
[16-Nov-2024 08:14:47 Asia/Jakarta] PHP Deprecated:  Using ${var} in strings is deprecated, use {$var} instead in /home/andalan6/apps.generasipenerus.com/laravel/vendor/dompdf/dompdf/src/Css/Style.php on line 2834
[16-Nov-2024 08:14:47 Asia/Jakarta] PHP Deprecated:  Using ${var} in strings is deprecated, use {$var} instead in /home/andalan6/apps.generasipenerus.com/laravel/vendor/dompdf/dompdf/src/Css/Style.php on line 2837
[16-Nov-2024 08:19:31 Asia/Jakarta] PHP Deprecated:  Using ${var} in strings is deprecated, use {$var} instead in /home/andalan6/apps.generasipenerus.com/laravel/vendor/dompdf/dompdf/src/Css/Style.php on line 2832
[16-Nov-2024 08:19:31 Asia/Jakarta] PHP Deprecated:  Using ${var} in strings is deprecated, use {$var} instead in /home/andalan6/apps.generasipenerus.com/laravel/vendor/dompdf/dompdf/src/Css/Style.php on line 2834
[16-Nov-2024 08:19:31 Asia/Jakarta] PHP Deprecated:  Using ${var} in strings is deprecated, use {$var} instead in /home/andalan6/apps.generasipenerus.com/laravel/vendor/dompdf/dompdf/src/Css/Style.php on line 2837
[16-Nov-2024 08:27:21 Asia/Jakarta] PHP Deprecated:  Using ${var} in strings is deprecated, use {$var} instead in /home/andalan6/apps.generasipenerus.com/laravel/vendor/dompdf/dompdf/src/Css/Style.php on line 2832
[16-Nov-2024 08:27:21 Asia/Jakarta] PHP Deprecated:  Using ${var} in strings is deprecated, use {$var} instead in /home/andalan6/apps.generasipenerus.com/laravel/vendor/dompdf/dompdf/src/Css/Style.php on line 2834
[16-Nov-2024 08:27:21 Asia/Jakarta] PHP Deprecated:  Using ${var} in strings is deprecated, use {$var} instead in /home/andalan6/apps.generasipenerus.com/laravel/vendor/dompdf/dompdf/src/Css/Style.php on line 2837
[16-Nov-2024 08:31:13 Asia/Jakarta] PHP Deprecated:  Using ${var} in strings is deprecated, use {$var} instead in /home/andalan6/apps.generasipenerus.com/laravel/vendor/dompdf/dompdf/src/Css/Style.php on line 2832
[16-Nov-2024 08:31:13 Asia/Jakarta] PHP Deprecated:  Using ${var} in strings is deprecated, use {$var} instead in /home/andalan6/apps.generasipenerus.com/laravel/vendor/dompdf/dompdf/src/Css/Style.php on line 2834
[16-Nov-2024 08:31:13 Asia/Jakarta] PHP Deprecated:  Using ${var} in strings is deprecated, use {$var} instead in /home/andalan6/apps.generasipenerus.com/laravel/vendor/dompdf/dompdf/src/Css/Style.php on line 2837
[16-Nov-2024 08:33:59 Asia/Jakarta] PHP Deprecated:  Using ${var} in strings is deprecated, use {$var} instead in /home/andalan6/apps.generasipenerus.com/laravel/vendor/dompdf/dompdf/src/Css/Style.php on line 2832
[16-Nov-2024 08:33:59 Asia/Jakarta] PHP Deprecated:  Using ${var} in strings is deprecated, use {$var} instead in /home/andalan6/apps.generasipenerus.com/laravel/vendor/dompdf/dompdf/src/Css/Style.php on line 2834
[16-Nov-2024 08:33:59 Asia/Jakarta] PHP Deprecated:  Using ${var} in strings is deprecated, use {$var} instead in /home/andalan6/apps.generasipenerus.com/laravel/vendor/dompdf/dompdf/src/Css/Style.php on line 2837
[16-Nov-2024 08:35:05 Asia/Jakarta] PHP Deprecated:  Using ${var} in strings is deprecated, use {$var} instead in /home/andalan6/apps.generasipenerus.com/laravel/vendor/dompdf/dompdf/src/Css/Style.php on line 2832
[16-Nov-2024 08:35:05 Asia/Jakarta] PHP Deprecated:  Using ${var} in strings is deprecated, use {$var} instead in /home/andalan6/apps.generasipenerus.com/laravel/vendor/dompdf/dompdf/src/Css/Style.php on line 2834
[16-Nov-2024 08:35:05 Asia/Jakarta] PHP Deprecated:  Using ${var} in strings is deprecated, use {$var} instead in /home/andalan6/apps.generasipenerus.com/laravel/vendor/dompdf/dompdf/src/Css/Style.php on line 2837
[16-Nov-2024 08:37:39 Asia/Jakarta] PHP Deprecated:  Using ${var} in strings is deprecated, use {$var} instead in /home/andalan6/apps.generasipenerus.com/laravel/vendor/dompdf/dompdf/src/Css/Style.php on line 2832
[16-Nov-2024 08:37:39 Asia/Jakarta] PHP Deprecated:  Using ${var} in strings is deprecated, use {$var} instead in /home/andalan6/apps.generasipenerus.com/laravel/vendor/dompdf/dompdf/src/Css/Style.php on line 2834
[16-Nov-2024 08:37:39 Asia/Jakarta] PHP Deprecated:  Using ${var} in strings is deprecated, use {$var} instead in /home/andalan6/apps.generasipenerus.com/laravel/vendor/dompdf/dompdf/src/Css/Style.php on line 2837
[16-Nov-2024 08:38:19 Asia/Jakarta] PHP Deprecated:  Using ${var} in strings is deprecated, use {$var} instead in /home/andalan6/apps.generasipenerus.com/laravel/vendor/dompdf/dompdf/src/Css/Style.php on line 2832
[16-Nov-2024 08:38:19 Asia/Jakarta] PHP Deprecated:  Using ${var} in strings is deprecated, use {$var} instead in /home/andalan6/apps.generasipenerus.com/laravel/vendor/dompdf/dompdf/src/Css/Style.php on line 2834
[16-Nov-2024 08:38:19 Asia/Jakarta] PHP Deprecated:  Using ${var} in strings is deprecated, use {$var} instead in /home/andalan6/apps.generasipenerus.com/laravel/vendor/dompdf/dompdf/src/Css/Style.php on line 2837
[16-Nov-2024 08:40:16 Asia/Jakarta] PHP Deprecated:  Using ${var} in strings is deprecated, use {$var} instead in /home/andalan6/apps.generasipenerus.com/laravel/vendor/dompdf/dompdf/src/Css/Style.php on line 2832
[16-Nov-2024 08:40:16 Asia/Jakarta] PHP Deprecated:  Using ${var} in strings is deprecated, use {$var} instead in /home/andalan6/apps.generasipenerus.com/laravel/vendor/dompdf/dompdf/src/Css/Style.php on line 2834
[16-Nov-2024 08:40:16 Asia/Jakarta] PHP Deprecated:  Using ${var} in strings is deprecated, use {$var} instead in /home/andalan6/apps.generasipenerus.com/laravel/vendor/dompdf/dompdf/src/Css/Style.php on line 2837
[16-Nov-2024 08:43:08 Asia/Jakarta] PHP Deprecated:  Using ${var} in strings is deprecated, use {$var} instead in /home/andalan6/apps.generasipenerus.com/laravel/vendor/dompdf/dompdf/src/Css/Style.php on line 2832
[16-Nov-2024 08:43:08 Asia/Jakarta] PHP Deprecated:  Using ${var} in strings is deprecated, use {$var} instead in /home/andalan6/apps.generasipenerus.com/laravel/vendor/dompdf/dompdf/src/Css/Style.php on line 2834
[16-Nov-2024 08:43:08 Asia/Jakarta] PHP Deprecated:  Using ${var} in strings is deprecated, use {$var} instead in /home/andalan6/apps.generasipenerus.com/laravel/vendor/dompdf/dompdf/src/Css/Style.php on line 2837
[16-Nov-2024 08:44:13 Asia/Jakarta] PHP Deprecated:  Using ${var} in strings is deprecated, use {$var} instead in /home/andalan6/apps.generasipenerus.com/laravel/vendor/dompdf/dompdf/src/Css/Style.php on line 2832
[16-Nov-2024 08:44:13 Asia/Jakarta] PHP Deprecated:  Using ${var} in strings is deprecated, use {$var} instead in /home/andalan6/apps.generasipenerus.com/laravel/vendor/dompdf/dompdf/src/Css/Style.php on line 2834
[16-Nov-2024 08:44:13 Asia/Jakarta] PHP Deprecated:  Using ${var} in strings is deprecated, use {$var} instead in /home/andalan6/apps.generasipenerus.com/laravel/vendor/dompdf/dompdf/src/Css/Style.php on line 2837
[16-Nov-2024 08:44:59 Asia/Jakarta] PHP Deprecated:  Using ${var} in strings is deprecated, use {$var} instead in /home/andalan6/apps.generasipenerus.com/laravel/vendor/dompdf/dompdf/src/Css/Style.php on line 2832
[16-Nov-2024 08:44:59 Asia/Jakarta] PHP Deprecated:  Using ${var} in strings is deprecated, use {$var} instead in /home/andalan6/apps.generasipenerus.com/laravel/vendor/dompdf/dompdf/src/Css/Style.php on line 2834
[16-Nov-2024 08:44:59 Asia/Jakarta] PHP Deprecated:  Using ${var} in strings is deprecated, use {$var} instead in /home/andalan6/apps.generasipenerus.com/laravel/vendor/dompdf/dompdf/src/Css/Style.php on line 2837
[16-Nov-2024 08:45:35 Asia/Jakarta] PHP Deprecated:  Using ${var} in strings is deprecated, use {$var} instead in /home/andalan6/apps.generasipenerus.com/laravel/vendor/dompdf/dompdf/src/Css/Style.php on line 2832
[16-Nov-2024 08:45:35 Asia/Jakarta] PHP Deprecated:  Using ${var} in strings is deprecated, use {$var} instead in /home/andalan6/apps.generasipenerus.com/laravel/vendor/dompdf/dompdf/src/Css/Style.php on line 2834
[16-Nov-2024 08:45:35 Asia/Jakarta] PHP Deprecated:  Using ${var} in strings is deprecated, use {$var} instead in /home/andalan6/apps.generasipenerus.com/laravel/vendor/dompdf/dompdf/src/Css/Style.php on line 2837
[16-Nov-2024 08:46:15 Asia/Jakarta] PHP Deprecated:  Using ${var} in strings is deprecated, use {$var} instead in /home/andalan6/apps.generasipenerus.com/laravel/vendor/dompdf/dompdf/src/Css/Style.php on line 2832
[16-Nov-2024 08:46:15 Asia/Jakarta] PHP Deprecated:  Using ${var} in strings is deprecated, use {$var} instead in /home/andalan6/apps.generasipenerus.com/laravel/vendor/dompdf/dompdf/src/Css/Style.php on line 2834
[16-Nov-2024 08:46:15 Asia/Jakarta] PHP Deprecated:  Using ${var} in strings is deprecated, use {$var} instead in /home/andalan6/apps.generasipenerus.com/laravel/vendor/dompdf/dompdf/src/Css/Style.php on line 2837
[16-Nov-2024 08:47:53 Asia/Jakarta] PHP Deprecated:  Using ${var} in strings is deprecated, use {$var} instead in /home/andalan6/apps.generasipenerus.com/laravel/vendor/dompdf/dompdf/src/Css/Style.php on line 2832
[16-Nov-2024 08:47:53 Asia/Jakarta] PHP Deprecated:  Using ${var} in strings is deprecated, use {$var} instead in /home/andalan6/apps.generasipenerus.com/laravel/vendor/dompdf/dompdf/src/Css/Style.php on line 2834
[16-Nov-2024 08:47:53 Asia/Jakarta] PHP Deprecated:  Using ${var} in strings is deprecated, use {$var} instead in /home/andalan6/apps.generasipenerus.com/laravel/vendor/dompdf/dompdf/src/Css/Style.php on line 2837
[16-Nov-2024 08:49:22 Asia/Jakarta] PHP Deprecated:  Using ${var} in strings is deprecated, use {$var} instead in /home/andalan6/apps.generasipenerus.com/laravel/vendor/dompdf/dompdf/src/Css/Style.php on line 2832
[16-Nov-2024 08:49:22 Asia/Jakarta] PHP Deprecated:  Using ${var} in strings is deprecated, use {$var} instead in /home/andalan6/apps.generasipenerus.com/laravel/vendor/dompdf/dompdf/src/Css/Style.php on line 2834
[16-Nov-2024 08:49:22 Asia/Jakarta] PHP Deprecated:  Using ${var} in strings is deprecated, use {$var} instead in /home/andalan6/apps.generasipenerus.com/laravel/vendor/dompdf/dompdf/src/Css/Style.php on line 2837
[16-Nov-2024 08:52:58 Asia/Jakarta] PHP Deprecated:  Using ${var} in strings is deprecated, use {$var} instead in /home/andalan6/apps.generasipenerus.com/laravel/vendor/dompdf/dompdf/src/Css/Style.php on line 2832
[16-Nov-2024 08:52:58 Asia/Jakarta] PHP Deprecated:  Using ${var} in strings is deprecated, use {$var} instead in /home/andalan6/apps.generasipenerus.com/laravel/vendor/dompdf/dompdf/src/Css/Style.php on line 2834
[16-Nov-2024 08:52:58 Asia/Jakarta] PHP Deprecated:  Using ${var} in strings is deprecated, use {$var} instead in /home/andalan6/apps.generasipenerus.com/laravel/vendor/dompdf/dompdf/src/Css/Style.php on line 2837
[16-Nov-2024 08:54:41 Asia/Jakarta] PHP Deprecated:  Using ${var} in strings is deprecated, use {$var} instead in /home/andalan6/apps.generasipenerus.com/laravel/vendor/dompdf/dompdf/src/Css/Style.php on line 2832
[16-Nov-2024 08:54:41 Asia/Jakarta] PHP Deprecated:  Using ${var} in strings is deprecated, use {$var} instead in /home/andalan6/apps.generasipenerus.com/laravel/vendor/dompdf/dompdf/src/Css/Style.php on line 2834
[16-Nov-2024 08:54:41 Asia/Jakarta] PHP Deprecated:  Using ${var} in strings is deprecated, use {$var} instead in /home/andalan6/apps.generasipenerus.com/laravel/vendor/dompdf/dompdf/src/Css/Style.php on line 2837
[21-Nov-2024 11:34:08 Asia/Jakarta] PHP Deprecated:  Using ${var} in strings is deprecated, use {$var} instead in /home/andalan6/apps.generasipenerus.com/laravel/vendor/dompdf/dompdf/src/Css/Style.php on line 2832
[21-Nov-2024 11:34:08 Asia/Jakarta] PHP Deprecated:  Using ${var} in strings is deprecated, use {$var} instead in /home/andalan6/apps.generasipenerus.com/laravel/vendor/dompdf/dompdf/src/Css/Style.php on line 2834
[21-Nov-2024 11:34:08 Asia/Jakarta] PHP Deprecated:  Using ${var} in strings is deprecated, use {$var} instead in /home/andalan6/apps.generasipenerus.com/laravel/vendor/dompdf/dompdf/src/Css/Style.php on line 2837
[21-Nov-2024 11:34:52 Asia/Jakarta] PHP Deprecated:  Using ${var} in strings is deprecated, use {$var} instead in /home/andalan6/apps.generasipenerus.com/laravel/vendor/dompdf/dompdf/src/Css/Style.php on line 2832
[21-Nov-2024 11:34:52 Asia/Jakarta] PHP Deprecated:  Using ${var} in strings is deprecated, use {$var} instead in /home/andalan6/apps.generasipenerus.com/laravel/vendor/dompdf/dompdf/src/Css/Style.php on line 2834
[21-Nov-2024 11:34:52 Asia/Jakarta] PHP Deprecated:  Using ${var} in strings is deprecated, use {$var} instead in /home/andalan6/apps.generasipenerus.com/laravel/vendor/dompdf/dompdf/src/Css/Style.php on line 2837
[22-Nov-2024 10:20:21 Asia/Jakarta] PHP Fatal error:  Namespace declaration statement has to be the very first statement or after any declare call in the script in /home/andalan6/apps.generasipenerus.com/laravel/app/Http/Controllers/RunningTextController.php on line 3
[26-Nov-2024 10:17:45 UTC] PHP Fatal error:  Uncaught Error: Class "Illuminate\Foundation\Application" not found in /home/andalan6/apps.generasipenerus.com/laravel/bootstrap/app.php:14
Stack trace:
#0 /home/andalan6/apps.generasipenerus.com/index.php(47): require_once()
#1 {main}
  thrown in /home/andalan6/apps.generasipenerus.com/laravel/bootstrap/app.php on line 14
[26-Nov-2024 10:22:51 UTC] PHP Fatal error:  Uncaught Error: Interface "Symfony\Component\HttpKernel\HttpKernelInterface" not found in /home/andalan6/apps.generasipenerus.com/laravel/vendor/laravel/framework/src/Illuminate/Foundation/Application.php:29
Stack trace:
#0 /home/andalan6/apps.generasipenerus.com/laravel/vendor/composer/ClassLoader.php(576): include()
#1 /home/andalan6/apps.generasipenerus.com/laravel/vendor/composer/ClassLoader.php(427): Composer\Autoload\{closure}()
#2 /home/andalan6/apps.generasipenerus.com/laravel/bootstrap/app.php(14): Composer\Autoload\ClassLoader->loadClass()
#3 /home/andalan6/apps.generasipenerus.com/index.php(47): require_once('/home/andalan6/...')
#4 {main}
  thrown in /home/andalan6/apps.generasipenerus.com/laravel/vendor/laravel/framework/src/Illuminate/Foundation/Application.php on line 29
[15-Mar-2025 11:42:20 Asia/Jakarta] PHP Warning:  Undefined array key "script" in /home/dharmara/apps.belajarsoal.id/adminer.php on line 169
[15-Mar-2025 11:42:20 Asia/Jakarta] PHP Warning:  Undefined array key "HTTP_X_FORWARDED_PREFIX" in /home/dharmara/apps.belajarsoal.id/adminer.php on line 169
[15-Mar-2025 11:42:20 Asia/Jakarta] PHP Fatal error:  Uncaught Error: Call to undefined function get_magic_quotes_gpc() in /home/dharmara/apps.belajarsoal.id/adminer.php:20
Stack trace:
#0 /home/dharmara/apps.belajarsoal.id/adminer.php(169): remove_slashes()
#1 {main}
  thrown in /home/dharmara/apps.belajarsoal.id/adminer.php on line 20
[06-Aug-2025 07:35:29 Asia/Jakarta] PHP Fatal error:  Composer detected issues in your platform: Your Composer dependencies require a PHP version ">= 8.2.0". You are running 8.1.33. in /home/dharmara/apps.belajarsoal.id/laravel/vendor/composer/platform_check.php on line 28
[06-Aug-2025 07:35:31 Asia/Jakarta] PHP Fatal error:  Composer detected issues in your platform: Your Composer dependencies require a PHP version ">= 8.2.0". You are running 8.1.33. in /home/dharmara/apps.belajarsoal.id/laravel/vendor/composer/platform_check.php on line 28
[08-Aug-2025 17:38:18 Asia/Jakarta] PHP Warning:  require_once(/home/dharmara/apps.belajarsoal.id/wp-load.php): Failed to open stream: No such file or directory in /home/dharmara/apps.belajarsoal.id/wp-blog-header.php on line 13
[08-Aug-2025 17:38:18 Asia/Jakarta] PHP Fatal error:  Uncaught Error: Failed opening required '/home/dharmara/apps.belajarsoal.id/wp-load.php' (include_path='.:/opt/alt/php83/usr/share/pear:/opt/alt/php83/usr/share/php:/usr/share/pear:/usr/share/php') in /home/dharmara/apps.belajarsoal.id/wp-blog-header.php:13
Stack trace:
#0 {main}
  thrown in /home/dharmara/apps.belajarsoal.id/wp-blog-header.php on line 13
[18-Aug-2025 11:17:19 Asia/Jakarta] PHP Warning:  require_once(/home/dharmara/apps.belajarsoal.id/wp-load.php): Failed to open stream: No such file or directory in /home/dharmara/apps.belajarsoal.id/wp-blog-header.php on line 13
[18-Aug-2025 11:17:19 Asia/Jakarta] PHP Fatal error:  Uncaught Error: Failed opening required '/home/dharmara/apps.belajarsoal.id/wp-load.php' (include_path='.:/opt/alt/php83/usr/share/pear:/opt/alt/php83/usr/share/php:/usr/share/pear:/usr/share/php') in /home/dharmara/apps.belajarsoal.id/wp-blog-header.php:13
Stack trace:
#0 {main}
  thrown in /home/dharmara/apps.belajarsoal.id/wp-blog-header.php on line 13
[18-Aug-2025 18:31:09 Asia/Jakarta] PHP Warning:  require_once(/home/dharmara/apps.belajarsoal.id/wp-load.php): Failed to open stream: No such file or directory in /home/dharmara/apps.belajarsoal.id/wp-blog-header.php on line 13
[18-Aug-2025 18:31:09 Asia/Jakarta] PHP Fatal error:  Uncaught Error: Failed opening required '/home/dharmara/apps.belajarsoal.id/wp-load.php' (include_path='.:/opt/alt/php83/usr/share/pear:/opt/alt/php83/usr/share/php:/usr/share/pear:/usr/share/php') in /home/dharmara/apps.belajarsoal.id/wp-blog-header.php:13
Stack trace:
#0 {main}
  thrown in /home/dharmara/apps.belajarsoal.id/wp-blog-header.php on line 13
[18-Aug-2025 18:34:21 Asia/Jakarta] PHP Warning:  require_once(/home/dharmara/apps.belajarsoal.id/wp-load.php): Failed to open stream: No such file or directory in /home/dharmara/apps.belajarsoal.id/wp-blog-header.php on line 13
[18-Aug-2025 18:34:21 Asia/Jakarta] PHP Fatal error:  Uncaught Error: Failed opening required '/home/dharmara/apps.belajarsoal.id/wp-load.php' (include_path='.:/opt/alt/php83/usr/share/pear:/opt/alt/php83/usr/share/php:/usr/share/pear:/usr/share/php') in /home/dharmara/apps.belajarsoal.id/wp-blog-header.php:13
Stack trace:
#0 {main}
  thrown in /home/dharmara/apps.belajarsoal.id/wp-blog-header.php on line 13
[08-Dec-2025 14:44:28 Asia/Jakarta] PHP Fatal error:  Composer detected issues in your platform: Your Composer dependencies require a PHP version ">= 8.2.0". You are running 8.0.30. in /home/backupsa/apps.belajarsoal.id/laravel/vendor/composer/platform_check.php on line 28
[08-Dec-2025 14:44:57 Asia/Jakarta] PHP Fatal error:  Composer detected issues in your platform: Your Composer dependencies require a PHP version ">= 8.2.0". You are running 8.0.30. in /home/backupsa/apps.belajarsoal.id/laravel/vendor/composer/platform_check.php on line 28
[08-Dec-2025 14:45:33 Asia/Jakarta] PHP Fatal error:  Composer detected issues in your platform: Your Composer dependencies require a PHP version ">= 8.2.0". You are running 8.0.30. in /home/backupsa/apps.belajarsoal.id/laravel/vendor/composer/platform_check.php on line 28
[08-Dec-2025 14:46:07 Asia/Jakarta] PHP Fatal error:  Composer detected issues in your platform: Your Composer dependencies require a PHP version ">= 8.2.0". You are running 8.0.30. in /home/backupsa/apps.belajarsoal.id/laravel/vendor/composer/platform_check.php on line 28
[08-Dec-2025 14:50:40 Asia/Jakarta] PHP Fatal error:  Composer detected issues in your platform: Your Composer dependencies require a PHP version ">= 8.2.0". You are running 8.0.30. in /home/backupsa/apps.belajarsoal.id/laravel/vendor/composer/platform_check.php on line 28
[08-Dec-2025 14:55:11 Asia/Jakarta] PHP Fatal error:  Composer detected issues in your platform: Your Composer dependencies require a PHP version ">= 8.2.0". You are running 8.0.30. in /home/backupsa/apps.belajarsoal.id/laravel/vendor/composer/platform_check.php on line 28
[08-Dec-2025 14:55:55 Asia/Jakarta] PHP Fatal error:  Composer detected issues in your platform: Your Composer dependencies require a PHP version ">= 8.2.0". You are running 8.0.30. in /home/backupsa/apps.belajarsoal.id/laravel/vendor/composer/platform_check.php on line 28
[08-Dec-2025 14:58:46 Asia/Jakarta] PHP Fatal error:  Composer detected issues in your platform: Your Composer dependencies require a PHP version ">= 8.2.0". You are running 8.0.30. in /home/backupsa/apps.belajarsoal.id/laravel/vendor/composer/platform_check.php on line 28
[08-Dec-2025 15:01:04 Asia/Jakarta] PHP Fatal error:  Composer detected issues in your platform: Your Composer dependencies require a PHP version ">= 8.2.0". You are running 8.0.30. in /home/backupsa/apps.belajarsoal.id/laravel/vendor/composer/platform_check.php on line 28
[08-Dec-2025 15:02:23 Asia/Jakarta] PHP Fatal error:  Composer detected issues in your platform: Your Composer dependencies require a PHP version ">= 8.2.0". You are running 8.0.30. in /home/backupsa/apps.belajarsoal.id/laravel/vendor/composer/platform_check.php on line 28
[08-Dec-2025 15:06:16 Asia/Jakarta] PHP Fatal error:  Composer detected issues in your platform: Your Composer dependencies require a PHP version ">= 8.2.0". You are running 8.0.30. in /home/backupsa/apps.belajarsoal.id/laravel/vendor/composer/platform_check.php on line 28
[08-Dec-2025 15:07:24 Asia/Jakarta] PHP Fatal error:  Composer detected issues in your platform: Your Composer dependencies require a PHP version ">= 8.2.0". You are running 8.0.30. in /home/backupsa/apps.belajarsoal.id/laravel/vendor/composer/platform_check.php on line 28
[08-Dec-2025 15:08:22 Asia/Jakarta] PHP Fatal error:  Composer detected issues in your platform: Your Composer dependencies require a PHP version ">= 8.2.0". You are running 8.0.30. in /home/backupsa/apps.belajarsoal.id/laravel/vendor/composer/platform_check.php on line 28
[08-Dec-2025 15:08:23 Asia/Jakarta] PHP Fatal error:  Composer detected issues in your platform: Your Composer dependencies require a PHP version ">= 8.2.0". You are running 8.0.30. in /home/backupsa/apps.belajarsoal.id/laravel/vendor/composer/platform_check.php on line 28
[08-Dec-2025 15:11:40 Asia/Jakarta] PHP Fatal error:  Composer detected issues in your platform: Your Composer dependencies require a PHP version ">= 8.2.0". You are running 8.0.30. in /home/backupsa/apps.belajarsoal.id/laravel/vendor/composer/platform_check.php on line 28
[08-Dec-2025 15:16:44 Asia/Jakarta] PHP Fatal error:  Composer detected issues in your platform: Your Composer dependencies require a PHP version ">= 8.2.0". You are running 8.0.30. in /home/backupsa/apps.belajarsoal.id/laravel/vendor/composer/platform_check.php on line 28
[08-Dec-2025 15:21:20 Asia/Jakarta] PHP Fatal error:  Composer detected issues in your platform: Your Composer dependencies require a PHP version ">= 8.2.0". You are running 8.0.30. in /home/backupsa/apps.belajarsoal.id/laravel/vendor/composer/platform_check.php on line 28
[08-Dec-2025 15:21:49 Asia/Jakarta] PHP Fatal error:  Composer detected issues in your platform: Your Composer dependencies require a PHP version ">= 8.2.0". You are running 8.0.30. in /home/backupsa/apps.belajarsoal.id/laravel/vendor/composer/platform_check.php on line 28
[08-Dec-2025 15:23:13 Asia/Jakarta] PHP Fatal error:  Composer detected issues in your platform: Your Composer dependencies require a PHP version ">= 8.2.0". You are running 8.0.30. in /home/backupsa/apps.belajarsoal.id/laravel/vendor/composer/platform_check.php on line 28
[08-Dec-2025 15:26:54 Asia/Jakarta] PHP Fatal error:  Composer detected issues in your platform: Your Composer dependencies require a PHP version ">= 8.2.0". You are running 8.0.30. in /home/backupsa/apps.belajarsoal.id/laravel/vendor/composer/platform_check.php on line 28
[08-Dec-2025 15:32:00 Asia/Jakarta] PHP Fatal error:  Composer detected issues in your platform: Your Composer dependencies require a PHP version ">= 8.2.0". You are running 8.0.30. in /home/backupsa/apps.belajarsoal.id/laravel/vendor/composer/platform_check.php on line 28
[08-Dec-2025 15:37:05 Asia/Jakarta] PHP Fatal error:  Composer detected issues in your platform: Your Composer dependencies require a PHP version ">= 8.2.0". You are running 8.0.30. in /home/backupsa/apps.belajarsoal.id/laravel/vendor/composer/platform_check.php on line 28
[08-Dec-2025 15:42:10 Asia/Jakarta] PHP Fatal error:  Composer detected issues in your platform: Your Composer dependencies require a PHP version ">= 8.2.0". You are running 8.0.30. in /home/backupsa/apps.belajarsoal.id/laravel/vendor/composer/platform_check.php on line 28
[08-Dec-2025 15:47:17 Asia/Jakarta] PHP Fatal error:  Composer detected issues in your platform: Your Composer dependencies require a PHP version ">= 8.2.0". You are running 8.0.30. in /home/backupsa/apps.belajarsoal.id/laravel/vendor/composer/platform_check.php on line 28
[08-Dec-2025 15:52:24 Asia/Jakarta] PHP Fatal error:  Composer detected issues in your platform: Your Composer dependencies require a PHP version ">= 8.2.0". You are running 8.0.30. in /home/backupsa/apps.belajarsoal.id/laravel/vendor/composer/platform_check.php on line 28
[08-Dec-2025 15:57:30 Asia/Jakarta] PHP Fatal error:  Composer detected issues in your platform: Your Composer dependencies require a PHP version ">= 8.2.0". You are running 8.0.30. in /home/backupsa/apps.belajarsoal.id/laravel/vendor/composer/platform_check.php on line 28
[08-Dec-2025 15:59:50 Asia/Jakarta] PHP Fatal error:  Composer detected issues in your platform: Your Composer dependencies require a PHP version ">= 8.2.0". You are running 8.0.30. in /home/backupsa/apps.belajarsoal.id/laravel/vendor/composer/platform_check.php on line 28
[08-Dec-2025 15:59:54 Asia/Jakarta] PHP Fatal error:  Composer detected issues in your platform: Your Composer dependencies require a PHP version ">= 8.2.0". You are running 8.0.30. in /home/backupsa/apps.belajarsoal.id/laravel/vendor/composer/platform_check.php on line 28
[09-Dec-2025 11:34:53 Asia/Jakarta] PHP Fatal error:  Composer detected issues in your platform: Your Composer dependencies require a PHP version ">= 8.2.0". You are running 8.0.30. in /home/backupsa/apps.belajarsoal.id/laravel/vendor/composer/platform_check.php on line 28
[09-Dec-2025 11:34:53 Asia/Jakarta] PHP Fatal error:  Composer detected issues in your platform: Your Composer dependencies require a PHP version ">= 8.2.0". You are running 8.0.30. in /home/backupsa/apps.belajarsoal.id/laravel/vendor/composer/platform_check.php on line 28
[09-Dec-2025 11:35:03 Asia/Jakarta] PHP Fatal error:  Composer detected issues in your platform: Your Composer dependencies require a PHP version ">= 8.2.0". You are running 8.0.30. in /home/backupsa/apps.belajarsoal.id/laravel/vendor/composer/platform_check.php on line 28
[09-Dec-2025 11:35:29 Asia/Jakarta] PHP Fatal error:  Composer detected issues in your platform: Your Composer dependencies require a PHP version ">= 8.2.0". You are running 8.0.30. in /home/backupsa/apps.belajarsoal.id/laravel/vendor/composer/platform_check.php on line 28
[09-Dec-2025 11:35:55 Asia/Jakarta] PHP Fatal error:  Composer detected issues in your platform: Your Composer dependencies require a PHP version ">= 8.2.0". You are running 8.0.30. in /home/backupsa/apps.belajarsoal.id/laravel/vendor/composer/platform_check.php on line 28
[09-Dec-2025 11:39:10 Asia/Jakarta] PHP Fatal error:  Composer detected issues in your platform: Your Composer dependencies require a PHP version ">= 8.2.0". You are running 8.0.30. in /home/backupsa/apps.belajarsoal.id/laravel/vendor/composer/platform_check.php on line 28
[09-Dec-2025 11:41:01 Asia/Jakarta] PHP Fatal error:  Composer detected issues in your platform: Your Composer dependencies require a PHP version ">= 8.2.0". You are running 8.0.30. in /home/backupsa/apps.belajarsoal.id/laravel/vendor/composer/platform_check.php on line 28
[09-Dec-2025 11:46:07 Asia/Jakarta] PHP Fatal error:  Composer detected issues in your platform: Your Composer dependencies require a PHP version ">= 8.2.0". You are running 8.0.30. in /home/backupsa/apps.belajarsoal.id/laravel/vendor/composer/platform_check.php on line 28
[09-Dec-2025 11:47:12 Asia/Jakarta] PHP Fatal error:  Composer detected issues in your platform: Your Composer dependencies require a PHP version ">= 8.2.0". You are running 8.0.30. in /home/backupsa/apps.belajarsoal.id/laravel/vendor/composer/platform_check.php on line 28
[09-Dec-2025 11:51:13 Asia/Jakarta] PHP Fatal error:  Composer detected issues in your platform: Your Composer dependencies require a PHP version ">= 8.2.0". You are running 8.0.30. in /home/backupsa/apps.belajarsoal.id/laravel/vendor/composer/platform_check.php on line 28
[09-Dec-2025 11:56:17 Asia/Jakarta] PHP Fatal error:  Composer detected issues in your platform: Your Composer dependencies require a PHP version ">= 8.2.0". You are running 8.0.30. in /home/backupsa/apps.belajarsoal.id/laravel/vendor/composer/platform_check.php on line 28
[09-Dec-2025 12:01:24 Asia/Jakarta] PHP Fatal error:  Composer detected issues in your platform: Your Composer dependencies require a PHP version ">= 8.2.0". You are running 8.0.30. in /home/backupsa/apps.belajarsoal.id/laravel/vendor/composer/platform_check.php on line 28
[09-Dec-2025 12:06:30 Asia/Jakarta] PHP Fatal error:  Composer detected issues in your platform: Your Composer dependencies require a PHP version ">= 8.2.0". You are running 8.0.30. in /home/backupsa/apps.belajarsoal.id/laravel/vendor/composer/platform_check.php on line 28
[09-Dec-2025 12:11:35 Asia/Jakarta] PHP Fatal error:  Composer detected issues in your platform: Your Composer dependencies require a PHP version ">= 8.2.0". You are running 8.0.30. in /home/backupsa/apps.belajarsoal.id/laravel/vendor/composer/platform_check.php on line 28
[09-Dec-2025 12:16:41 Asia/Jakarta] PHP Fatal error:  Composer detected issues in your platform: Your Composer dependencies require a PHP version ">= 8.2.0". You are running 8.0.30. in /home/backupsa/apps.belajarsoal.id/laravel/vendor/composer/platform_check.php on line 28
[09-Dec-2025 12:21:48 Asia/Jakarta] PHP Fatal error:  Composer detected issues in your platform: Your Composer dependencies require a PHP version ">= 8.2.0". You are running 8.0.30. in /home/backupsa/apps.belajarsoal.id/laravel/vendor/composer/platform_check.php on line 28
[09-Dec-2025 12:26:53 Asia/Jakarta] PHP Fatal error:  Composer detected issues in your platform: Your Composer dependencies require a PHP version ">= 8.2.0". You are running 8.0.30. in /home/backupsa/apps.belajarsoal.id/laravel/vendor/composer/platform_check.php on line 28
[09-Dec-2025 12:31:59 Asia/Jakarta] PHP Fatal error:  Composer detected issues in your platform: Your Composer dependencies require a PHP version ">= 8.2.0". You are running 8.0.30. in /home/backupsa/apps.belajarsoal.id/laravel/vendor/composer/platform_check.php on line 28
[09-Dec-2025 12:35:25 Asia/Jakarta] PHP Fatal error:  Composer detected issues in your platform: Your Composer dependencies require a PHP version ">= 8.2.0". You are running 8.0.30. in /home/backupsa/apps.belajarsoal.id/laravel/vendor/composer/platform_check.php on line 28
[09-Dec-2025 12:37:05 Asia/Jakarta] PHP Fatal error:  Composer detected issues in your platform: Your Composer dependencies require a PHP version ">= 8.2.0". You are running 8.0.30. in /home/backupsa/apps.belajarsoal.id/laravel/vendor/composer/platform_check.php on line 28
[09-Dec-2025 12:42:09 Asia/Jakarta] PHP Fatal error:  Composer detected issues in your platform: Your Composer dependencies require a PHP version ">= 8.2.0". You are running 8.0.30. in /home/backupsa/apps.belajarsoal.id/laravel/vendor/composer/platform_check.php on line 28
[09-Dec-2025 12:47:16 Asia/Jakarta] PHP Fatal error:  Composer detected issues in your platform: Your Composer dependencies require a PHP version ">= 8.2.0". You are running 8.0.30. in /home/backupsa/apps.belajarsoal.id/laravel/vendor/composer/platform_check.php on line 28
